[21.027s] DEBUG:colcon:Command line arguments: ['/usr/bin/colcon', 'build']
[21.027s] DEBUG:colcon:Parsed command line arguments: Namespace(log_base=None, log_level=None, verb_name='build', build_base='build', install_base='install', merge_install=False, symlink_install=False, test_result_base=None, continue_on_error=False, executor='parallel', parallel_workers=4, event_handlers=None, ignore_user_meta=False, metas=['./colcon.meta'], base_paths=['.'], packages_ignore=None, packages_ignore_regex=None, paths=None, packages_up_to=None, packages_up_to_regex=None, packages_above=None, packages_above_and_dependencies=None, packages_above_depth=None, packages_select_by_dep=None, packages_skip_by_dep=None, packages_skip_up_to=None, packages_select_build_failed=False, packages_skip_build_finished=False, packages_select_test_failures=False, packages_skip_test_passed=False, packages_select=None, packages_skip=None, packages_select_regex=None, packages_skip_regex=None, packages_start=None, packages_end=None, allow_overriding=[], cmake_args=None, cmake_target=None, cmake_target_skip_unavailable=False, cmake_clean_cache=False, cmake_clean_first=False, cmake_force_configure=False, ament_cmake_args=None, catkin_cmake_args=None, catkin_skip_building_tests=False, verb_parser=<colcon_defaults.argument_parser.defaults.DefaultArgumentsDecorator object at 0x7f0381fae830>, verb_extension=<colcon_core.verb.build.BuildVerb object at 0x7f0381fafca0>, main=<bound method BuildVerb.main of <colcon_core.verb.build.BuildVerb object at 0x7f0381fafca0>>)
[21.189s] Level 1:colcon.colcon_core.package_discovery:discover_packages(colcon_meta) check parameters
[21.190s] Level 1:colcon.colcon_core.package_discovery:discover_packages(recursive) check parameters
[21.190s] Level 1:colcon.colcon_core.package_discovery:discover_packages(ignore) check parameters
[21.190s] Level 1:colcon.colcon_core.package_discovery:discover_packages(path) check parameters
[21.190s] Level 1:colcon.colcon_core.package_discovery:discover_packages(colcon_meta) discover
[21.190s] Level 1:colcon.colcon_core.package_discovery:discover_packages(recursive) discover
[21.190s] INFO:colcon.colcon_core.package_discovery:Crawling recursively for packages in '/home/antonio/antonio_ws/Antonio/antonio_description'
[21.190s] Level 1:colcon.colcon_core.package_identification:_identify(.) by extensions ['ignore', 'ignore_ament_install']
[21.191s] Level 1:colcon.colcon_core.package_identification:_identify(.) by extension 'ignore'
[21.191s] Level 1:colcon.colcon_core.package_identification:_identify(.) by extension 'ignore_ament_install'
[21.191s] Level 1:colcon.colcon_core.package_identification:_identify(.) by extensions ['colcon_pkg']
[21.191s] Level 1:colcon.colcon_core.package_identification:_identify(.) by extension 'colcon_pkg'
[21.191s] Level 1:colcon.colcon_core.package_identification:_identify(.) by extensions ['colcon_meta']
[21.191s] Level 1:colcon.colcon_core.package_identification:_identify(.) by extension 'colcon_meta'
[21.191s] Level 1:colcon.colcon_core.package_identification:_identify(.) by extensions ['ros']
[21.191s] Level 1:colcon.colcon_core.package_identification:_identify(.) by extension 'ros'
[21.630s] DEBUG:colcon.colcon_core.package_identification:Package '.' with type 'ros.ament_cmake' and name 'antonio_description'
[21.630s] Level 1:colcon.colcon_core.package_discovery:discover_packages(recursive) using defaults
[21.630s] Level 1:colcon.colcon_core.package_discovery:discover_packages(ignore) discover
[21.630s] Level 1:colcon.colcon_core.package_discovery:discover_packages(ignore) using defaults
[21.630s] Level 1:colcon.colcon_core.package_discovery:discover_packages(path) discover
[21.630s] Level 1:colcon.colcon_core.package_discovery:discover_packages(path) using defaults
[22.537s] Level 1:colcon.colcon_core.package_discovery:discover_packages(prefix_path) check parameters
[22.537s] Level 1:colcon.colcon_core.package_discovery:discover_packages(prefix_path) discover
[22.631s] DEBUG:colcon.colcon_installed_package_information.package_discovery:Found 1 installed packages in /home/antonio/antonio_ws/Antonio/antonio_description/install
[22.710s] DEBUG:colcon.colcon_installed_package_information.package_discovery:Found 358 installed packages in /opt/ros/humble
[22.714s] Level 1:colcon.colcon_core.package_discovery:discover_packages(prefix_path) using defaults
[29.586s] Level 5:colcon.colcon_core.verb:set package 'antonio_description' build argument 'cmake_args' from command line to 'None'
[29.586s] Level 5:colcon.colcon_core.verb:set package 'antonio_description' build argument 'cmake_target' from command line to 'None'
[29.586s] Level 5:colcon.colcon_core.verb:set package 'antonio_description' build argument 'cmake_target_skip_unavailable' from command line to 'False'
[29.586s] Level 5:colcon.colcon_core.verb:set package 'antonio_description' build argument 'cmake_clean_cache' from command line to 'False'
[29.586s] Level 5:colcon.colcon_core.verb:set package 'antonio_description' build argument 'cmake_clean_first' from command line to 'False'
[29.586s] Level 5:colcon.colcon_core.verb:set package 'antonio_description' build argument 'cmake_force_configure' from command line to 'False'
[29.586s] Level 5:colcon.colcon_core.verb:set package 'antonio_description' build argument 'ament_cmake_args' from command line to 'None'
[29.586s] Level 5:colcon.colcon_core.verb:set package 'antonio_description' build argument 'catkin_cmake_args' from command line to 'None'
[29.586s] Level 5:colcon.colcon_core.verb:set package 'antonio_description' build argument 'catkin_skip_building_tests' from command line to 'False'
[29.586s] DEBUG:colcon.colcon_core.verb:Building package 'antonio_description' with the following arguments: {'ament_cmake_args': None, 'build_base': '/home/antonio/antonio_ws/Antonio/antonio_description/build/antonio_description', 'catkin_cmake_args': None, 'catkin_skip_building_tests': False, 'cmake_args': None, 'cmake_clean_cache': False, 'cmake_clean_first': False, 'cmake_force_configure': False, 'cmake_target': None, 'cmake_target_skip_unavailable': False, 'install_base': '/home/antonio/antonio_ws/Antonio/antonio_description/install/antonio_description', 'merge_install': False, 'path': '/home/antonio/antonio_ws/Antonio/antonio_description', 'symlink_install': False, 'test_result_base': None}
[29.615s] INFO:colcon.colcon_core.executor:Executing jobs using 'parallel' executor
[29.646s] DEBUG:colcon.colcon_parallel_executor.executor.parallel:run_until_complete
[29.647s] INFO:colcon.colcon_ros.task.ament_cmake.build:Building ROS package in '/home/antonio/antonio_ws/Antonio/antonio_description' with build type 'ament_cmake'
[29.647s] INFO:colcon.colcon_cmake.task.cmake.build:Building CMake package in '/home/antonio/antonio_ws/Antonio/antonio_description'
[29.708s] INFO:colcon.colcon_core.plugin_system:Skipping extension 'colcon_core.shell.bat': Not used on non-Windows systems
[29.709s] INFO:colcon.colcon_core.shell:Skip shell extension 'powershell' for command environment: Not usable outside of PowerShell
[29.709s] DEBUG:colcon.colcon_core.shell:Skip shell extension 'dsv' for command environment
[29.865s] DEBUG:colcon.colcon_core.event_handler.log_command:Invoking command in '/home/antonio/antonio_ws/Antonio/antonio_description/build/antonio_description': CMAKE_PREFIX_PATH=${CMAKE_PREFIX_PATH}:/opt/ros/humble /usr/bin/cmake --build /home/antonio/antonio_ws/Antonio/antonio_description/build/antonio_description -- -j4 -l4
[31.939s] DEBUG:colcon.colcon_core.event_handler.log_command:Invoked command in '/home/antonio/antonio_ws/Antonio/antonio_description/build/antonio_description' returned '0': CMAKE_PREFIX_PATH=${CMAKE_PREFIX_PATH}:/opt/ros/humble /usr/bin/cmake --build /home/antonio/antonio_ws/Antonio/antonio_description/build/antonio_description -- -j4 -l4
[31.986s] DEBUG:colcon.colcon_core.event_handler.log_command:Invoking command in '/home/antonio/antonio_ws/Antonio/antonio_description/build/antonio_description': CMAKE_PREFIX_PATH=${CMAKE_PREFIX_PATH}:/opt/ros/humble /usr/bin/cmake --install /home/antonio/antonio_ws/Antonio/antonio_description/build/antonio_description
[32.799s] Level 1:colcon.colcon_core.environment:create_environment_scripts_only(antonio_description)
[32.800s] DEBUG:colcon.colcon_core.event_handler.log_command:Invoked command in '/home/antonio/antonio_ws/Antonio/antonio_description/build/antonio_description' returned '0': CMAKE_PREFIX_PATH=${CMAKE_PREFIX_PATH}:/opt/ros/humble /usr/bin/cmake --install /home/antonio/antonio_ws/Antonio/antonio_description/build/antonio_description
[32.958s] Level 1:colcon.colcon_core.environment:checking '/home/antonio/antonio_ws/Antonio/antonio_description/install/antonio_description' for CMake module files
[32.960s] Level 1:colcon.colcon_core.environment:checking '/home/antonio/antonio_ws/Antonio/antonio_description/install/antonio_description' for CMake config files
[32.960s] Level 1:colcon.colcon_core.shell:create_environment_hook('antonio_description', 'cmake_prefix_path')
[33.007s] INFO:colcon.colcon_core.shell:Creating environment hook '/home/antonio/antonio_ws/Antonio/antonio_description/install/antonio_description/share/antonio_description/hook/cmake_prefix_path.ps1'
[33.008s] INFO:colcon.colcon_core.shell:Creating environment descriptor '/home/antonio/antonio_ws/Antonio/antonio_description/install/antonio_description/share/antonio_description/hook/cmake_prefix_path.dsv'
[33.009s] INFO:colcon.colcon_core.shell:Creating environment hook '/home/antonio/antonio_ws/Antonio/antonio_description/install/antonio_description/share/antonio_description/hook/cmake_prefix_path.sh'
[33.011s] Level 1:colcon.colcon_core.environment:checking '/home/antonio/antonio_ws/Antonio/antonio_description/install/antonio_description/lib'
[33.011s] Level 1:colcon.colcon_core.environment:checking '/home/antonio/antonio_ws/Antonio/antonio_description/install/antonio_description/bin'
[33.011s] Level 1:colcon.colcon_core.environment:checking '/home/antonio/antonio_ws/Antonio/antonio_description/install/antonio_description/lib/pkgconfig/antonio_description.pc'
[33.012s] Level 1:colcon.colcon_core.environment:checking '/home/antonio/antonio_ws/Antonio/antonio_description/install/antonio_description/lib/python3.10/site-packages'
[33.012s] Level 1:colcon.colcon_core.environment:checking '/home/antonio/antonio_ws/Antonio/antonio_description/install/antonio_description/bin'
[33.042s] INFO:colcon.colcon_core.shell:Creating package script '/home/antonio/antonio_ws/Antonio/antonio_description/install/antonio_description/share/antonio_description/package.ps1'
[33.043s] INFO:colcon.colcon_core.shell:Creating package descriptor '/home/antonio/antonio_ws/Antonio/antonio_description/install/antonio_description/share/antonio_description/package.dsv'
[33.044s] INFO:colcon.colcon_core.shell:Creating package script '/home/antonio/antonio_ws/Antonio/antonio_description/install/antonio_description/share/antonio_description/package.sh'
[33.045s] INFO:colcon.colcon_core.shell:Creating package script '/home/antonio/antonio_ws/Antonio/antonio_description/install/antonio_description/share/antonio_description/package.bash'
[33.078s] INFO:colcon.colcon_core.shell:Creating package script '/home/antonio/antonio_ws/Antonio/antonio_description/install/antonio_description/share/antonio_description/package.zsh'
[33.080s] Level 1:colcon.colcon_core.environment:create_file_with_runtime_dependencies(/home/antonio/antonio_ws/Antonio/antonio_description/install/antonio_description/share/colcon-core/packages/antonio_description)
[33.138s] Level 1:colcon.colcon_core.environment:create_environment_scripts_only(antonio_description)
[33.164s] Level 1:colcon.colcon_core.environment:checking '/home/antonio/antonio_ws/Antonio/antonio_description/install/antonio_description' for CMake module files
[33.165s] Level 1:colcon.colcon_core.environment:checking '/home/antonio/antonio_ws/Antonio/antonio_description/install/antonio_description' for CMake config files
[33.165s] Level 1:colcon.colcon_core.shell:create_environment_hook('antonio_description', 'cmake_prefix_path')
[33.193s] INFO:colcon.colcon_core.shell:Creating environment hook '/home/antonio/antonio_ws/Antonio/antonio_description/install/antonio_description/share/antonio_description/hook/cmake_prefix_path.ps1'
[33.194s] INFO:colcon.colcon_core.shell:Creating environment descriptor '/home/antonio/antonio_ws/Antonio/antonio_description/install/antonio_description/share/antonio_description/hook/cmake_prefix_path.dsv'
[33.194s] INFO:colcon.colcon_core.shell:Creating environment hook '/home/antonio/antonio_ws/Antonio/antonio_description/install/antonio_description/share/antonio_description/hook/cmake_prefix_path.sh'
[33.195s] Level 1:colcon.colcon_core.environment:checking '/home/antonio/antonio_ws/Antonio/antonio_description/install/antonio_description/lib'
[33.195s] Level 1:colcon.colcon_core.environment:checking '/home/antonio/antonio_ws/Antonio/antonio_description/install/antonio_description/bin'
[33.195s] Level 1:colcon.colcon_core.environment:checking '/home/antonio/antonio_ws/Antonio/antonio_description/install/antonio_description/lib/pkgconfig/antonio_description.pc'
[33.195s] Level 1:colcon.colcon_core.environment:checking '/home/antonio/antonio_ws/Antonio/antonio_description/install/antonio_description/lib/python3.10/site-packages'
[33.196s] Level 1:colcon.colcon_core.environment:checking '/home/antonio/antonio_ws/Antonio/antonio_description/install/antonio_description/bin'
[33.225s] INFO:colcon.colcon_core.shell:Creating package script '/home/antonio/antonio_ws/Antonio/antonio_description/install/antonio_description/share/antonio_description/package.ps1'
[33.226s] INFO:colcon.colcon_core.shell:Creating package descriptor '/home/antonio/antonio_ws/Antonio/antonio_description/install/antonio_description/share/antonio_description/package.dsv'
[33.227s] INFO:colcon.colcon_core.shell:Creating package script '/home/antonio/antonio_ws/Antonio/antonio_description/install/antonio_description/share/antonio_description/package.sh'
[33.228s] INFO:colcon.colcon_core.shell:Creating package script '/home/antonio/antonio_ws/Antonio/antonio_description/install/antonio_description/share/antonio_description/package.bash'
[33.228s] INFO:colcon.colcon_core.shell:Creating package script '/home/antonio/antonio_ws/Antonio/antonio_description/install/antonio_description/share/antonio_description/package.zsh'
[33.229s] Level 1:colcon.colcon_core.environment:create_file_with_runtime_dependencies(/home/antonio/antonio_ws/Antonio/antonio_description/install/antonio_description/share/colcon-core/packages/antonio_description)
[33.229s] DEBUG:colcon.colcon_parallel_executor.executor.parallel:closing loop
[33.230s] DEBUG:colcon.colcon_parallel_executor.executor.parallel:loop closed
[33.230s] DEBUG:colcon.colcon_parallel_executor.executor.parallel:run_until_complete finished with '0'
[33.230s] DEBUG:colcon.colcon_core.event_reactor:joining thread
[33.489s] INFO:colcon.colcon_core.plugin_system:Skipping extension 'colcon_notification.desktop_notification.terminal_notifier': Not used on non-Darwin systems
[33.489s] INFO:colcon.colcon_core.plugin_system:Skipping extension 'colcon_notification.desktop_notification.win32': Not used on non-Windows systems
[33.489s] INFO:colcon.colcon_notification.desktop_notification:Sending desktop notification using 'notify2'
[33.701s] DEBUG:colcon.colcon_core.event_reactor:joined thread
[33.728s] INFO:colcon.colcon_core.shell:Creating prefix script '/home/antonio/antonio_ws/Antonio/antonio_description/install/local_setup.ps1'
[33.730s] INFO:colcon.colcon_core.shell:Creating prefix util module '/home/antonio/antonio_ws/Antonio/antonio_description/install/_local_setup_util_ps1.py'
[33.732s] INFO:colcon.colcon_core.shell:Creating prefix chain script '/home/antonio/antonio_ws/Antonio/antonio_description/install/setup.ps1'
[33.760s] INFO:colcon.colcon_core.shell:Creating prefix script '/home/antonio/antonio_ws/Antonio/antonio_description/install/local_setup.sh'
[33.762s] INFO:colcon.colcon_core.shell:Creating prefix util module '/home/antonio/antonio_ws/Antonio/antonio_description/install/_local_setup_util_sh.py'
[33.763s] INFO:colcon.colcon_core.shell:Creating prefix chain script '/home/antonio/antonio_ws/Antonio/antonio_description/install/setup.sh'
[33.790s] INFO:colcon.colcon_core.shell:Creating prefix script '/home/antonio/antonio_ws/Antonio/antonio_description/install/local_setup.bash'
[33.791s] INFO:colcon.colcon_core.shell:Creating prefix chain script '/home/antonio/antonio_ws/Antonio/antonio_description/install/setup.bash'
[33.818s] INFO:colcon.colcon_core.shell:Creating prefix script '/home/antonio/antonio_ws/Antonio/antonio_description/install/local_setup.zsh'
[33.819s] INFO:colcon.colcon_core.shell:Creating prefix chain script '/home/antonio/antonio_ws/Antonio/antonio_description/install/setup.zsh'
