[1.761s] DEBUG:colcon:Command line arguments: ['/usr/bin/colcon', 'build']
[1.761s] DEBUG:colcon:Parsed command line arguments: Namespace(log_base=None, log_level=None, verb_name='build', build_base='build', install_base='install', merge_install=False, symlink_install=False, test_result_base=None, continue_on_error=False, executor='parallel', parallel_workers=4, event_handlers=None, ignore_user_meta=False, metas=['./colcon.meta'], base_paths=['.'], packages_ignore=None, packages_ignore_regex=None, paths=None, packages_up_to=None, packages_up_to_regex=None, packages_above=None, packages_above_and_dependencies=None, packages_above_depth=None, packages_select_by_dep=None, packages_skip_by_dep=None, packages_skip_up_to=None, packages_select_build_failed=False, packages_skip_build_finished=False, packages_select_test_failures=False, packages_skip_test_passed=False, packages_select=None, packages_skip=None, packages_select_regex=None, packages_skip_regex=None, packages_start=None, packages_end=None, allow_overriding=[], cmake_args=None, cmake_target=None, cmake_target_skip_unavailable=False, cmake_clean_cache=False, cmake_clean_first=False, cmake_force_configure=False, ament_cmake_args=None, catkin_cmake_args=None, catkin_skip_building_tests=False, verb_parser=<colcon_defaults.argument_parser.defaults.DefaultArgumentsDecorator object at 0x7fd752dce770>, verb_extension=<colcon_core.verb.build.BuildVerb object at 0x7fd752dcfa60>, main=<bound method BuildVerb.main of <colcon_core.verb.build.BuildVerb object at 0x7fd752dcfa60>>)
[1.837s] Level 1:colcon.colcon_core.package_discovery:discover_packages(colcon_meta) check parameters
[1.838s] Level 1:colcon.colcon_core.package_discovery:discover_packages(recursive) check parameters
[1.838s] Level 1:colcon.colcon_core.package_discovery:discover_packages(ignore) check parameters
[1.838s] Level 1:colcon.colcon_core.package_discovery:discover_packages(path) check parameters
[1.838s] Level 1:colcon.colcon_core.package_discovery:discover_packages(colcon_meta) discover
[1.838s] Level 1:colcon.colcon_core.package_discovery:discover_packages(recursive) discover
[1.838s] INFO:colcon.colcon_core.package_discovery:Crawling recursively for packages in '/home/antonio/antonio_ws/Antonio/antonio_description'
[1.838s] Level 1:colcon.colcon_core.package_identification:_identify(.) by extensions ['ignore', 'ignore_ament_install']
[1.838s] Level 1:colcon.colcon_core.package_identification:_identify(.) by extension 'ignore'
[1.838s] Level 1:colcon.colcon_core.package_identification:_identify(.) by extension 'ignore_ament_install'
[1.838s] Level 1:colcon.colcon_core.package_identification:_identify(.) by extensions ['colcon_pkg']
[1.839s] Level 1:colcon.colcon_core.package_identification:_identify(.) by extension 'colcon_pkg'
[1.839s] Level 1:colcon.colcon_core.package_identification:_identify(.) by extensions ['colcon_meta']
[1.839s] Level 1:colcon.colcon_core.package_identification:_identify(.) by extension 'colcon_meta'
[1.839s] Level 1:colcon.colcon_core.package_identification:_identify(.) by extensions ['ros']
[1.839s] Level 1:colcon.colcon_core.package_identification:_identify(.) by extension 'ros'
[1.870s] DEBUG:colcon.colcon_core.package_identification:Package '.' with type 'ros.ament_cmake' and name 'antonio_description'
[1.870s] Level 1:colcon.colcon_core.package_discovery:discover_packages(recursive) using defaults
[1.870s] Level 1:colcon.colcon_core.package_discovery:discover_packages(ignore) discover
[1.870s] Level 1:colcon.colcon_core.package_discovery:discover_packages(ignore) using defaults
[1.870s] Level 1:colcon.colcon_core.package_discovery:discover_packages(path) discover
[1.870s] Level 1:colcon.colcon_core.package_discovery:discover_packages(path) using defaults
[2.087s] Level 1:colcon.colcon_core.package_discovery:discover_packages(prefix_path) check parameters
[2.088s] Level 1:colcon.colcon_core.package_discovery:discover_packages(prefix_path) discover
[2.166s] DEBUG:colcon.colcon_installed_package_information.package_discovery:Found 1 installed packages in /home/antonio/antonio_ws/Antonio/antonio_description/install
[2.197s] DEBUG:colcon.colcon_installed_package_information.package_discovery:Found 358 installed packages in /opt/ros/humble
[2.200s] Level 1:colcon.colcon_core.package_discovery:discover_packages(prefix_path) using defaults
[2.408s] Level 5:colcon.colcon_core.verb:set package 'antonio_description' build argument 'cmake_args' from command line to 'None'
[2.409s] Level 5:colcon.colcon_core.verb:set package 'antonio_description' build argument 'cmake_target' from command line to 'None'
[2.409s] Level 5:colcon.colcon_core.verb:set package 'antonio_description' build argument 'cmake_target_skip_unavailable' from command line to 'False'
[2.409s] Level 5:colcon.colcon_core.verb:set package 'antonio_description' build argument 'cmake_clean_cache' from command line to 'False'
[2.409s] Level 5:colcon.colcon_core.verb:set package 'antonio_description' build argument 'cmake_clean_first' from command line to 'False'
[2.409s] Level 5:colcon.colcon_core.verb:set package 'antonio_description' build argument 'cmake_force_configure' from command line to 'False'
[2.409s] Level 5:colcon.colcon_core.verb:set package 'antonio_description' build argument 'ament_cmake_args' from command line to 'None'
[2.409s] Level 5:colcon.colcon_core.verb:set package 'antonio_description' build argument 'catkin_cmake_args' from command line to 'None'
[2.409s] Level 5:colcon.colcon_core.verb:set package 'antonio_description' build argument 'catkin_skip_building_tests' from command line to 'False'
[2.409s] DEBUG:colcon.colcon_core.verb:Building package 'antonio_description' with the following arguments: {'ament_cmake_args': None, 'build_base': '/home/antonio/antonio_ws/Antonio/antonio_description/build/antonio_description', 'catkin_cmake_args': None, 'catkin_skip_building_tests': False, 'cmake_args': None, 'cmake_clean_cache': False, 'cmake_clean_first': False, 'cmake_force_configure': False, 'cmake_target': None, 'cmake_target_skip_unavailable': False, 'install_base': '/home/antonio/antonio_ws/Antonio/antonio_description/install/antonio_description', 'merge_install': False, 'path': '/home/antonio/antonio_ws/Antonio/antonio_description', 'symlink_install': False, 'test_result_base': None}
[2.437s] INFO:colcon.colcon_core.executor:Executing jobs using 'parallel' executor
[2.470s] DEBUG:colcon.colcon_parallel_executor.executor.parallel:run_until_complete
[2.470s] INFO:colcon.colcon_ros.task.ament_cmake.build:Building ROS package in '/home/antonio/antonio_ws/Antonio/antonio_description' with build type 'ament_cmake'
[2.470s] INFO:colcon.colcon_cmake.task.cmake.build:Building CMake package in '/home/antonio/antonio_ws/Antonio/antonio_description'
[2.502s] INFO:colcon.colcon_core.plugin_system:Skipping extension 'colcon_core.shell.bat': Not used on non-Windows systems
[2.502s] INFO:colcon.colcon_core.shell:Skip shell extension 'powershell' for command environment: Not usable outside of PowerShell
[2.502s] DEBUG:colcon.colcon_core.shell:Skip shell extension 'dsv' for command environment
[2.616s] DEBUG:colcon.colcon_core.event_handler.log_command:Invoking command in '/home/antonio/antonio_ws/Antonio/antonio_description/build/antonio_description': CMAKE_PREFIX_PATH=${CMAKE_PREFIX_PATH}:/opt/ros/humble /usr/bin/cmake --build /home/antonio/antonio_ws/Antonio/antonio_description/build/antonio_description -- -j4 -l4
[41.738s] DEBUG:colcon.colcon_core.event_handler.log_command:Invoked command in '/home/antonio/antonio_ws/Antonio/antonio_description/build/antonio_description' returned '0': CMAKE_PREFIX_PATH=${CMAKE_PREFIX_PATH}:/opt/ros/humble /usr/bin/cmake --build /home/antonio/antonio_ws/Antonio/antonio_description/build/antonio_description -- -j4 -l4
[41.783s] DEBUG:colcon.colcon_core.event_handler.log_command:Invoking command in '/home/antonio/antonio_ws/Antonio/antonio_description/build/antonio_description': CMAKE_PREFIX_PATH=${CMAKE_PREFIX_PATH}:/opt/ros/humble /usr/bin/cmake --install /home/antonio/antonio_ws/Antonio/antonio_description/build/antonio_description
[41.916s] Level 1:colcon.colcon_core.environment:create_environment_scripts_only(antonio_description)
[41.917s] DEBUG:colcon.colcon_core.event_handler.log_command:Invoked command in '/home/antonio/antonio_ws/Antonio/antonio_description/build/antonio_description' returned '0': CMAKE_PREFIX_PATH=${CMAKE_PREFIX_PATH}:/opt/ros/humble /usr/bin/cmake --install /home/antonio/antonio_ws/Antonio/antonio_description/build/antonio_description
[42.490s] Level 1:colcon.colcon_core.environment:checking '/home/antonio/antonio_ws/Antonio/antonio_description/install/antonio_description' for CMake module files
[42.491s] Level 1:colcon.colcon_core.environment:checking '/home/antonio/antonio_ws/Antonio/antonio_description/install/antonio_description' for CMake config files
[42.492s] Level 1:colcon.colcon_core.shell:create_environment_hook('antonio_description', 'cmake_prefix_path')
[42.525s] INFO:colcon.colcon_core.shell:Creating environment hook '/home/antonio/antonio_ws/Antonio/antonio_description/install/antonio_description/share/antonio_description/hook/cmake_prefix_path.ps1'
[42.526s] INFO:colcon.colcon_core.shell:Creating environment descriptor '/home/antonio/antonio_ws/Antonio/antonio_description/install/antonio_description/share/antonio_description/hook/cmake_prefix_path.dsv'
[42.568s] INFO:colcon.colcon_core.shell:Creating environment hook '/home/antonio/antonio_ws/Antonio/antonio_description/install/antonio_description/share/antonio_description/hook/cmake_prefix_path.sh'
[42.601s] Level 1:colcon.colcon_core.environment:checking '/home/antonio/antonio_ws/Antonio/antonio_description/install/antonio_description/lib'
[42.601s] Level 1:colcon.colcon_core.environment:checking '/home/antonio/antonio_ws/Antonio/antonio_description/install/antonio_description/bin'
[42.601s] Level 1:colcon.colcon_core.environment:checking '/home/antonio/antonio_ws/Antonio/antonio_description/install/antonio_description/lib/pkgconfig/antonio_description.pc'
[42.602s] Level 1:colcon.colcon_core.environment:checking '/home/antonio/antonio_ws/Antonio/antonio_description/install/antonio_description/lib/python3.10/site-packages'
[42.603s] Level 1:colcon.colcon_core.environment:checking '/home/antonio/antonio_ws/Antonio/antonio_description/install/antonio_description/bin'
[42.632s] INFO:colcon.colcon_core.shell:Creating package script '/home/antonio/antonio_ws/Antonio/antonio_description/install/antonio_description/share/antonio_description/package.ps1'
[42.634s] INFO:colcon.colcon_core.shell:Creating package descriptor '/home/antonio/antonio_ws/Antonio/antonio_description/install/antonio_description/share/antonio_description/package.dsv'
[42.635s] INFO:colcon.colcon_core.shell:Creating package script '/home/antonio/antonio_ws/Antonio/antonio_description/install/antonio_description/share/antonio_description/package.sh'
[42.636s] INFO:colcon.colcon_core.shell:Creating package script '/home/antonio/antonio_ws/Antonio/antonio_description/install/antonio_description/share/antonio_description/package.bash'
[42.637s] INFO:colcon.colcon_core.shell:Creating package script '/home/antonio/antonio_ws/Antonio/antonio_description/install/antonio_description/share/antonio_description/package.zsh'
[42.720s] Level 1:colcon.colcon_core.environment:create_file_with_runtime_dependencies(/home/antonio/antonio_ws/Antonio/antonio_description/install/antonio_description/share/colcon-core/packages/antonio_description)
[42.781s] Level 1:colcon.colcon_core.environment:create_environment_scripts_only(antonio_description)
[42.807s] Level 1:colcon.colcon_core.environment:checking '/home/antonio/antonio_ws/Antonio/antonio_description/install/antonio_description' for CMake module files
[42.808s] Level 1:colcon.colcon_core.environment:checking '/home/antonio/antonio_ws/Antonio/antonio_description/install/antonio_description' for CMake config files
[42.808s] Level 1:colcon.colcon_core.shell:create_environment_hook('antonio_description', 'cmake_prefix_path')
[42.834s] INFO:colcon.colcon_core.shell:Creating environment hook '/home/antonio/antonio_ws/Antonio/antonio_description/install/antonio_description/share/antonio_description/hook/cmake_prefix_path.ps1'
[42.835s] INFO:colcon.colcon_core.shell:Creating environment descriptor '/home/antonio/antonio_ws/Antonio/antonio_description/install/antonio_description/share/antonio_description/hook/cmake_prefix_path.dsv'
[42.836s] INFO:colcon.colcon_core.shell:Creating environment hook '/home/antonio/antonio_ws/Antonio/antonio_description/install/antonio_description/share/antonio_description/hook/cmake_prefix_path.sh'
[42.861s] Level 1:colcon.colcon_core.environment:checking '/home/antonio/antonio_ws/Antonio/antonio_description/install/antonio_description/lib'
[42.861s] Level 1:colcon.colcon_core.environment:checking '/home/antonio/antonio_ws/Antonio/antonio_description/install/antonio_description/bin'
[42.861s] Level 1:colcon.colcon_core.environment:checking '/home/antonio/antonio_ws/Antonio/antonio_description/install/antonio_description/lib/pkgconfig/antonio_description.pc'
[42.862s] Level 1:colcon.colcon_core.environment:checking '/home/antonio/antonio_ws/Antonio/antonio_description/install/antonio_description/lib/python3.10/site-packages'
[42.862s] Level 1:colcon.colcon_core.environment:checking '/home/antonio/antonio_ws/Antonio/antonio_description/install/antonio_description/bin'
[42.897s] INFO:colcon.colcon_core.shell:Creating package script '/home/antonio/antonio_ws/Antonio/antonio_description/install/antonio_description/share/antonio_description/package.ps1'
[42.897s] INFO:colcon.colcon_core.shell:Creating package descriptor '/home/antonio/antonio_ws/Antonio/antonio_description/install/antonio_description/share/antonio_description/package.dsv'
[42.898s] INFO:colcon.colcon_core.shell:Creating package script '/home/antonio/antonio_ws/Antonio/antonio_description/install/antonio_description/share/antonio_description/package.sh'
[42.899s] INFO:colcon.colcon_core.shell:Creating package script '/home/antonio/antonio_ws/Antonio/antonio_description/install/antonio_description/share/antonio_description/package.bash'
[42.900s] INFO:colcon.colcon_core.shell:Creating package script '/home/antonio/antonio_ws/Antonio/antonio_description/install/antonio_description/share/antonio_description/package.zsh'
[42.900s] Level 1:colcon.colcon_core.environment:create_file_with_runtime_dependencies(/home/antonio/antonio_ws/Antonio/antonio_description/install/antonio_description/share/colcon-core/packages/antonio_description)
[42.901s] DEBUG:colcon.colcon_parallel_executor.executor.parallel:closing loop
[42.901s] DEBUG:colcon.colcon_parallel_executor.executor.parallel:loop closed
[42.902s] DEBUG:colcon.colcon_parallel_executor.executor.parallel:run_until_complete finished with '0'
[42.902s] DEBUG:colcon.colcon_core.event_reactor:joining thread
[43.255s] INFO:colcon.colcon_core.plugin_system:Skipping extension 'colcon_notification.desktop_notification.terminal_notifier': Not used on non-Darwin systems
[43.255s] INFO:colcon.colcon_core.plugin_system:Skipping extension 'colcon_notification.desktop_notification.win32': Not used on non-Windows systems
[43.255s] INFO:colcon.colcon_notification.desktop_notification:Sending desktop notification using 'notify2'
[44.912s] DEBUG:colcon.colcon_core.event_reactor:joined thread
[44.937s] INFO:colcon.colcon_core.shell:Creating prefix script '/home/antonio/antonio_ws/Antonio/antonio_description/install/local_setup.ps1'
[44.938s] INFO:colcon.colcon_core.shell:Creating prefix util module '/home/antonio/antonio_ws/Antonio/antonio_description/install/_local_setup_util_ps1.py'
[44.940s] INFO:colcon.colcon_core.shell:Creating prefix chain script '/home/antonio/antonio_ws/Antonio/antonio_description/install/setup.ps1'
[44.965s] INFO:colcon.colcon_core.shell:Creating prefix script '/home/antonio/antonio_ws/Antonio/antonio_description/install/local_setup.sh'
[44.966s] INFO:colcon.colcon_core.shell:Creating prefix util module '/home/antonio/antonio_ws/Antonio/antonio_description/install/_local_setup_util_sh.py'
[44.967s] INFO:colcon.colcon_core.shell:Creating prefix chain script '/home/antonio/antonio_ws/Antonio/antonio_description/install/setup.sh'
[44.998s] INFO:colcon.colcon_core.shell:Creating prefix script '/home/antonio/antonio_ws/Antonio/antonio_description/install/local_setup.bash'
[44.999s] INFO:colcon.colcon_core.shell:Creating prefix chain script '/home/antonio/antonio_ws/Antonio/antonio_description/install/setup.bash'
[45.025s] INFO:colcon.colcon_core.shell:Creating prefix script '/home/antonio/antonio_ws/Antonio/antonio_description/install/local_setup.zsh'
[45.025s] INFO:colcon.colcon_core.shell:Creating prefix chain script '/home/antonio/antonio_ws/Antonio/antonio_description/install/setup.zsh'
