[131.041s] DEBUG:colcon:Command line arguments: ['/usr/bin/colcon', 'build']
[131.041s] DEBUG:colcon:Parsed command line arguments: Namespace(log_base=None, log_level=None, verb_name='build', build_base='build', install_base='install', merge_install=False, symlink_install=False, test_result_base=None, continue_on_error=False, executor='parallel', parallel_workers=4, event_handlers=None, ignore_user_meta=False, metas=['./colcon.meta'], base_paths=['.'], packages_ignore=None, packages_ignore_regex=None, paths=None, packages_up_to=None, packages_up_to_regex=None, packages_above=None, packages_above_and_dependencies=None, packages_above_depth=None, packages_select_by_dep=None, packages_skip_by_dep=None, packages_skip_up_to=None, packages_select_build_failed=False, packages_skip_build_finished=False, packages_select_test_failures=False, packages_skip_test_passed=False, packages_select=None, packages_skip=None, packages_select_regex=None, packages_skip_regex=None, packages_start=None, packages_end=None, allow_overriding=[], cmake_args=None, cmake_target=None, cmake_target_skip_unavailable=False, cmake_clean_cache=False, cmake_clean_first=False, cmake_force_configure=False, ament_cmake_args=None, catkin_cmake_args=None, catkin_skip_building_tests=False, verb_parser=<colcon_defaults.argument_parser.defaults.DefaultArgumentsDecorator object at 0x7f516a4ce7d0>, verb_extension=<colcon_core.verb.build.BuildVerb object at 0x7f516a4cfc40>, main=<bound method BuildVerb.main of <colcon_core.verb.build.BuildVerb object at 0x7f516a4cfc40>>)
[138.916s] Level 1:colcon.colcon_core.package_discovery:discover_packages(colcon_meta) check parameters
[138.917s] Level 1:colcon.colcon_core.package_discovery:discover_packages(recursive) check parameters
[138.917s] Level 1:colcon.colcon_core.package_discovery:discover_packages(ignore) check parameters
[138.918s] Level 1:colcon.colcon_core.package_discovery:discover_packages(path) check parameters
[138.918s] Level 1:colcon.colcon_core.package_discovery:discover_packages(colcon_meta) discover
[138.918s] Level 1:colcon.colcon_core.package_discovery:discover_packages(recursive) discover
[138.918s] INFO:colcon.colcon_core.package_discovery:Crawling recursively for packages in '/home/antonio/antonio_ws/Antonio/antonio_description'
[138.919s] Level 1:colcon.colcon_core.package_identification:_identify(.) by extensions ['ignore', 'ignore_ament_install']
[138.919s] Level 1:colcon.colcon_core.package_identification:_identify(.) by extension 'ignore'
[138.919s] Level 1:colcon.colcon_core.package_identification:_identify(.) by extension 'ignore_ament_install'
[138.920s] Level 1:colcon.colcon_core.package_identification:_identify(.) by extensions ['colcon_pkg']
[138.920s] Level 1:colcon.colcon_core.package_identification:_identify(.) by extension 'colcon_pkg'
[138.920s] Level 1:colcon.colcon_core.package_identification:_identify(.) by extensions ['colcon_meta']
[138.921s] Level 1:colcon.colcon_core.package_identification:_identify(.) by extension 'colcon_meta'
[138.921s] Level 1:colcon.colcon_core.package_identification:_identify(.) by extensions ['ros']
[138.921s] Level 1:colcon.colcon_core.package_identification:_identify(.) by extension 'ros'
[139.751s] DEBUG:colcon.colcon_core.package_identification:Package '.' with type 'ros.ament_cmake' and name 'antonio_description'
[139.751s] Level 1:colcon.colcon_core.package_discovery:discover_packages(recursive) using defaults
[139.751s] Level 1:colcon.colcon_core.package_discovery:discover_packages(ignore) discover
[139.751s] Level 1:colcon.colcon_core.package_discovery:discover_packages(ignore) using defaults
[139.751s] Level 1:colcon.colcon_core.package_discovery:discover_packages(path) discover
[139.751s] Level 1:colcon.colcon_core.package_discovery:discover_packages(path) using defaults
[142.984s] Level 1:colcon.colcon_core.package_discovery:discover_packages(prefix_path) check parameters
[142.984s] Level 1:colcon.colcon_core.package_discovery:discover_packages(prefix_path) discover
[143.974s] DEBUG:colcon.colcon_installed_package_information.package_discovery:Found 1 installed packages in /home/antonio/antonio_ws/Antonio/antonio_description/install
[144.023s] DEBUG:colcon.colcon_installed_package_information.package_discovery:Found 358 installed packages in /opt/ros/humble
[144.029s] Level 1:colcon.colcon_core.package_discovery:discover_packages(prefix_path) using defaults
[159.678s] Level 5:colcon.colcon_core.verb:set package 'antonio_description' build argument 'cmake_args' from command line to 'None'
[159.678s] Level 5:colcon.colcon_core.verb:set package 'antonio_description' build argument 'cmake_target' from command line to 'None'
[159.678s] Level 5:colcon.colcon_core.verb:set package 'antonio_description' build argument 'cmake_target_skip_unavailable' from command line to 'False'
[159.678s] Level 5:colcon.colcon_core.verb:set package 'antonio_description' build argument 'cmake_clean_cache' from command line to 'False'
[159.678s] Level 5:colcon.colcon_core.verb:set package 'antonio_description' build argument 'cmake_clean_first' from command line to 'False'
[159.678s] Level 5:colcon.colcon_core.verb:set package 'antonio_description' build argument 'cmake_force_configure' from command line to 'False'
[159.678s] Level 5:colcon.colcon_core.verb:set package 'antonio_description' build argument 'ament_cmake_args' from command line to 'None'
[159.678s] Level 5:colcon.colcon_core.verb:set package 'antonio_description' build argument 'catkin_cmake_args' from command line to 'None'
[159.678s] Level 5:colcon.colcon_core.verb:set package 'antonio_description' build argument 'catkin_skip_building_tests' from command line to 'False'
[159.678s] DEBUG:colcon.colcon_core.verb:Building package 'antonio_description' with the following arguments: {'ament_cmake_args': None, 'build_base': '/home/antonio/antonio_ws/Antonio/antonio_description/build/antonio_description', 'catkin_cmake_args': None, 'catkin_skip_building_tests': False, 'cmake_args': None, 'cmake_clean_cache': False, 'cmake_clean_first': False, 'cmake_force_configure': False, 'cmake_target': None, 'cmake_target_skip_unavailable': False, 'install_base': '/home/antonio/antonio_ws/Antonio/antonio_description/install/antonio_description', 'merge_install': False, 'path': '/home/antonio/antonio_ws/Antonio/antonio_description', 'symlink_install': False, 'test_result_base': None}
[159.714s] INFO:colcon.colcon_core.executor:Executing jobs using 'parallel' executor
[159.752s] DEBUG:colcon.colcon_parallel_executor.executor.parallel:run_until_complete
[159.753s] INFO:colcon.colcon_ros.task.ament_cmake.build:Building ROS package in '/home/antonio/antonio_ws/Antonio/antonio_description' with build type 'ament_cmake'
[159.753s] INFO:colcon.colcon_cmake.task.cmake.build:Building CMake package in '/home/antonio/antonio_ws/Antonio/antonio_description'
[161.744s] INFO:colcon.colcon_core.plugin_system:Skipping extension 'colcon_core.shell.bat': Not used on non-Windows systems
[161.745s] INFO:colcon.colcon_core.shell:Skip shell extension 'powershell' for command environment: Not usable outside of PowerShell
[161.745s] DEBUG:colcon.colcon_core.shell:Skip shell extension 'dsv' for command environment
[162.678s] DEBUG:colcon.colcon_core.event_handler.log_command:Invoking command in '/home/antonio/antonio_ws/Antonio/antonio_description/build/antonio_description': CMAKE_PREFIX_PATH=${CMAKE_PREFIX_PATH}:/opt/ros/humble /usr/bin/cmake --build /home/antonio/antonio_ws/Antonio/antonio_description/build/antonio_description -- -j4 -l4
[177.297s] DEBUG:colcon.colcon_core.event_handler.log_command:Invoked command in '/home/antonio/antonio_ws/Antonio/antonio_description/build/antonio_description' returned '0': CMAKE_PREFIX_PATH=${CMAKE_PREFIX_PATH}:/opt/ros/humble /usr/bin/cmake --build /home/antonio/antonio_ws/Antonio/antonio_description/build/antonio_description -- -j4 -l4
[177.348s] DEBUG:colcon.colcon_core.event_handler.log_command:Invoking command in '/home/antonio/antonio_ws/Antonio/antonio_description/build/antonio_description': CMAKE_PREFIX_PATH=${CMAKE_PREFIX_PATH}:/opt/ros/humble /usr/bin/cmake --install /home/antonio/antonio_ws/Antonio/antonio_description/build/antonio_description
[180.333s] Level 1:colcon.colcon_core.environment:create_environment_scripts_only(antonio_description)
[180.336s] DEBUG:colcon.colcon_core.event_handler.log_command:Invoked command in '/home/antonio/antonio_ws/Antonio/antonio_description/build/antonio_description' returned '0': CMAKE_PREFIX_PATH=${CMAKE_PREFIX_PATH}:/opt/ros/humble /usr/bin/cmake --install /home/antonio/antonio_ws/Antonio/antonio_description/build/antonio_description
[180.940s] Level 1:colcon.colcon_core.environment:checking '/home/antonio/antonio_ws/Antonio/antonio_description/install/antonio_description' for CMake module files
[180.941s] Level 1:colcon.colcon_core.environment:checking '/home/antonio/antonio_ws/Antonio/antonio_description/install/antonio_description' for CMake config files
[181.020s] Level 1:colcon.colcon_core.shell:create_environment_hook('antonio_description', 'cmake_prefix_path')
[181.056s] INFO:colcon.colcon_core.shell:Creating environment hook '/home/antonio/antonio_ws/Antonio/antonio_description/install/antonio_description/share/antonio_description/hook/cmake_prefix_path.ps1'
[181.309s] INFO:colcon.colcon_core.shell:Creating environment descriptor '/home/antonio/antonio_ws/Antonio/antonio_description/install/antonio_description/share/antonio_description/hook/cmake_prefix_path.dsv'
[181.381s] INFO:colcon.colcon_core.shell:Creating environment hook '/home/antonio/antonio_ws/Antonio/antonio_description/install/antonio_description/share/antonio_description/hook/cmake_prefix_path.sh'
[182.625s] Level 1:colcon.colcon_core.environment:checking '/home/antonio/antonio_ws/Antonio/antonio_description/install/antonio_description/lib'
[182.625s] Level 1:colcon.colcon_core.environment:checking '/home/antonio/antonio_ws/Antonio/antonio_description/install/antonio_description/bin'
[182.625s] Level 1:colcon.colcon_core.environment:checking '/home/antonio/antonio_ws/Antonio/antonio_description/install/antonio_description/lib/pkgconfig/antonio_description.pc'
[182.626s] Level 1:colcon.colcon_core.environment:checking '/home/antonio/antonio_ws/Antonio/antonio_description/install/antonio_description/lib/python3.10/site-packages'
[182.626s] Level 1:colcon.colcon_core.environment:checking '/home/antonio/antonio_ws/Antonio/antonio_description/install/antonio_description/bin'
[182.663s] INFO:colcon.colcon_core.shell:Creating package script '/home/antonio/antonio_ws/Antonio/antonio_description/install/antonio_description/share/antonio_description/package.ps1'
[183.172s] INFO:colcon.colcon_core.shell:Creating package descriptor '/home/antonio/antonio_ws/Antonio/antonio_description/install/antonio_description/share/antonio_description/package.dsv'
[183.228s] INFO:colcon.colcon_core.shell:Creating package script '/home/antonio/antonio_ws/Antonio/antonio_description/install/antonio_description/share/antonio_description/package.sh'
[183.231s] INFO:colcon.colcon_core.shell:Creating package script '/home/antonio/antonio_ws/Antonio/antonio_description/install/antonio_description/share/antonio_description/package.bash'
[183.436s] INFO:colcon.colcon_core.shell:Creating package script '/home/antonio/antonio_ws/Antonio/antonio_description/install/antonio_description/share/antonio_description/package.zsh'
[183.476s] Level 1:colcon.colcon_core.environment:create_file_with_runtime_dependencies(/home/antonio/antonio_ws/Antonio/antonio_description/install/antonio_description/share/colcon-core/packages/antonio_description)
[183.842s] Level 1:colcon.colcon_core.environment:create_environment_scripts_only(antonio_description)
[183.884s] Level 1:colcon.colcon_core.environment:checking '/home/antonio/antonio_ws/Antonio/antonio_description/install/antonio_description' for CMake module files
[183.886s] Level 1:colcon.colcon_core.environment:checking '/home/antonio/antonio_ws/Antonio/antonio_description/install/antonio_description' for CMake config files
[183.887s] Level 1:colcon.colcon_core.shell:create_environment_hook('antonio_description', 'cmake_prefix_path')
[183.932s] INFO:colcon.colcon_core.shell:Creating environment hook '/home/antonio/antonio_ws/Antonio/antonio_description/install/antonio_description/share/antonio_description/hook/cmake_prefix_path.ps1'
[183.933s] INFO:colcon.colcon_core.shell:Creating environment descriptor '/home/antonio/antonio_ws/Antonio/antonio_description/install/antonio_description/share/antonio_description/hook/cmake_prefix_path.dsv'
[183.933s] INFO:colcon.colcon_core.shell:Creating environment hook '/home/antonio/antonio_ws/Antonio/antonio_description/install/antonio_description/share/antonio_description/hook/cmake_prefix_path.sh'
[183.934s] Level 1:colcon.colcon_core.environment:checking '/home/antonio/antonio_ws/Antonio/antonio_description/install/antonio_description/lib'
[183.934s] Level 1:colcon.colcon_core.environment:checking '/home/antonio/antonio_ws/Antonio/antonio_description/install/antonio_description/bin'
[183.934s] Level 1:colcon.colcon_core.environment:checking '/home/antonio/antonio_ws/Antonio/antonio_description/install/antonio_description/lib/pkgconfig/antonio_description.pc'
[183.935s] Level 1:colcon.colcon_core.environment:checking '/home/antonio/antonio_ws/Antonio/antonio_description/install/antonio_description/lib/python3.10/site-packages'
[183.935s] Level 1:colcon.colcon_core.environment:checking '/home/antonio/antonio_ws/Antonio/antonio_description/install/antonio_description/bin'
[183.970s] INFO:colcon.colcon_core.shell:Creating package script '/home/antonio/antonio_ws/Antonio/antonio_description/install/antonio_description/share/antonio_description/package.ps1'
[183.971s] INFO:colcon.colcon_core.shell:Creating package descriptor '/home/antonio/antonio_ws/Antonio/antonio_description/install/antonio_description/share/antonio_description/package.dsv'
[183.972s] INFO:colcon.colcon_core.shell:Creating package script '/home/antonio/antonio_ws/Antonio/antonio_description/install/antonio_description/share/antonio_description/package.sh'
[183.973s] INFO:colcon.colcon_core.shell:Creating package script '/home/antonio/antonio_ws/Antonio/antonio_description/install/antonio_description/share/antonio_description/package.bash'
[183.974s] INFO:colcon.colcon_core.shell:Creating package script '/home/antonio/antonio_ws/Antonio/antonio_description/install/antonio_description/share/antonio_description/package.zsh'
[183.975s] Level 1:colcon.colcon_core.environment:create_file_with_runtime_dependencies(/home/antonio/antonio_ws/Antonio/antonio_description/install/antonio_description/share/colcon-core/packages/antonio_description)
[183.976s] DEBUG:colcon.colcon_parallel_executor.executor.parallel:closing loop
[183.978s] DEBUG:colcon.colcon_parallel_executor.executor.parallel:loop closed
[183.978s] DEBUG:colcon.colcon_parallel_executor.executor.parallel:run_until_complete finished with '0'
[183.978s] DEBUG:colcon.colcon_core.event_reactor:joining thread
[190.813s] INFO:colcon.colcon_core.plugin_system:Skipping extension 'colcon_notification.desktop_notification.terminal_notifier': Not used on non-Darwin systems
[190.813s] INFO:colcon.colcon_core.plugin_system:Skipping extension 'colcon_notification.desktop_notification.win32': Not used on non-Windows systems
[190.814s] INFO:colcon.colcon_notification.desktop_notification:Sending desktop notification using 'notify2'
[203.628s] DEBUG:colcon.colcon_core.event_reactor:joined thread
[222.622s] INFO:colcon.colcon_core.shell:Creating prefix script '/home/antonio/antonio_ws/Antonio/antonio_description/install/local_setup.ps1'
[222.630s] INFO:colcon.colcon_core.shell:Creating prefix util module '/home/antonio/antonio_ws/Antonio/antonio_description/install/_local_setup_util_ps1.py'
[222.680s] INFO:colcon.colcon_core.shell:Creating prefix chain script '/home/antonio/antonio_ws/Antonio/antonio_description/install/setup.ps1'
