[0.641s] Invoking command in '/home/antonio/antonio_ws/Antonio/antonio_description/build/antonio_description': CMAKE_PREFIX_PATH=${CMAKE_PREFIX_PATH}:/opt/ros/humble /usr/bin/cmake --build /home/antonio/antonio_ws/Antonio/antonio_description/build/antonio_description -- -j4 -l4
[2.908s] [100%] Built target Wheels_odom_tf2_broadcaster
[2.924s] Invoked command in '/home/antonio/antonio_ws/Antonio/antonio_description/build/antonio_description' returned '0': CMAKE_PREFIX_PATH=${CMAKE_PREFIX_PATH}:/opt/ros/humble /usr/bin/cmake --build /home/antonio/antonio_ws/Antonio/antonio_description/build/antonio_description -- -j4 -l4
[2.974s] Invoking command in '/home/antonio/antonio_ws/Antonio/antonio_description/build/antonio_description': CMAKE_PREFIX_PATH=${CMAKE_PREFIX_PATH}:/opt/ros/humble /usr/bin/cmake --install /home/antonio/antonio_ws/Antonio/antonio_description/build/antonio_description
[3.011s] -- Install configuration: ""
[3.038s] -- Execute custom install script
[3.184s] -- Up-to-date symlink: /home/antonio/antonio_ws/Antonio/antonio_description/install/antonio_description/share/antonio_description/src/Wheels_odom_tf2_broadcaster.cpp
[3.200s] -- Up-to-date symlink: /home/antonio/antonio_ws/Antonio/antonio_description/install/antonio_description/share/antonio_description/src/description/antonio_description.urdf
[3.201s] -- Up-to-date symlink: /home/antonio/antonio_ws/Antonio/antonio_description/install/antonio_description/share/antonio_description/src/rplidar_ros2/.git/FETCH_HEAD
[3.202s] -- Up-to-date symlink: /home/antonio/antonio_ws/Antonio/antonio_description/install/antonio_description/share/antonio_description/src/rplidar_ros2/.git/HEAD
[3.204s] -- Up-to-date symlink: /home/antonio/antonio_ws/Antonio/antonio_description/install/antonio_description/share/antonio_description/src/rplidar_ros2/.git/config
[3.205s] -- Up-to-date symlink: /home/antonio/antonio_ws/Antonio/antonio_description/install/antonio_description/share/antonio_description/src/rplidar_ros2/.git/description
[3.206s] -- Up-to-date symlink: /home/antonio/antonio_ws/Antonio/antonio_description/install/antonio_description/share/antonio_description/src/rplidar_ros2/.git/hooks/applypatch-msg.sample
[3.207s] -- Up-to-date symlink: /home/antonio/antonio_ws/Antonio/antonio_description/install/antonio_description/share/antonio_description/src/rplidar_ros2/.git/hooks/commit-msg.sample
[3.208s] -- Up-to-date symlink: /home/antonio/antonio_ws/Antonio/antonio_description/install/antonio_description/share/antonio_description/src/rplidar_ros2/.git/hooks/fsmonitor-watchman.sample
[3.209s] -- Up-to-date symlink: /home/antonio/antonio_ws/Antonio/antonio_description/install/antonio_description/share/antonio_description/src/rplidar_ros2/.git/hooks/post-update.sample
[3.245s] -- Up-to-date symlink: /home/antonio/antonio_ws/Antonio/antonio_description/install/antonio_description/share/antonio_description/src/rplidar_ros2/.git/hooks/pre-applypatch.sample
[3.249s] -- Up-to-date symlink: /home/antonio/antonio_ws/Antonio/antonio_description/install/antonio_description/share/antonio_description/src/rplidar_ros2/.git/hooks/pre-commit.sample
[3.250s] -- Up-to-date symlink: /home/antonio/antonio_ws/Antonio/antonio_description/install/antonio_description/share/antonio_description/src/rplidar_ros2/.git/hooks/pre-merge-commit.sample
[3.251s] -- Up-to-date symlink: /home/antonio/antonio_ws/Antonio/antonio_description/install/antonio_description/share/antonio_description/src/rplidar_ros2/.git/hooks/pre-push.sample
[3.251s] -- Up-to-date symlink: /home/antonio/antonio_ws/Antonio/antonio_description/install/antonio_description/share/antonio_description/src/rplidar_ros2/.git/hooks/pre-rebase.sample
[3.262s] -- Up-to-date symlink: /home/antonio/antonio_ws/Antonio/antonio_description/install/antonio_description/share/antonio_description/src/rplidar_ros2/.git/hooks/pre-receive.sample
[3.263s] -- Up-to-date symlink: /home/antonio/antonio_ws/Antonio/antonio_description/install/antonio_description/share/antonio_description/src/rplidar_ros2/.git/hooks/prepare-commit-msg.sample
[3.295s] -- Up-to-date symlink: /home/antonio/antonio_ws/Antonio/antonio_description/install/antonio_description/share/antonio_description/src/rplidar_ros2/.git/hooks/push-to-checkout.sample
[3.298s] -- Up-to-date symlink: /home/antonio/antonio_ws/Antonio/antonio_description/install/antonio_description/share/antonio_description/src/rplidar_ros2/.git/hooks/update.sample
[3.299s] -- Up-to-date symlink: /home/antonio/antonio_ws/Antonio/antonio_description/install/antonio_description/share/antonio_description/src/rplidar_ros2/.git/index
[3.300s] -- Up-to-date symlink: /home/antonio/antonio_ws/Antonio/antonio_description/install/antonio_description/share/antonio_description/src/rplidar_ros2/.git/info/exclude
[3.301s] -- Up-to-date symlink: /home/antonio/antonio_ws/Antonio/antonio_description/install/antonio_description/share/antonio_description/src/rplidar_ros2/.git/logs/HEAD
[3.303s] -- Up-to-date symlink: /home/antonio/antonio_ws/Antonio/antonio_description/install/antonio_description/share/antonio_description/src/rplidar_ros2/.git/logs/refs/heads/ros2
[3.307s] -- Up-to-date symlink: /home/antonio/antonio_ws/Antonio/antonio_description/install/antonio_description/share/antonio_description/src/rplidar_ros2/.git/logs/refs/remotes/origin/HEAD
[3.311s] -- Up-to-date symlink: /home/antonio/antonio_ws/Antonio/antonio_description/install/antonio_description/share/antonio_description/src/rplidar_ros2/.git/objects/pack/pack-400e6c25f58ef5991c4a2a00f2b38d071276b907.idx
[3.313s] -- Up-to-date symlink: /home/antonio/antonio_ws/Antonio/antonio_description/install/antonio_description/share/antonio_description/src/rplidar_ros2/.git/objects/pack/pack-400e6c25f58ef5991c4a2a00f2b38d071276b907.pack
[3.314s] -- Up-to-date symlink: /home/antonio/antonio_ws/Antonio/antonio_description/install/antonio_description/share/antonio_description/src/rplidar_ros2/.git/objects/pack/pack-e16675e99140ead924424ea9321b1b862b2ff969.idx
[3.315s] -- Up-to-date symlink: /home/antonio/antonio_ws/Antonio/antonio_description/install/antonio_description/share/antonio_description/src/rplidar_ros2/.git/objects/pack/pack-e16675e99140ead924424ea9321b1b862b2ff969.pack
[3.316s] -- Up-to-date symlink: /home/antonio/antonio_ws/Antonio/antonio_description/install/antonio_description/share/antonio_description/src/rplidar_ros2/.git/packed-refs
[3.321s] -- Up-to-date symlink: /home/antonio/antonio_ws/Antonio/antonio_description/install/antonio_description/share/antonio_description/src/rplidar_ros2/.git/refs/heads/ros2
[3.322s] -- Up-to-date symlink: /home/antonio/antonio_ws/Antonio/antonio_description/install/antonio_description/share/antonio_description/src/rplidar_ros2/.git/refs/remotes/origin/HEAD
[3.360s] -- Up-to-date symlink: /home/antonio/antonio_ws/Antonio/antonio_description/install/antonio_description/share/antonio_description/src/rplidar_ros2/.gitignore
[3.360s] -- Up-to-date symlink: /home/antonio/antonio_ws/Antonio/antonio_description/install/antonio_description/share/antonio_description/src/rplidar_ros2/CHANGELOG.rst
[3.360s] -- Up-to-date symlink: /home/antonio/antonio_ws/Antonio/antonio_description/install/antonio_description/share/antonio_description/src/rplidar_ros2/CMakeLists.txt
[3.361s] -- Up-to-date symlink: /home/antonio/antonio_ws/Antonio/antonio_description/install/antonio_description/share/antonio_description/src/rplidar_ros2/LICENSE
[3.362s] -- Up-to-date symlink: /home/antonio/antonio_ws/Antonio/antonio_description/install/antonio_description/share/antonio_description/src/rplidar_ros2/README.md
[3.363s] -- Up-to-date symlink: /home/antonio/antonio_ws/Antonio/antonio_description/install/antonio_description/share/antonio_description/src/rplidar_ros2/include/rplidar_node.hpp
[3.379s] -- Up-to-date symlink: /home/antonio/antonio_ws/Antonio/antonio_description/install/antonio_description/share/antonio_description/src/rplidar_ros2/include/visibility.h
[3.380s] -- Up-to-date symlink: /home/antonio/antonio_ws/Antonio/antonio_description/install/antonio_description/share/antonio_description/src/rplidar_ros2/launch/rplidar.launch.py
[3.404s] -- Up-to-date symlink: /home/antonio/antonio_ws/Antonio/antonio_description/install/antonio_description/share/antonio_description/src/rplidar_ros2/launch/rplidar_a3.launch.py
[3.405s] -- Up-to-date symlink: /home/antonio/antonio_ws/Antonio/antonio_description/install/antonio_description/share/antonio_description/src/rplidar_ros2/launch/rplidar_s1.launch.py
[3.409s] -- Up-to-date symlink: /home/antonio/antonio_ws/Antonio/antonio_description/install/antonio_description/share/antonio_description/src/rplidar_ros2/launch/rplidar_s1_tcp.launch.py
[3.410s] -- Up-to-date symlink: /home/antonio/antonio_ws/Antonio/antonio_description/install/antonio_description/share/antonio_description/src/rplidar_ros2/launch/test_rplidar_a3.launch.py
[3.411s] -- Up-to-date symlink: /home/antonio/antonio_ws/Antonio/antonio_description/install/antonio_description/share/antonio_description/src/rplidar_ros2/launch/view_rplidar.launch.py
[3.411s] -- Up-to-date symlink: /home/antonio/antonio_ws/Antonio/antonio_description/install/antonio_description/share/antonio_description/src/rplidar_ros2/launch/view_rplidar_a3.launch.py
[3.411s] -- Up-to-date symlink: /home/antonio/antonio_ws/Antonio/antonio_description/install/antonio_description/share/antonio_description/src/rplidar_ros2/launch/view_rplidar_s1.launch.py
[3.429s] -- Up-to-date symlink: /home/antonio/antonio_ws/Antonio/antonio_description/install/antonio_description/share/antonio_description/src/rplidar_ros2/launch/view_rplidar_s1_tcp.launch.py
[3.431s] -- Up-to-date symlink: /home/antonio/antonio_ws/Antonio/antonio_description/install/antonio_description/share/antonio_description/src/rplidar_ros2/package.xml
[3.431s] -- Up-to-date symlink: /home/antonio/antonio_ws/Antonio/antonio_description/install/antonio_description/share/antonio_description/src/rplidar_ros2/rplidar_A1.png
[3.432s] -- Up-to-date symlink: /home/antonio/antonio_ws/Antonio/antonio_description/install/antonio_description/share/antonio_description/src/rplidar_ros2/rplidar_A2.png
[3.433s] -- Up-to-date symlink: /home/antonio/antonio_ws/Antonio/antonio_description/install/antonio_description/share/antonio_description/src/rplidar_ros2/rviz/rplidar.rviz
[3.434s] -- Up-to-date symlink: /home/antonio/antonio_ws/Antonio/antonio_description/install/antonio_description/share/antonio_description/src/rplidar_ros2/scripts/create_udev_rules.sh
[3.435s] -- Up-to-date symlink: /home/antonio/antonio_ws/Antonio/antonio_description/install/antonio_description/share/antonio_description/src/rplidar_ros2/scripts/delete_udev_rules.sh
[3.435s] -- Up-to-date symlink: /home/antonio/antonio_ws/Antonio/antonio_description/install/antonio_description/share/antonio_description/src/rplidar_ros2/scripts/rplidar.rules
[3.437s] -- Up-to-date symlink: /home/antonio/antonio_ws/Antonio/antonio_description/install/antonio_description/share/antonio_description/src/rplidar_ros2/sdk/README.txt
[3.440s] -- Up-to-date symlink: /home/antonio/antonio_ws/Antonio/antonio_description/install/antonio_description/share/antonio_description/src/rplidar_ros2/sdk/include/rplidar.h
[3.442s] -- Up-to-date symlink: /home/antonio/antonio_ws/Antonio/antonio_description/install/antonio_description/share/antonio_description/src/rplidar_ros2/sdk/include/rplidar_cmd.h
[3.443s] -- Up-to-date symlink: /home/antonio/antonio_ws/Antonio/antonio_description/install/antonio_description/share/antonio_description/src/rplidar_ros2/sdk/include/rplidar_driver.h
[3.444s] -- Up-to-date symlink: /home/antonio/antonio_ws/Antonio/antonio_description/install/antonio_description/share/antonio_description/src/rplidar_ros2/sdk/include/rplidar_protocol.h
[3.445s] -- Up-to-date symlink: /home/antonio/antonio_ws/Antonio/antonio_description/install/antonio_description/share/antonio_description/src/rplidar_ros2/sdk/include/rptypes.h
[3.448s] -- Up-to-date symlink: /home/antonio/antonio_ws/Antonio/antonio_description/install/antonio_description/share/antonio_description/src/rplidar_ros2/sdk/src/arch/linux/arch_linux.h
[3.449s] -- Up-to-date symlink: /home/antonio/antonio_ws/Antonio/antonio_description/install/antonio_description/share/antonio_description/src/rplidar_ros2/sdk/src/arch/linux/net_serial.cpp
[3.449s] -- Up-to-date symlink: /home/antonio/antonio_ws/Antonio/antonio_description/install/antonio_description/share/antonio_description/src/rplidar_ros2/sdk/src/arch/linux/net_serial.h
[3.450s] -- Up-to-date symlink: /home/antonio/antonio_ws/Antonio/antonio_description/install/antonio_description/share/antonio_description/src/rplidar_ros2/sdk/src/arch/linux/net_socket.cpp
[3.450s] -- Up-to-date symlink: /home/antonio/antonio_ws/Antonio/antonio_description/install/antonio_description/share/antonio_description/src/rplidar_ros2/sdk/src/arch/linux/thread.hpp
[3.452s] -- Up-to-date symlink: /home/antonio/antonio_ws/Antonio/antonio_description/install/antonio_description/share/antonio_description/src/rplidar_ros2/sdk/src/arch/linux/timer.cpp
[3.453s] -- Up-to-date symlink: /home/antonio/antonio_ws/Antonio/antonio_description/install/antonio_description/share/antonio_description/src/rplidar_ros2/sdk/src/arch/linux/timer.h
[3.456s] -- Up-to-date symlink: /home/antonio/antonio_ws/Antonio/antonio_description/install/antonio_description/share/antonio_description/src/rplidar_ros2/sdk/src/arch/macOS/arch_macOS.h
[3.457s] -- Up-to-date symlink: /home/antonio/antonio_ws/Antonio/antonio_description/install/antonio_description/share/antonio_description/src/rplidar_ros2/sdk/src/arch/macOS/net_serial.cpp
[3.457s] -- Up-to-date symlink: /home/antonio/antonio_ws/Antonio/antonio_description/install/antonio_description/share/antonio_description/src/rplidar_ros2/sdk/src/arch/macOS/net_serial.h
[3.458s] -- Up-to-date symlink: /home/antonio/antonio_ws/Antonio/antonio_description/install/antonio_description/share/antonio_description/src/rplidar_ros2/sdk/src/arch/macOS/net_socket.cpp
[3.459s] -- Up-to-date symlink: /home/antonio/antonio_ws/Antonio/antonio_description/install/antonio_description/share/antonio_description/src/rplidar_ros2/sdk/src/arch/macOS/thread.hpp
[3.460s] -- Up-to-date symlink: /home/antonio/antonio_ws/Antonio/antonio_description/install/antonio_description/share/antonio_description/src/rplidar_ros2/sdk/src/arch/macOS/timer.cpp
[3.460s] -- Up-to-date symlink: /home/antonio/antonio_ws/Antonio/antonio_description/install/antonio_description/share/antonio_description/src/rplidar_ros2/sdk/src/arch/macOS/timer.h
[3.464s] -- Up-to-date symlink: /home/antonio/antonio_ws/Antonio/antonio_description/install/antonio_description/share/antonio_description/src/rplidar_ros2/sdk/src/arch/win32/arch_win32.h
[3.465s] -- Up-to-date symlink: /home/antonio/antonio_ws/Antonio/antonio_description/install/antonio_description/share/antonio_description/src/rplidar_ros2/sdk/src/arch/win32/net_serial.cpp
[3.465s] -- Up-to-date symlink: /home/antonio/antonio_ws/Antonio/antonio_description/install/antonio_description/share/antonio_description/src/rplidar_ros2/sdk/src/arch/win32/net_serial.h
[3.467s] -- Up-to-date symlink: /home/antonio/antonio_ws/Antonio/antonio_description/install/antonio_description/share/antonio_description/src/rplidar_ros2/sdk/src/arch/win32/net_socket.cpp
[3.469s] -- Up-to-date symlink: /home/antonio/antonio_ws/Antonio/antonio_description/install/antonio_description/share/antonio_description/src/rplidar_ros2/sdk/src/arch/win32/timer.cpp
[3.469s] -- Up-to-date symlink: /home/antonio/antonio_ws/Antonio/antonio_description/install/antonio_description/share/antonio_description/src/rplidar_ros2/sdk/src/arch/win32/timer.h
[3.471s] -- Up-to-date symlink: /home/antonio/antonio_ws/Antonio/antonio_description/install/antonio_description/share/antonio_description/src/rplidar_ros2/sdk/src/arch/win32/winthread.hpp
[3.474s] -- Up-to-date symlink: /home/antonio/antonio_ws/Antonio/antonio_description/install/antonio_description/share/antonio_description/src/rplidar_ros2/sdk/src/hal/abs_rxtx.h
[3.475s] -- Up-to-date symlink: /home/antonio/antonio_ws/Antonio/antonio_description/install/antonio_description/share/antonio_description/src/rplidar_ros2/sdk/src/hal/assert.h
[3.476s] -- Up-to-date symlink: /home/antonio/antonio_ws/Antonio/antonio_description/install/antonio_description/share/antonio_description/src/rplidar_ros2/sdk/src/hal/byteops.h
[3.477s] -- Up-to-date symlink: /home/antonio/antonio_ws/Antonio/antonio_description/install/antonio_description/share/antonio_description/src/rplidar_ros2/sdk/src/hal/event.h
[3.479s] -- Up-to-date symlink: /home/antonio/antonio_ws/Antonio/antonio_description/install/antonio_description/share/antonio_description/src/rplidar_ros2/sdk/src/hal/locker.h
[3.479s] -- Up-to-date symlink: /home/antonio/antonio_ws/Antonio/antonio_description/install/antonio_description/share/antonio_description/src/rplidar_ros2/sdk/src/hal/socket.h
[3.481s] -- Up-to-date symlink: /home/antonio/antonio_ws/Antonio/antonio_description/install/antonio_description/share/antonio_description/src/rplidar_ros2/sdk/src/hal/thread.cpp
[3.481s] -- Up-to-date symlink: /home/antonio/antonio_ws/Antonio/antonio_description/install/antonio_description/share/antonio_description/src/rplidar_ros2/sdk/src/hal/thread.h
[3.483s] -- Up-to-date symlink: /home/antonio/antonio_ws/Antonio/antonio_description/install/antonio_description/share/antonio_description/src/rplidar_ros2/sdk/src/hal/types.h
[3.484s] -- Up-to-date symlink: /home/antonio/antonio_ws/Antonio/antonio_description/install/antonio_description/share/antonio_description/src/rplidar_ros2/sdk/src/hal/util.h
[3.485s] -- Up-to-date symlink: /home/antonio/antonio_ws/Antonio/antonio_description/install/antonio_description/share/antonio_description/src/rplidar_ros2/sdk/src/rplidar_driver.cpp
[3.485s] -- Up-to-date symlink: /home/antonio/antonio_ws/Antonio/antonio_description/install/antonio_description/share/antonio_description/src/rplidar_ros2/sdk/src/rplidar_driver_TCP.h
[3.488s] -- Up-to-date symlink: /home/antonio/antonio_ws/Antonio/antonio_description/install/antonio_description/share/antonio_description/src/rplidar_ros2/sdk/src/rplidar_driver_impl.h
[3.489s] -- Up-to-date symlink: /home/antonio/antonio_ws/Antonio/antonio_description/install/antonio_description/share/antonio_description/src/rplidar_ros2/sdk/src/rplidar_driver_serial.h
[3.490s] -- Up-to-date symlink: /home/antonio/antonio_ws/Antonio/antonio_description/install/antonio_description/share/antonio_description/src/rplidar_ros2/sdk/src/sdkcommon.h
[3.501s] -- Up-to-date symlink: /home/antonio/antonio_ws/Antonio/antonio_description/install/antonio_description/share/antonio_description/src/rplidar_ros2/src/rplidar_node.cpp
[3.501s] -- Up-to-date symlink: /home/antonio/antonio_ws/Antonio/antonio_description/install/antonio_description/share/antonio_description/src/rplidar_ros2/src/standalone_rplidar.cpp
[3.515s] -- Symlinking: /home/antonio/antonio_ws/Antonio/antonio_description/install/antonio_description/share/antonio_description/launch/__pycache__/display.launch.cpython-310.pyc
[3.528s] -- Up-to-date symlink: /home/antonio/antonio_ws/Antonio/antonio_description/install/antonio_description/share/antonio_description/launch/display.launch.py
[3.540s] -- Up-to-date symlink: /home/antonio/antonio_ws/Antonio/antonio_description/install/antonio_description/share/antonio_description/rviz/urdf_config.rviz
[3.540s] -- Up-to-date symlink: /home/antonio/antonio_ws/Antonio/antonio_description/install/antonio_description/share/antonio_description/config/ekf.yaml
[3.542s] -- Up-to-date symlink: /home/antonio/antonio_ws/Antonio/antonio_description/install/antonio_description/share/antonio_description/config/nav2_params.yaml
[3.544s] -- Up-to-date symlink: /home/antonio/antonio_ws/Antonio/antonio_description/install/antonio_description/share/antonio_description/world/antonio_world.sdf
[3.582s] -- Up-to-date symlink: /home/antonio/antonio_ws/Antonio/antonio_description/install/antonio_description/lib/antonio_description/Wheels_odom_tf2_broadcaster
[3.583s] -- Up-to-date symlink: /home/antonio/antonio_ws/Antonio/antonio_description/install/antonio_description/share/ament_index/resource_index/package_run_dependencies/antonio_description
[3.583s] -- Up-to-date symlink: /home/antonio/antonio_ws/Antonio/antonio_description/install/antonio_description/share/ament_index/resource_index/parent_prefix_path/antonio_description
[3.585s] -- Up-to-date symlink: /home/antonio/antonio_ws/Antonio/antonio_description/install/antonio_description/share/antonio_description/environment/ament_prefix_path.sh
[3.586s] -- Up-to-date symlink: /home/antonio/antonio_ws/Antonio/antonio_description/install/antonio_description/share/antonio_description/environment/ament_prefix_path.dsv
[3.587s] -- Up-to-date symlink: /home/antonio/antonio_ws/Antonio/antonio_description/install/antonio_description/share/antonio_description/environment/path.sh
[3.587s] -- Up-to-date symlink: /home/antonio/antonio_ws/Antonio/antonio_description/install/antonio_description/share/antonio_description/environment/path.dsv
[3.588s] -- Up-to-date symlink: /home/antonio/antonio_ws/Antonio/antonio_description/install/antonio_description/share/antonio_description/local_setup.bash
[3.588s] -- Up-to-date symlink: /home/antonio/antonio_ws/Antonio/antonio_description/install/antonio_description/share/antonio_description/local_setup.sh
[3.598s] -- Up-to-date symlink: /home/antonio/antonio_ws/Antonio/antonio_description/install/antonio_description/share/antonio_description/local_setup.zsh
[3.599s] -- Up-to-date symlink: /home/antonio/antonio_ws/Antonio/antonio_description/install/antonio_description/share/antonio_description/local_setup.dsv
[3.599s] -- Symlinking: /home/antonio/antonio_ws/Antonio/antonio_description/install/antonio_description/share/antonio_description/package.dsv
[3.620s] -- Up-to-date symlink: /home/antonio/antonio_ws/Antonio/antonio_description/install/antonio_description/share/ament_index/resource_index/packages/antonio_description
[3.622s] -- Up-to-date symlink: /home/antonio/antonio_ws/Antonio/antonio_description/install/antonio_description/share/antonio_description/cmake/antonio_descriptionConfig.cmake
[3.624s] -- Up-to-date symlink: /home/antonio/antonio_ws/Antonio/antonio_description/install/antonio_description/share/antonio_description/cmake/antonio_descriptionConfig-version.cmake
[3.624s] -- Up-to-date symlink: /home/antonio/antonio_ws/Antonio/antonio_description/install/antonio_description/share/antonio_description/package.xml
[3.628s] Invoked command in '/home/antonio/antonio_ws/Antonio/antonio_description/build/antonio_description' returned '0': CMAKE_PREFIX_PATH=${CMAKE_PREFIX_PATH}:/opt/ros/humble /usr/bin/cmake --install /home/antonio/antonio_ws/Antonio/antonio_description/build/antonio_description
