[0.133s] Invoking command in '/home/antonio/antonio_ws/Antonio/antonio_description/build/antonio_description': CMAKE_PREFIX_PATH=${CMAKE_PREFIX_PATH}:/opt/ros/humble /usr/bin/cmake --build /home/antonio/antonio_ws/Antonio/antonio_description/build/antonio_description -- -j4 -l4
[0.499s] [100%] Built target Wheels_odom_tf2_broadcaster
[0.515s] Invoked command in '/home/antonio/antonio_ws/Antonio/antonio_description/build/antonio_description' returned '0': CMAKE_PREFIX_PATH=${CMAKE_PREFIX_PATH}:/opt/ros/humble /usr/bin/cmake --build /home/antonio/antonio_ws/Antonio/antonio_description/build/antonio_description -- -j4 -l4
[0.560s] Invoking command in '/home/antonio/antonio_ws/Antonio/antonio_description/build/antonio_description': CMAKE_PREFIX_PATH=${CMAKE_PREFIX_PATH}:/opt/ros/humble /usr/bin/cmake --install /home/antonio/antonio_ws/Antonio/antonio_description/build/antonio_description
[0.596s] -- Install configuration: ""
[0.630s] -- Execute custom install script
[0.778s] -- Up-to-date symlink: /home/antonio/antonio_ws/Antonio/antonio_description/install/antonio_description/share/antonio_description/src/Wheels_odom_tf2_broadcaster.cpp
[0.778s] -- Up-to-date symlink: /home/antonio/antonio_ws/Antonio/antonio_description/install/antonio_description/share/antonio_description/src/description/antonio_description.urdf
[0.788s] -- Up-to-date symlink: /home/antonio/antonio_ws/Antonio/antonio_description/install/antonio_description/share/antonio_description/src/rplidar_ros2/.git/FETCH_HEAD
[0.789s] -- Up-to-date symlink: /home/antonio/antonio_ws/Antonio/antonio_description/install/antonio_description/share/antonio_description/src/rplidar_ros2/.git/HEAD
[0.791s] -- Up-to-date symlink: /home/antonio/antonio_ws/Antonio/antonio_description/install/antonio_description/share/antonio_description/src/rplidar_ros2/.git/config
[0.791s] -- Up-to-date symlink: /home/antonio/antonio_ws/Antonio/antonio_description/install/antonio_description/share/antonio_description/src/rplidar_ros2/.git/description
[0.792s] -- Up-to-date symlink: /home/antonio/antonio_ws/Antonio/antonio_description/install/antonio_description/share/antonio_description/src/rplidar_ros2/.git/hooks/applypatch-msg.sample
[0.813s] -- Up-to-date symlink: /home/antonio/antonio_ws/Antonio/antonio_description/install/antonio_description/share/antonio_description/src/rplidar_ros2/.git/hooks/commit-msg.sample
[0.816s] -- Up-to-date symlink: /home/antonio/antonio_ws/Antonio/antonio_description/install/antonio_description/share/antonio_description/src/rplidar_ros2/.git/hooks/fsmonitor-watchman.sample
[0.817s] -- Up-to-date symlink: /home/antonio/antonio_ws/Antonio/antonio_description/install/antonio_description/share/antonio_description/src/rplidar_ros2/.git/hooks/post-update.sample
[0.817s] -- Up-to-date symlink: /home/antonio/antonio_ws/Antonio/antonio_description/install/antonio_description/share/antonio_description/src/rplidar_ros2/.git/hooks/pre-applypatch.sample
[0.818s] -- Up-to-date symlink: /home/antonio/antonio_ws/Antonio/antonio_description/install/antonio_description/share/antonio_description/src/rplidar_ros2/.git/hooks/pre-commit.sample
[0.830s] -- Up-to-date symlink: /home/antonio/antonio_ws/Antonio/antonio_description/install/antonio_description/share/antonio_description/src/rplidar_ros2/.git/hooks/pre-merge-commit.sample
[0.833s] -- Up-to-date symlink: /home/antonio/antonio_ws/Antonio/antonio_description/install/antonio_description/share/antonio_description/src/rplidar_ros2/.git/hooks/pre-push.sample
[0.834s] -- Up-to-date symlink: /home/antonio/antonio_ws/Antonio/antonio_description/install/antonio_description/share/antonio_description/src/rplidar_ros2/.git/hooks/pre-rebase.sample
[0.834s] -- Up-to-date symlink: /home/antonio/antonio_ws/Antonio/antonio_description/install/antonio_description/share/antonio_description/src/rplidar_ros2/.git/hooks/pre-receive.sample
[0.834s] -- Up-to-date symlink: /home/antonio/antonio_ws/Antonio/antonio_description/install/antonio_description/share/antonio_description/src/rplidar_ros2/.git/hooks/prepare-commit-msg.sample
[0.846s] -- Up-to-date symlink: /home/antonio/antonio_ws/Antonio/antonio_description/install/antonio_description/share/antonio_description/src/rplidar_ros2/.git/hooks/push-to-checkout.sample
[0.847s] -- Up-to-date symlink: /home/antonio/antonio_ws/Antonio/antonio_description/install/antonio_description/share/antonio_description/src/rplidar_ros2/.git/hooks/update.sample
[0.863s] -- Up-to-date symlink: /home/antonio/antonio_ws/Antonio/antonio_description/install/antonio_description/share/antonio_description/src/rplidar_ros2/.git/index
[0.864s] -- Up-to-date symlink: /home/antonio/antonio_ws/Antonio/antonio_description/install/antonio_description/share/antonio_description/src/rplidar_ros2/.git/info/exclude
[0.865s] -- Up-to-date symlink: /home/antonio/antonio_ws/Antonio/antonio_description/install/antonio_description/share/antonio_description/src/rplidar_ros2/.git/logs/HEAD
[0.866s] -- Up-to-date symlink: /home/antonio/antonio_ws/Antonio/antonio_description/install/antonio_description/share/antonio_description/src/rplidar_ros2/.git/logs/refs/heads/ros2
[0.866s] -- Up-to-date symlink: /home/antonio/antonio_ws/Antonio/antonio_description/install/antonio_description/share/antonio_description/src/rplidar_ros2/.git/logs/refs/remotes/origin/HEAD
[0.867s] -- Up-to-date symlink: /home/antonio/antonio_ws/Antonio/antonio_description/install/antonio_description/share/antonio_description/src/rplidar_ros2/.git/objects/pack/pack-400e6c25f58ef5991c4a2a00f2b38d071276b907.idx
[0.868s] -- Up-to-date symlink: /home/antonio/antonio_ws/Antonio/antonio_description/install/antonio_description/share/antonio_description/src/rplidar_ros2/.git/objects/pack/pack-400e6c25f58ef5991c4a2a00f2b38d071276b907.pack
[0.868s] -- Up-to-date symlink: /home/antonio/antonio_ws/Antonio/antonio_description/install/antonio_description/share/antonio_description/src/rplidar_ros2/.git/objects/pack/pack-e16675e99140ead924424ea9321b1b862b2ff969.idx
[0.869s] -- Up-to-date symlink: /home/antonio/antonio_ws/Antonio/antonio_description/install/antonio_description/share/antonio_description/src/rplidar_ros2/.git/objects/pack/pack-e16675e99140ead924424ea9321b1b862b2ff969.pack
[0.870s] -- Up-to-date symlink: /home/antonio/antonio_ws/Antonio/antonio_description/install/antonio_description/share/antonio_description/src/rplidar_ros2/.git/packed-refs
[0.871s] -- Up-to-date symlink: /home/antonio/antonio_ws/Antonio/antonio_description/install/antonio_description/share/antonio_description/src/rplidar_ros2/.git/refs/heads/ros2
[0.871s] -- Up-to-date symlink: /home/antonio/antonio_ws/Antonio/antonio_description/install/antonio_description/share/antonio_description/src/rplidar_ros2/.git/refs/remotes/origin/HEAD
[0.886s] -- Up-to-date symlink: /home/antonio/antonio_ws/Antonio/antonio_description/install/antonio_description/share/antonio_description/src/rplidar_ros2/.gitignore
[0.887s] -- Up-to-date symlink: /home/antonio/antonio_ws/Antonio/antonio_description/install/antonio_description/share/antonio_description/src/rplidar_ros2/CHANGELOG.rst
[0.888s] -- Up-to-date symlink: /home/antonio/antonio_ws/Antonio/antonio_description/install/antonio_description/share/antonio_description/src/rplidar_ros2/CMakeLists.txt
[0.888s] -- Up-to-date symlink: /home/antonio/antonio_ws/Antonio/antonio_description/install/antonio_description/share/antonio_description/src/rplidar_ros2/LICENSE
[0.889s] -- Up-to-date symlink: /home/antonio/antonio_ws/Antonio/antonio_description/install/antonio_description/share/antonio_description/src/rplidar_ros2/README.md
[0.889s] -- Up-to-date symlink: /home/antonio/antonio_ws/Antonio/antonio_description/install/antonio_description/share/antonio_description/src/rplidar_ros2/include/rplidar_node.hpp
[0.897s] -- Up-to-date symlink: /home/antonio/antonio_ws/Antonio/antonio_description/install/antonio_description/share/antonio_description/src/rplidar_ros2/include/visibility.h
[0.897s] -- Up-to-date symlink: /home/antonio/antonio_ws/Antonio/antonio_description/install/antonio_description/share/antonio_description/src/rplidar_ros2/launch/rplidar.launch.py
[0.900s] -- Up-to-date symlink: /home/antonio/antonio_ws/Antonio/antonio_description/install/antonio_description/share/antonio_description/src/rplidar_ros2/launch/rplidar_a3.launch.py
[0.900s] -- Up-to-date symlink: /home/antonio/antonio_ws/Antonio/antonio_description/install/antonio_description/share/antonio_description/src/rplidar_ros2/launch/rplidar_s1.launch.py
[0.901s] -- Up-to-date symlink: /home/antonio/antonio_ws/Antonio/antonio_description/install/antonio_description/share/antonio_description/src/rplidar_ros2/launch/rplidar_s1_tcp.launch.py
[0.922s] -- Up-to-date symlink: /home/antonio/antonio_ws/Antonio/antonio_description/install/antonio_description/share/antonio_description/src/rplidar_ros2/launch/test_rplidar_a3.launch.py
[0.922s] -- Up-to-date symlink: /home/antonio/antonio_ws/Antonio/antonio_description/install/antonio_description/share/antonio_description/src/rplidar_ros2/launch/view_rplidar.launch.py
[0.925s] -- Up-to-date symlink: /home/antonio/antonio_ws/Antonio/antonio_description/install/antonio_description/share/antonio_description/src/rplidar_ros2/launch/view_rplidar_a3.launch.py
[0.925s] -- Up-to-date symlink: /home/antonio/antonio_ws/Antonio/antonio_description/install/antonio_description/share/antonio_description/src/rplidar_ros2/launch/view_rplidar_s1.launch.py
[0.926s] -- Up-to-date symlink: /home/antonio/antonio_ws/Antonio/antonio_description/install/antonio_description/share/antonio_description/src/rplidar_ros2/launch/view_rplidar_s1_tcp.launch.py
[0.938s] -- Up-to-date symlink: /home/antonio/antonio_ws/Antonio/antonio_description/install/antonio_description/share/antonio_description/src/rplidar_ros2/package.xml
[0.939s] -- Up-to-date symlink: /home/antonio/antonio_ws/Antonio/antonio_description/install/antonio_description/share/antonio_description/src/rplidar_ros2/rplidar_A1.png
[0.941s] -- Up-to-date symlink: /home/antonio/antonio_ws/Antonio/antonio_description/install/antonio_description/share/antonio_description/src/rplidar_ros2/rplidar_A2.png
[0.942s] -- Up-to-date symlink: /home/antonio/antonio_ws/Antonio/antonio_description/install/antonio_description/share/antonio_description/src/rplidar_ros2/rviz/rplidar.rviz
[0.942s] -- Up-to-date symlink: /home/antonio/antonio_ws/Antonio/antonio_description/install/antonio_description/share/antonio_description/src/rplidar_ros2/scripts/create_udev_rules.sh
[0.955s] -- Up-to-date symlink: /home/antonio/antonio_ws/Antonio/antonio_description/install/antonio_description/share/antonio_description/src/rplidar_ros2/scripts/delete_udev_rules.sh
[0.958s] -- Up-to-date symlink: /home/antonio/antonio_ws/Antonio/antonio_description/install/antonio_description/share/antonio_description/src/rplidar_ros2/scripts/rplidar.rules
[0.959s] -- Up-to-date symlink: /home/antonio/antonio_ws/Antonio/antonio_description/install/antonio_description/share/antonio_description/src/rplidar_ros2/sdk/README.txt
[0.959s] -- Up-to-date symlink: /home/antonio/antonio_ws/Antonio/antonio_description/install/antonio_description/share/antonio_description/src/rplidar_ros2/sdk/include/rplidar.h
[0.960s] -- Up-to-date symlink: /home/antonio/antonio_ws/Antonio/antonio_description/install/antonio_description/share/antonio_description/src/rplidar_ros2/sdk/include/rplidar_cmd.h
[0.961s] -- Up-to-date symlink: /home/antonio/antonio_ws/Antonio/antonio_description/install/antonio_description/share/antonio_description/src/rplidar_ros2/sdk/include/rplidar_driver.h
[0.973s] -- Up-to-date symlink: /home/antonio/antonio_ws/Antonio/antonio_description/install/antonio_description/share/antonio_description/src/rplidar_ros2/sdk/include/rplidar_protocol.h
[0.974s] -- Up-to-date symlink: /home/antonio/antonio_ws/Antonio/antonio_description/install/antonio_description/share/antonio_description/src/rplidar_ros2/sdk/include/rptypes.h
[0.975s] -- Up-to-date symlink: /home/antonio/antonio_ws/Antonio/antonio_description/install/antonio_description/share/antonio_description/src/rplidar_ros2/sdk/src/arch/linux/arch_linux.h
[0.975s] -- Up-to-date symlink: /home/antonio/antonio_ws/Antonio/antonio_description/install/antonio_description/share/antonio_description/src/rplidar_ros2/sdk/src/arch/linux/net_serial.cpp
[0.976s] -- Up-to-date symlink: /home/antonio/antonio_ws/Antonio/antonio_description/install/antonio_description/share/antonio_description/src/rplidar_ros2/sdk/src/arch/linux/net_serial.h
[0.989s] -- Up-to-date symlink: /home/antonio/antonio_ws/Antonio/antonio_description/install/antonio_description/share/antonio_description/src/rplidar_ros2/sdk/src/arch/linux/net_socket.cpp
[0.990s] -- Up-to-date symlink: /home/antonio/antonio_ws/Antonio/antonio_description/install/antonio_description/share/antonio_description/src/rplidar_ros2/sdk/src/arch/linux/thread.hpp
[0.990s] -- Up-to-date symlink: /home/antonio/antonio_ws/Antonio/antonio_description/install/antonio_description/share/antonio_description/src/rplidar_ros2/sdk/src/arch/linux/timer.cpp
[0.990s] -- Up-to-date symlink: /home/antonio/antonio_ws/Antonio/antonio_description/install/antonio_description/share/antonio_description/src/rplidar_ros2/sdk/src/arch/linux/timer.h
[0.991s] -- Up-to-date symlink: /home/antonio/antonio_ws/Antonio/antonio_description/install/antonio_description/share/antonio_description/src/rplidar_ros2/sdk/src/arch/macOS/arch_macOS.h
[0.992s] -- Up-to-date symlink: /home/antonio/antonio_ws/Antonio/antonio_description/install/antonio_description/share/antonio_description/src/rplidar_ros2/sdk/src/arch/macOS/net_serial.cpp
[0.993s] -- Up-to-date symlink: /home/antonio/antonio_ws/Antonio/antonio_description/install/antonio_description/share/antonio_description/src/rplidar_ros2/sdk/src/arch/macOS/net_serial.h
[0.994s] -- Up-to-date symlink: /home/antonio/antonio_ws/Antonio/antonio_description/install/antonio_description/share/antonio_description/src/rplidar_ros2/sdk/src/arch/macOS/net_socket.cpp
[0.994s] -- Up-to-date symlink: /home/antonio/antonio_ws/Antonio/antonio_description/install/antonio_description/share/antonio_description/src/rplidar_ros2/sdk/src/arch/macOS/thread.hpp
[0.995s] -- Up-to-date symlink: /home/antonio/antonio_ws/Antonio/antonio_description/install/antonio_description/share/antonio_description/src/rplidar_ros2/sdk/src/arch/macOS/timer.cpp
[0.995s] -- Up-to-date symlink: /home/antonio/antonio_ws/Antonio/antonio_description/install/antonio_description/share/antonio_description/src/rplidar_ros2/sdk/src/arch/macOS/timer.h
[0.996s] -- Up-to-date symlink: /home/antonio/antonio_ws/Antonio/antonio_description/install/antonio_description/share/antonio_description/src/rplidar_ros2/sdk/src/arch/win32/arch_win32.h
[0.997s] -- Up-to-date symlink: /home/antonio/antonio_ws/Antonio/antonio_description/install/antonio_description/share/antonio_description/src/rplidar_ros2/sdk/src/arch/win32/net_serial.cpp
[0.997s] -- Up-to-date symlink: /home/antonio/antonio_ws/Antonio/antonio_description/install/antonio_description/share/antonio_description/src/rplidar_ros2/sdk/src/arch/win32/net_serial.h
[0.998s] -- Up-to-date symlink: /home/antonio/antonio_ws/Antonio/antonio_description/install/antonio_description/share/antonio_description/src/rplidar_ros2/sdk/src/arch/win32/net_socket.cpp
[0.998s] -- Up-to-date symlink: /home/antonio/antonio_ws/Antonio/antonio_description/install/antonio_description/share/antonio_description/src/rplidar_ros2/sdk/src/arch/win32/timer.cpp
[0.998s] -- Up-to-date symlink: /home/antonio/antonio_ws/Antonio/antonio_description/install/antonio_description/share/antonio_description/src/rplidar_ros2/sdk/src/arch/win32/timer.h
[0.999s] -- Up-to-date symlink: /home/antonio/antonio_ws/Antonio/antonio_description/install/antonio_description/share/antonio_description/src/rplidar_ros2/sdk/src/arch/win32/winthread.hpp
[0.999s] -- Up-to-date symlink: /home/antonio/antonio_ws/Antonio/antonio_description/install/antonio_description/share/antonio_description/src/rplidar_ros2/sdk/src/hal/abs_rxtx.h
[0.999s] -- Up-to-date symlink: /home/antonio/antonio_ws/Antonio/antonio_description/install/antonio_description/share/antonio_description/src/rplidar_ros2/sdk/src/hal/assert.h
[0.999s] -- Up-to-date symlink: /home/antonio/antonio_ws/Antonio/antonio_description/install/antonio_description/share/antonio_description/src/rplidar_ros2/sdk/src/hal/byteops.h
[0.999s] -- Up-to-date symlink: /home/antonio/antonio_ws/Antonio/antonio_description/install/antonio_description/share/antonio_description/src/rplidar_ros2/sdk/src/hal/event.h
[1.000s] -- Up-to-date symlink: /home/antonio/antonio_ws/Antonio/antonio_description/install/antonio_description/share/antonio_description/src/rplidar_ros2/sdk/src/hal/locker.h
[1.000s] -- Up-to-date symlink: /home/antonio/antonio_ws/Antonio/antonio_description/install/antonio_description/share/antonio_description/src/rplidar_ros2/sdk/src/hal/socket.h
[1.000s] -- Up-to-date symlink: /home/antonio/antonio_ws/Antonio/antonio_description/install/antonio_description/share/antonio_description/src/rplidar_ros2/sdk/src/hal/thread.cpp
[1.000s] -- Up-to-date symlink: /home/antonio/antonio_ws/Antonio/antonio_description/install/antonio_description/share/antonio_description/src/rplidar_ros2/sdk/src/hal/thread.h
[1.000s] -- Up-to-date symlink: /home/antonio/antonio_ws/Antonio/antonio_description/install/antonio_description/share/antonio_description/src/rplidar_ros2/sdk/src/hal/types.h
[1.001s] -- Up-to-date symlink: /home/antonio/antonio_ws/Antonio/antonio_description/install/antonio_description/share/antonio_description/src/rplidar_ros2/sdk/src/hal/util.h
[1.008s] -- Up-to-date symlink: /home/antonio/antonio_ws/Antonio/antonio_description/install/antonio_description/share/antonio_description/src/rplidar_ros2/sdk/src/rplidar_driver.cpp
[1.008s] -- Up-to-date symlink: /home/antonio/antonio_ws/Antonio/antonio_description/install/antonio_description/share/antonio_description/src/rplidar_ros2/sdk/src/rplidar_driver_TCP.h
[1.010s] -- Up-to-date symlink: /home/antonio/antonio_ws/Antonio/antonio_description/install/antonio_description/share/antonio_description/src/rplidar_ros2/sdk/src/rplidar_driver_impl.h
[1.011s] -- Up-to-date symlink: /home/antonio/antonio_ws/Antonio/antonio_description/install/antonio_description/share/antonio_description/src/rplidar_ros2/sdk/src/rplidar_driver_serial.h
[1.011s] -- Up-to-date symlink: /home/antonio/antonio_ws/Antonio/antonio_description/install/antonio_description/share/antonio_description/src/rplidar_ros2/sdk/src/sdkcommon.h
[1.011s] -- Up-to-date symlink: /home/antonio/antonio_ws/Antonio/antonio_description/install/antonio_description/share/antonio_description/src/rplidar_ros2/src/rplidar_node.cpp
[1.012s] -- Up-to-date symlink: /home/antonio/antonio_ws/Antonio/antonio_description/install/antonio_description/share/antonio_description/src/rplidar_ros2/src/standalone_rplidar.cpp
[1.022s] -- Up-to-date symlink: /home/antonio/antonio_ws/Antonio/antonio_description/install/antonio_description/share/antonio_description/launch/__pycache__/display.launch.cpython-310.pyc
[1.024s] -- Up-to-date symlink: /home/antonio/antonio_ws/Antonio/antonio_description/install/antonio_description/share/antonio_description/launch/display.launch.py
[1.025s] -- Up-to-date symlink: /home/antonio/antonio_ws/Antonio/antonio_description/install/antonio_description/share/antonio_description/rviz/urdf_config.rviz
[1.026s] -- Up-to-date symlink: /home/antonio/antonio_ws/Antonio/antonio_description/install/antonio_description/share/antonio_description/config/ekf.yaml
[1.027s] -- Up-to-date symlink: /home/antonio/antonio_ws/Antonio/antonio_description/install/antonio_description/share/antonio_description/config/nav2_params.yaml
[1.027s] -- Up-to-date symlink: /home/antonio/antonio_ws/Antonio/antonio_description/install/antonio_description/share/antonio_description/world/antonio_world.sdf
[1.028s] -- Up-to-date symlink: /home/antonio/antonio_ws/Antonio/antonio_description/install/antonio_description/lib/antonio_description/Wheels_odom_tf2_broadcaster
[1.029s] -- Up-to-date symlink: /home/antonio/antonio_ws/Antonio/antonio_description/install/antonio_description/share/ament_index/resource_index/package_run_dependencies/antonio_description
[1.029s] -- Up-to-date symlink: /home/antonio/antonio_ws/Antonio/antonio_description/install/antonio_description/share/ament_index/resource_index/parent_prefix_path/antonio_description
[1.030s] -- Up-to-date symlink: /home/antonio/antonio_ws/Antonio/antonio_description/install/antonio_description/share/antonio_description/environment/ament_prefix_path.sh
[1.031s] -- Up-to-date symlink: /home/antonio/antonio_ws/Antonio/antonio_description/install/antonio_description/share/antonio_description/environment/ament_prefix_path.dsv
[1.031s] -- Up-to-date symlink: /home/antonio/antonio_ws/Antonio/antonio_description/install/antonio_description/share/antonio_description/environment/path.sh
[1.032s] -- Up-to-date symlink: /home/antonio/antonio_ws/Antonio/antonio_description/install/antonio_description/share/antonio_description/environment/path.dsv
[1.032s] -- Up-to-date symlink: /home/antonio/antonio_ws/Antonio/antonio_description/install/antonio_description/share/antonio_description/local_setup.bash
[1.033s] -- Up-to-date symlink: /home/antonio/antonio_ws/Antonio/antonio_description/install/antonio_description/share/antonio_description/local_setup.sh
[1.033s] -- Up-to-date symlink: /home/antonio/antonio_ws/Antonio/antonio_description/install/antonio_description/share/antonio_description/local_setup.zsh
[1.034s] -- Up-to-date symlink: /home/antonio/antonio_ws/Antonio/antonio_description/install/antonio_description/share/antonio_description/local_setup.dsv
[1.034s] -- Symlinking: /home/antonio/antonio_ws/Antonio/antonio_description/install/antonio_description/share/antonio_description/package.dsv
[1.049s] -- Up-to-date symlink: /home/antonio/antonio_ws/Antonio/antonio_description/install/antonio_description/share/ament_index/resource_index/packages/antonio_description
[1.050s] -- Up-to-date symlink: /home/antonio/antonio_ws/Antonio/antonio_description/install/antonio_description/share/antonio_description/cmake/antonio_descriptionConfig.cmake
[1.051s] -- Up-to-date symlink: /home/antonio/antonio_ws/Antonio/antonio_description/install/antonio_description/share/antonio_description/cmake/antonio_descriptionConfig-version.cmake
[1.066s] -- Up-to-date symlink: /home/antonio/antonio_ws/Antonio/antonio_description/install/antonio_description/share/antonio_description/package.xml
[1.069s] Invoked command in '/home/antonio/antonio_ws/Antonio/antonio_description/build/antonio_description' returned '0': CMAKE_PREFIX_PATH=${CMAKE_PREFIX_PATH}:/opt/ros/humble /usr/bin/cmake --install /home/antonio/antonio_ws/Antonio/antonio_description/build/antonio_description
