[3.508s] DEBUG:colcon:Command line arguments: ['/usr/bin/colcon', 'build', '--symlink-install']
[3.508s] DEBUG:colcon:Parsed command line arguments: Namespace(log_base=None, log_level=None, verb_name='build', build_base='build', install_base='install', merge_install=False, symlink_install=True, test_result_base=None, continue_on_error=False, executor='parallel', parallel_workers=4, event_handlers=None, ignore_user_meta=False, metas=['./colcon.meta'], base_paths=['.'], packages_ignore=None, packages_ignore_regex=None, paths=None, packages_up_to=None, packages_up_to_regex=None, packages_above=None, packages_above_and_dependencies=None, packages_above_depth=None, packages_select_by_dep=None, packages_skip_by_dep=None, packages_skip_up_to=None, packages_select_build_failed=False, packages_skip_build_finished=False, packages_select_test_failures=False, packages_skip_test_passed=False, packages_select=None, packages_skip=None, packages_select_regex=None, packages_skip_regex=None, packages_start=None, packages_end=None, allow_overriding=[], cmake_args=None, cmake_target=None, cmake_target_skip_unavailable=False, cmake_clean_cache=False, cmake_clean_first=False, cmake_force_configure=False, ament_cmake_args=None, catkin_cmake_args=None, catkin_skip_building_tests=False, verb_parser=<colcon_defaults.argument_parser.defaults.DefaultArgumentsDecorator object at 0x7f16133d27d0>, verb_extension=<colcon_core.verb.build.BuildVerb object at 0x7f16133d3ac0>, main=<bound method BuildVerb.main of <colcon_core.verb.build.BuildVerb object at 0x7f16133d3ac0>>)
[3.665s] Level 1:colcon.colcon_core.package_discovery:discover_packages(colcon_meta) check parameters
[3.665s] Level 1:colcon.colcon_core.package_discovery:discover_packages(recursive) check parameters
[3.665s] Level 1:colcon.colcon_core.package_discovery:discover_packages(ignore) check parameters
[3.665s] Level 1:colcon.colcon_core.package_discovery:discover_packages(path) check parameters
[3.665s] Level 1:colcon.colcon_core.package_discovery:discover_packages(colcon_meta) discover
[3.665s] Level 1:colcon.colcon_core.package_discovery:discover_packages(recursive) discover
[3.665s] INFO:colcon.colcon_core.package_discovery:Crawling recursively for packages in '/home/antonio/antonio_ws/Antonio/antonio_description'
[3.665s] Level 1:colcon.colcon_core.package_identification:_identify(.) by extensions ['ignore', 'ignore_ament_install']
[3.666s] Level 1:colcon.colcon_core.package_identification:_identify(.) by extension 'ignore'
[3.666s] Level 1:colcon.colcon_core.package_identification:_identify(.) by extension 'ignore_ament_install'
[3.666s] Level 1:colcon.colcon_core.package_identification:_identify(.) by extensions ['colcon_pkg']
[3.666s] Level 1:colcon.colcon_core.package_identification:_identify(.) by extension 'colcon_pkg'
[3.666s] Level 1:colcon.colcon_core.package_identification:_identify(.) by extensions ['colcon_meta']
[3.666s] Level 1:colcon.colcon_core.package_identification:_identify(.) by extension 'colcon_meta'
[3.666s] Level 1:colcon.colcon_core.package_identification:_identify(.) by extensions ['ros']
[3.666s] Level 1:colcon.colcon_core.package_identification:_identify(.) by extension 'ros'
[3.775s] DEBUG:colcon.colcon_core.package_identification:Package '.' with type 'ros.ament_cmake' and name 'antonio_description'
[3.776s] Level 1:colcon.colcon_core.package_discovery:discover_packages(recursive) using defaults
[3.776s] Level 1:colcon.colcon_core.package_discovery:discover_packages(ignore) discover
[3.776s] Level 1:colcon.colcon_core.package_discovery:discover_packages(ignore) using defaults
[3.776s] Level 1:colcon.colcon_core.package_discovery:discover_packages(path) discover
[3.776s] Level 1:colcon.colcon_core.package_discovery:discover_packages(path) using defaults
[4.057s] Level 1:colcon.colcon_core.package_discovery:discover_packages(prefix_path) check parameters
[4.058s] Level 1:colcon.colcon_core.package_discovery:discover_packages(prefix_path) discover
[4.134s] DEBUG:colcon.colcon_installed_package_information.package_discovery:Found 1 installed packages in /home/antonio/antonio_ws/Antonio/antonio_description/install
[4.160s] DEBUG:colcon.colcon_installed_package_information.package_discovery:Found 358 installed packages in /opt/ros/humble
[4.163s] Level 1:colcon.colcon_core.package_discovery:discover_packages(prefix_path) using defaults
[4.441s] Level 5:colcon.colcon_core.verb:set package 'antonio_description' build argument 'cmake_args' from command line to 'None'
[4.441s] Level 5:colcon.colcon_core.verb:set package 'antonio_description' build argument 'cmake_target' from command line to 'None'
[4.441s] Level 5:colcon.colcon_core.verb:set package 'antonio_description' build argument 'cmake_target_skip_unavailable' from command line to 'False'
[4.442s] Level 5:colcon.colcon_core.verb:set package 'antonio_description' build argument 'cmake_clean_cache' from command line to 'False'
[4.442s] Level 5:colcon.colcon_core.verb:set package 'antonio_description' build argument 'cmake_clean_first' from command line to 'False'
[4.442s] Level 5:colcon.colcon_core.verb:set package 'antonio_description' build argument 'cmake_force_configure' from command line to 'False'
[4.442s] Level 5:colcon.colcon_core.verb:set package 'antonio_description' build argument 'ament_cmake_args' from command line to 'None'
[4.442s] Level 5:colcon.colcon_core.verb:set package 'antonio_description' build argument 'catkin_cmake_args' from command line to 'None'
[4.442s] Level 5:colcon.colcon_core.verb:set package 'antonio_description' build argument 'catkin_skip_building_tests' from command line to 'False'
[4.442s] DEBUG:colcon.colcon_core.verb:Building package 'antonio_description' with the following arguments: {'ament_cmake_args': None, 'build_base': '/home/antonio/antonio_ws/Antonio/antonio_description/build/antonio_description', 'catkin_cmake_args': None, 'catkin_skip_building_tests': False, 'cmake_args': None, 'cmake_clean_cache': False, 'cmake_clean_first': False, 'cmake_force_configure': False, 'cmake_target': None, 'cmake_target_skip_unavailable': False, 'install_base': '/home/antonio/antonio_ws/Antonio/antonio_description/install/antonio_description', 'merge_install': False, 'path': '/home/antonio/antonio_ws/Antonio/antonio_description', 'symlink_install': True, 'test_result_base': None}
[4.466s] INFO:colcon.colcon_core.executor:Executing jobs using 'parallel' executor
[4.491s] DEBUG:colcon.colcon_parallel_executor.executor.parallel:run_until_complete
[4.491s] INFO:colcon.colcon_ros.task.ament_cmake.build:Building ROS package in '/home/antonio/antonio_ws/Antonio/antonio_description' with build type 'ament_cmake'
[4.491s] INFO:colcon.colcon_cmake.task.cmake.build:Building CMake package in '/home/antonio/antonio_ws/Antonio/antonio_description'
[4.557s] INFO:colcon.colcon_core.plugin_system:Skipping extension 'colcon_core.shell.bat': Not used on non-Windows systems
[4.557s] INFO:colcon.colcon_core.shell:Skip shell extension 'powershell' for command environment: Not usable outside of PowerShell
[4.557s] DEBUG:colcon.colcon_core.shell:Skip shell extension 'dsv' for command environment
[4.702s] DEBUG:colcon.colcon_core.event_handler.log_command:Invoking command in '/home/antonio/antonio_ws/Antonio/antonio_description/build/antonio_description': CMAKE_PREFIX_PATH=${CMAKE_PREFIX_PATH}:/opt/ros/humble /usr/bin/cmake --build /home/antonio/antonio_ws/Antonio/antonio_description/build/antonio_description -- -j4 -l4
[5.358s] DEBUG:colcon.colcon_core.event_handler.log_command:Invoked command in '/home/antonio/antonio_ws/Antonio/antonio_description/build/antonio_description' returned '0': CMAKE_PREFIX_PATH=${CMAKE_PREFIX_PATH}:/opt/ros/humble /usr/bin/cmake --build /home/antonio/antonio_ws/Antonio/antonio_description/build/antonio_description -- -j4 -l4
[5.402s] DEBUG:colcon.colcon_core.event_handler.log_command:Invoking command in '/home/antonio/antonio_ws/Antonio/antonio_description/build/antonio_description': CMAKE_PREFIX_PATH=${CMAKE_PREFIX_PATH}:/opt/ros/humble /usr/bin/cmake --install /home/antonio/antonio_ws/Antonio/antonio_description/build/antonio_description
[5.561s] Level 1:colcon.colcon_core.environment:create_environment_scripts_only(antonio_description)
[5.561s] DEBUG:colcon.colcon_core.event_handler.log_command:Invoked command in '/home/antonio/antonio_ws/Antonio/antonio_description/build/antonio_description' returned '0': CMAKE_PREFIX_PATH=${CMAKE_PREFIX_PATH}:/opt/ros/humble /usr/bin/cmake --install /home/antonio/antonio_ws/Antonio/antonio_description/build/antonio_description
[5.698s] Level 1:colcon.colcon_core.environment:checking '/home/antonio/antonio_ws/Antonio/antonio_description/install/antonio_description' for CMake module files
[5.700s] Level 1:colcon.colcon_core.environment:checking '/home/antonio/antonio_ws/Antonio/antonio_description/install/antonio_description' for CMake config files
[5.700s] Level 1:colcon.colcon_core.shell:create_environment_hook('antonio_description', 'cmake_prefix_path')
[5.732s] INFO:colcon.colcon_core.shell:Creating environment hook '/home/antonio/antonio_ws/Antonio/antonio_description/install/antonio_description/share/antonio_description/hook/cmake_prefix_path.ps1'
[5.758s] INFO:colcon.colcon_core.shell:Creating environment descriptor '/home/antonio/antonio_ws/Antonio/antonio_description/install/antonio_description/share/antonio_description/hook/cmake_prefix_path.dsv'
[5.773s] INFO:colcon.colcon_core.shell:Creating environment hook '/home/antonio/antonio_ws/Antonio/antonio_description/install/antonio_description/share/antonio_description/hook/cmake_prefix_path.sh'
[5.775s] Level 1:colcon.colcon_core.environment:checking '/home/antonio/antonio_ws/Antonio/antonio_description/install/antonio_description/lib'
[5.776s] Level 1:colcon.colcon_core.environment:checking '/home/antonio/antonio_ws/Antonio/antonio_description/install/antonio_description/bin'
[5.776s] Level 1:colcon.colcon_core.environment:checking '/home/antonio/antonio_ws/Antonio/antonio_description/install/antonio_description/lib/pkgconfig/antonio_description.pc'
[5.776s] Level 1:colcon.colcon_core.environment:checking '/home/antonio/antonio_ws/Antonio/antonio_description/install/antonio_description/lib/python3.10/site-packages'
[5.777s] Level 1:colcon.colcon_core.environment:checking '/home/antonio/antonio_ws/Antonio/antonio_description/install/antonio_description/bin'
[5.818s] INFO:colcon.colcon_core.shell:Creating package script '/home/antonio/antonio_ws/Antonio/antonio_description/install/antonio_description/share/antonio_description/package.ps1'
[5.821s] INFO:colcon.colcon_core.shell:Creating package descriptor '/home/antonio/antonio_ws/Antonio/antonio_description/install/antonio_description/share/antonio_description/package.dsv'
[5.823s] INFO:colcon.colcon_core.shell:Creating package script '/home/antonio/antonio_ws/Antonio/antonio_description/install/antonio_description/share/antonio_description/package.sh'
[5.825s] INFO:colcon.colcon_core.shell:Creating package script '/home/antonio/antonio_ws/Antonio/antonio_description/install/antonio_description/share/antonio_description/package.bash'
[5.848s] INFO:colcon.colcon_core.shell:Creating package script '/home/antonio/antonio_ws/Antonio/antonio_description/install/antonio_description/share/antonio_description/package.zsh'
[5.855s] Level 1:colcon.colcon_core.environment:create_file_with_runtime_dependencies(/home/antonio/antonio_ws/Antonio/antonio_description/install/antonio_description/share/colcon-core/packages/antonio_description)
[5.916s] Level 1:colcon.colcon_core.environment:create_environment_scripts_only(antonio_description)
[5.939s] Level 1:colcon.colcon_core.environment:checking '/home/antonio/antonio_ws/Antonio/antonio_description/install/antonio_description' for CMake module files
[5.940s] Level 1:colcon.colcon_core.environment:checking '/home/antonio/antonio_ws/Antonio/antonio_description/install/antonio_description' for CMake config files
[5.941s] Level 1:colcon.colcon_core.shell:create_environment_hook('antonio_description', 'cmake_prefix_path')
[5.964s] INFO:colcon.colcon_core.shell:Creating environment hook '/home/antonio/antonio_ws/Antonio/antonio_description/install/antonio_description/share/antonio_description/hook/cmake_prefix_path.ps1'
[5.965s] INFO:colcon.colcon_core.shell:Creating environment descriptor '/home/antonio/antonio_ws/Antonio/antonio_description/install/antonio_description/share/antonio_description/hook/cmake_prefix_path.dsv'
[5.965s] INFO:colcon.colcon_core.shell:Creating environment hook '/home/antonio/antonio_ws/Antonio/antonio_description/install/antonio_description/share/antonio_description/hook/cmake_prefix_path.sh'
[5.966s] Level 1:colcon.colcon_core.environment:checking '/home/antonio/antonio_ws/Antonio/antonio_description/install/antonio_description/lib'
[5.966s] Level 1:colcon.colcon_core.environment:checking '/home/antonio/antonio_ws/Antonio/antonio_description/install/antonio_description/bin'
[5.967s] Level 1:colcon.colcon_core.environment:checking '/home/antonio/antonio_ws/Antonio/antonio_description/install/antonio_description/lib/pkgconfig/antonio_description.pc'
[5.967s] Level 1:colcon.colcon_core.environment:checking '/home/antonio/antonio_ws/Antonio/antonio_description/install/antonio_description/lib/python3.10/site-packages'
[5.967s] Level 1:colcon.colcon_core.environment:checking '/home/antonio/antonio_ws/Antonio/antonio_description/install/antonio_description/bin'
[5.991s] INFO:colcon.colcon_core.shell:Creating package script '/home/antonio/antonio_ws/Antonio/antonio_description/install/antonio_description/share/antonio_description/package.ps1'
[5.992s] INFO:colcon.colcon_core.shell:Creating package descriptor '/home/antonio/antonio_ws/Antonio/antonio_description/install/antonio_description/share/antonio_description/package.dsv'
[5.992s] INFO:colcon.colcon_core.shell:Creating package script '/home/antonio/antonio_ws/Antonio/antonio_description/install/antonio_description/share/antonio_description/package.sh'
[5.993s] INFO:colcon.colcon_core.shell:Creating package script '/home/antonio/antonio_ws/Antonio/antonio_description/install/antonio_description/share/antonio_description/package.bash'
[5.993s] INFO:colcon.colcon_core.shell:Creating package script '/home/antonio/antonio_ws/Antonio/antonio_description/install/antonio_description/share/antonio_description/package.zsh'
[5.994s] Level 1:colcon.colcon_core.environment:create_file_with_runtime_dependencies(/home/antonio/antonio_ws/Antonio/antonio_description/install/antonio_description/share/colcon-core/packages/antonio_description)
[5.994s] DEBUG:colcon.colcon_parallel_executor.executor.parallel:closing loop
[5.996s] DEBUG:colcon.colcon_parallel_executor.executor.parallel:loop closed
[5.996s] DEBUG:colcon.colcon_parallel_executor.executor.parallel:run_until_complete finished with '0'
[5.996s] DEBUG:colcon.colcon_core.event_reactor:joining thread
[6.133s] INFO:colcon.colcon_core.plugin_system:Skipping extension 'colcon_notification.desktop_notification.terminal_notifier': Not used on non-Darwin systems
[6.134s] INFO:colcon.colcon_core.plugin_system:Skipping extension 'colcon_notification.desktop_notification.win32': Not used on non-Windows systems
[6.134s] INFO:colcon.colcon_notification.desktop_notification:Sending desktop notification using 'notify2'
[7.830s] DEBUG:colcon.colcon_core.event_reactor:joined thread
[7.866s] INFO:colcon.colcon_core.shell:Creating prefix script '/home/antonio/antonio_ws/Antonio/antonio_description/install/local_setup.ps1'
[7.878s] INFO:colcon.colcon_core.shell:Creating prefix util module '/home/antonio/antonio_ws/Antonio/antonio_description/install/_local_setup_util_ps1.py'
[7.894s] INFO:colcon.colcon_core.shell:Creating prefix chain script '/home/antonio/antonio_ws/Antonio/antonio_description/install/setup.ps1'
[7.933s] INFO:colcon.colcon_core.shell:Creating prefix script '/home/antonio/antonio_ws/Antonio/antonio_description/install/local_setup.sh'
[7.967s] INFO:colcon.colcon_core.shell:Creating prefix util module '/home/antonio/antonio_ws/Antonio/antonio_description/install/_local_setup_util_sh.py'
[7.968s] INFO:colcon.colcon_core.shell:Creating prefix chain script '/home/antonio/antonio_ws/Antonio/antonio_description/install/setup.sh'
[7.995s] INFO:colcon.colcon_core.shell:Creating prefix script '/home/antonio/antonio_ws/Antonio/antonio_description/install/local_setup.bash'
[8.008s] INFO:colcon.colcon_core.shell:Creating prefix chain script '/home/antonio/antonio_ws/Antonio/antonio_description/install/setup.bash'
[8.036s] INFO:colcon.colcon_core.shell:Creating prefix script '/home/antonio/antonio_ws/Antonio/antonio_description/install/local_setup.zsh'
[8.048s] INFO:colcon.colcon_core.shell:Creating prefix chain script '/home/antonio/antonio_ws/Antonio/antonio_description/install/setup.zsh'
