[0.124s] Invoking command in '/home/antonio/antonio_ws/Antonio/antonio_description/build/antonio_description': CMAKE_PREFIX_PATH=${CMAKE_PREFIX_PATH}:/opt/ros/humble /usr/bin/cmake --build /home/antonio/antonio_ws/Antonio/antonio_description/build/antonio_description -- -j4 -l4
[0.183s] [35m[1mConsolidate compiler generated dependencies of target Wheels_odom_tf2_broadcaster[0m
[0.217s] [ 50%] [32mBuilding CXX object CMakeFiles/Wheels_odom_tf2_broadcaster.dir/src/Wheels_odom_tf2_broadcaster.cpp.o[0m
[12.861s] [100%] [32m[1mLinking CXX executable Wheels_odom_tf2_broadcaster[0m
[13.604s] [100%] Built target Wheels_odom_tf2_broadcaster
[13.618s] Invoked command in '/home/antonio/antonio_ws/Antonio/antonio_description/build/antonio_description' returned '0': CMAKE_PREFIX_PATH=${CMAKE_PREFIX_PATH}:/opt/ros/humble /usr/bin/cmake --build /home/antonio/antonio_ws/Antonio/antonio_description/build/antonio_description -- -j4 -l4
[13.664s] Invoking command in '/home/antonio/antonio_ws/Antonio/antonio_description/build/antonio_description': CMAKE_PREFIX_PATH=${CMAKE_PREFIX_PATH}:/opt/ros/humble /usr/bin/cmake --install /home/antonio/antonio_ws/Antonio/antonio_description/build/antonio_description
[13.674s] -- Install configuration: ""
[13.674s] -- Execute custom install script
[13.677s] -- Up-to-date symlink: /home/antonio/antonio_ws/Antonio/antonio_description/install/antonio_description/share/antonio_description/src/Wheels_odom_tf2_broadcaster.cpp
[13.677s] -- Up-to-date symlink: /home/antonio/antonio_ws/Antonio/antonio_description/install/antonio_description/share/antonio_description/src/description/antonio_description.urdf
[13.677s] -- Up-to-date symlink: /home/antonio/antonio_ws/Antonio/antonio_description/install/antonio_description/share/antonio_description/src/rplidar_ros2/.git/FETCH_HEAD
[13.677s] -- Up-to-date symlink: /home/antonio/antonio_ws/Antonio/antonio_description/install/antonio_description/share/antonio_description/src/rplidar_ros2/.git/HEAD
[13.678s] -- Up-to-date symlink: /home/antonio/antonio_ws/Antonio/antonio_description/install/antonio_description/share/antonio_description/src/rplidar_ros2/.git/config
[13.678s] -- Up-to-date symlink: /home/antonio/antonio_ws/Antonio/antonio_description/install/antonio_description/share/antonio_description/src/rplidar_ros2/.git/description
[13.678s] -- Up-to-date symlink: /home/antonio/antonio_ws/Antonio/antonio_description/install/antonio_description/share/antonio_description/src/rplidar_ros2/.git/hooks/applypatch-msg.sample
[13.678s] -- Up-to-date symlink: /home/antonio/antonio_ws/Antonio/antonio_description/install/antonio_description/share/antonio_description/src/rplidar_ros2/.git/hooks/commit-msg.sample
[13.679s] -- Up-to-date symlink: /home/antonio/antonio_ws/Antonio/antonio_description/install/antonio_description/share/antonio_description/src/rplidar_ros2/.git/hooks/fsmonitor-watchman.sample
[13.679s] -- Up-to-date symlink: /home/antonio/antonio_ws/Antonio/antonio_description/install/antonio_description/share/antonio_description/src/rplidar_ros2/.git/hooks/post-update.sample
[13.679s] -- Up-to-date symlink: /home/antonio/antonio_ws/Antonio/antonio_description/install/antonio_description/share/antonio_description/src/rplidar_ros2/.git/hooks/pre-applypatch.sample
[13.680s] -- Up-to-date symlink: /home/antonio/antonio_ws/Antonio/antonio_description/install/antonio_description/share/antonio_description/src/rplidar_ros2/.git/hooks/pre-commit.sample
[13.680s] -- Up-to-date symlink: /home/antonio/antonio_ws/Antonio/antonio_description/install/antonio_description/share/antonio_description/src/rplidar_ros2/.git/hooks/pre-merge-commit.sample
[13.680s] -- Up-to-date symlink: /home/antonio/antonio_ws/Antonio/antonio_description/install/antonio_description/share/antonio_description/src/rplidar_ros2/.git/hooks/pre-push.sample
[13.680s] -- Up-to-date symlink: /home/antonio/antonio_ws/Antonio/antonio_description/install/antonio_description/share/antonio_description/src/rplidar_ros2/.git/hooks/pre-rebase.sample
[13.681s] -- Up-to-date symlink: /home/antonio/antonio_ws/Antonio/antonio_description/install/antonio_description/share/antonio_description/src/rplidar_ros2/.git/hooks/pre-receive.sample
[13.681s] -- Up-to-date symlink: /home/antonio/antonio_ws/Antonio/antonio_description/install/antonio_description/share/antonio_description/src/rplidar_ros2/.git/hooks/prepare-commit-msg.sample
[13.681s] -- Up-to-date symlink: /home/antonio/antonio_ws/Antonio/antonio_description/install/antonio_description/share/antonio_description/src/rplidar_ros2/.git/hooks/push-to-checkout.sample
[13.681s] -- Up-to-date symlink: /home/antonio/antonio_ws/Antonio/antonio_description/install/antonio_description/share/antonio_description/src/rplidar_ros2/.git/hooks/update.sample
[13.682s] -- Up-to-date symlink: /home/antonio/antonio_ws/Antonio/antonio_description/install/antonio_description/share/antonio_description/src/rplidar_ros2/.git/index
[13.682s] -- Up-to-date symlink: /home/antonio/antonio_ws/Antonio/antonio_description/install/antonio_description/share/antonio_description/src/rplidar_ros2/.git/info/exclude
[13.682s] -- Up-to-date symlink: /home/antonio/antonio_ws/Antonio/antonio_description/install/antonio_description/share/antonio_description/src/rplidar_ros2/.git/logs/HEAD
[13.682s] -- Up-to-date symlink: /home/antonio/antonio_ws/Antonio/antonio_description/install/antonio_description/share/antonio_description/src/rplidar_ros2/.git/logs/refs/heads/ros2
[13.683s] -- Up-to-date symlink: /home/antonio/antonio_ws/Antonio/antonio_description/install/antonio_description/share/antonio_description/src/rplidar_ros2/.git/logs/refs/remotes/origin/HEAD
[13.683s] -- Up-to-date symlink: /home/antonio/antonio_ws/Antonio/antonio_description/install/antonio_description/share/antonio_description/src/rplidar_ros2/.git/objects/pack/pack-400e6c25f58ef5991c4a2a00f2b38d071276b907.idx
[13.683s] -- Up-to-date symlink: /home/antonio/antonio_ws/Antonio/antonio_description/install/antonio_description/share/antonio_description/src/rplidar_ros2/.git/objects/pack/pack-400e6c25f58ef5991c4a2a00f2b38d071276b907.pack
[13.683s] -- Up-to-date symlink: /home/antonio/antonio_ws/Antonio/antonio_description/install/antonio_description/share/antonio_description/src/rplidar_ros2/.git/objects/pack/pack-e16675e99140ead924424ea9321b1b862b2ff969.idx
[13.684s] -- Up-to-date symlink: /home/antonio/antonio_ws/Antonio/antonio_description/install/antonio_description/share/antonio_description/src/rplidar_ros2/.git/objects/pack/pack-e16675e99140ead924424ea9321b1b862b2ff969.pack
[13.684s] -- Up-to-date symlink: /home/antonio/antonio_ws/Antonio/antonio_description/install/antonio_description/share/antonio_description/src/rplidar_ros2/.git/packed-refs
[13.684s] -- Up-to-date symlink: /home/antonio/antonio_ws/Antonio/antonio_description/install/antonio_description/share/antonio_description/src/rplidar_ros2/.git/refs/heads/ros2
[13.685s] -- Up-to-date symlink: /home/antonio/antonio_ws/Antonio/antonio_description/install/antonio_description/share/antonio_description/src/rplidar_ros2/.git/refs/remotes/origin/HEAD
[13.685s] -- Up-to-date symlink: /home/antonio/antonio_ws/Antonio/antonio_description/install/antonio_description/share/antonio_description/src/rplidar_ros2/.gitignore
[13.685s] -- Up-to-date symlink: /home/antonio/antonio_ws/Antonio/antonio_description/install/antonio_description/share/antonio_description/src/rplidar_ros2/CHANGELOG.rst
[13.685s] -- Up-to-date symlink: /home/antonio/antonio_ws/Antonio/antonio_description/install/antonio_description/share/antonio_description/src/rplidar_ros2/CMakeLists.txt
[13.685s] -- Up-to-date symlink: /home/antonio/antonio_ws/Antonio/antonio_description/install/antonio_description/share/antonio_description/src/rplidar_ros2/LICENSE
[13.686s] -- Up-to-date symlink: /home/antonio/antonio_ws/Antonio/antonio_description/install/antonio_description/share/antonio_description/src/rplidar_ros2/README.md
[13.686s] -- Up-to-date symlink: /home/antonio/antonio_ws/Antonio/antonio_description/install/antonio_description/share/antonio_description/src/rplidar_ros2/include/rplidar_node.hpp
[13.686s] -- Up-to-date symlink: /home/antonio/antonio_ws/Antonio/antonio_description/install/antonio_description/share/antonio_description/src/rplidar_ros2/include/visibility.h
[13.686s] -- Up-to-date symlink: /home/antonio/antonio_ws/Antonio/antonio_description/install/antonio_description/share/antonio_description/src/rplidar_ros2/launch/rplidar.launch.py
[13.687s] -- Up-to-date symlink: /home/antonio/antonio_ws/Antonio/antonio_description/install/antonio_description/share/antonio_description/src/rplidar_ros2/launch/rplidar_a3.launch.py
[13.687s] -- Up-to-date symlink: /home/antonio/antonio_ws/Antonio/antonio_description/install/antonio_description/share/antonio_description/src/rplidar_ros2/launch/rplidar_s1.launch.py
[13.687s] -- Up-to-date symlink: /home/antonio/antonio_ws/Antonio/antonio_description/install/antonio_description/share/antonio_description/src/rplidar_ros2/launch/rplidar_s1_tcp.launch.py
[13.687s] -- Up-to-date symlink: /home/antonio/antonio_ws/Antonio/antonio_description/install/antonio_description/share/antonio_description/src/rplidar_ros2/launch/test_rplidar_a3.launch.py
[13.688s] -- Up-to-date symlink: /home/antonio/antonio_ws/Antonio/antonio_description/install/antonio_description/share/antonio_description/src/rplidar_ros2/launch/view_rplidar.launch.py
[13.688s] -- Up-to-date symlink: /home/antonio/antonio_ws/Antonio/antonio_description/install/antonio_description/share/antonio_description/src/rplidar_ros2/launch/view_rplidar_a3.launch.py
[13.688s] -- Up-to-date symlink: /home/antonio/antonio_ws/Antonio/antonio_description/install/antonio_description/share/antonio_description/src/rplidar_ros2/launch/view_rplidar_s1.launch.py
[13.688s] -- Up-to-date symlink: /home/antonio/antonio_ws/Antonio/antonio_description/install/antonio_description/share/antonio_description/src/rplidar_ros2/launch/view_rplidar_s1_tcp.launch.py
[13.689s] -- Up-to-date symlink: /home/antonio/antonio_ws/Antonio/antonio_description/install/antonio_description/share/antonio_description/src/rplidar_ros2/package.xml
[13.689s] -- Up-to-date symlink: /home/antonio/antonio_ws/Antonio/antonio_description/install/antonio_description/share/antonio_description/src/rplidar_ros2/rplidar_A1.png
[13.689s] -- Up-to-date symlink: /home/antonio/antonio_ws/Antonio/antonio_description/install/antonio_description/share/antonio_description/src/rplidar_ros2/rplidar_A2.png
[13.689s] -- Up-to-date symlink: /home/antonio/antonio_ws/Antonio/antonio_description/install/antonio_description/share/antonio_description/src/rplidar_ros2/rviz/rplidar.rviz
[13.690s] -- Up-to-date symlink: /home/antonio/antonio_ws/Antonio/antonio_description/install/antonio_description/share/antonio_description/src/rplidar_ros2/scripts/create_udev_rules.sh
[13.690s] -- Up-to-date symlink: /home/antonio/antonio_ws/Antonio/antonio_description/install/antonio_description/share/antonio_description/src/rplidar_ros2/scripts/delete_udev_rules.sh
[13.690s] -- Up-to-date symlink: /home/antonio/antonio_ws/Antonio/antonio_description/install/antonio_description/share/antonio_description/src/rplidar_ros2/scripts/rplidar.rules
[13.690s] -- Up-to-date symlink: /home/antonio/antonio_ws/Antonio/antonio_description/install/antonio_description/share/antonio_description/src/rplidar_ros2/sdk/README.txt
[13.691s] -- Up-to-date symlink: /home/antonio/antonio_ws/Antonio/antonio_description/install/antonio_description/share/antonio_description/src/rplidar_ros2/sdk/include/rplidar.h
[13.691s] -- Up-to-date symlink: /home/antonio/antonio_ws/Antonio/antonio_description/install/antonio_description/share/antonio_description/src/rplidar_ros2/sdk/include/rplidar_cmd.h
[13.691s] -- Up-to-date symlink: /home/antonio/antonio_ws/Antonio/antonio_description/install/antonio_description/share/antonio_description/src/rplidar_ros2/sdk/include/rplidar_driver.h
[13.691s] -- Up-to-date symlink: /home/antonio/antonio_ws/Antonio/antonio_description/install/antonio_description/share/antonio_description/src/rplidar_ros2/sdk/include/rplidar_protocol.h
[13.692s] -- Up-to-date symlink: /home/antonio/antonio_ws/Antonio/antonio_description/install/antonio_description/share/antonio_description/src/rplidar_ros2/sdk/include/rptypes.h
[13.692s] -- Up-to-date symlink: /home/antonio/antonio_ws/Antonio/antonio_description/install/antonio_description/share/antonio_description/src/rplidar_ros2/sdk/src/arch/linux/arch_linux.h
[13.692s] -- Up-to-date symlink: /home/antonio/antonio_ws/Antonio/antonio_description/install/antonio_description/share/antonio_description/src/rplidar_ros2/sdk/src/arch/linux/net_serial.cpp
[13.692s] -- Up-to-date symlink: /home/antonio/antonio_ws/Antonio/antonio_description/install/antonio_description/share/antonio_description/src/rplidar_ros2/sdk/src/arch/linux/net_serial.h
[13.693s] -- Up-to-date symlink: /home/antonio/antonio_ws/Antonio/antonio_description/install/antonio_description/share/antonio_description/src/rplidar_ros2/sdk/src/arch/linux/net_socket.cpp
[13.693s] -- Up-to-date symlink: /home/antonio/antonio_ws/Antonio/antonio_description/install/antonio_description/share/antonio_description/src/rplidar_ros2/sdk/src/arch/linux/thread.hpp
[13.693s] -- Up-to-date symlink: /home/antonio/antonio_ws/Antonio/antonio_description/install/antonio_description/share/antonio_description/src/rplidar_ros2/sdk/src/arch/linux/timer.cpp
[13.694s] -- Up-to-date symlink: /home/antonio/antonio_ws/Antonio/antonio_description/install/antonio_description/share/antonio_description/src/rplidar_ros2/sdk/src/arch/linux/timer.h
[13.694s] -- Up-to-date symlink: /home/antonio/antonio_ws/Antonio/antonio_description/install/antonio_description/share/antonio_description/src/rplidar_ros2/sdk/src/arch/macOS/arch_macOS.h
[13.694s] -- Up-to-date symlink: /home/antonio/antonio_ws/Antonio/antonio_description/install/antonio_description/share/antonio_description/src/rplidar_ros2/sdk/src/arch/macOS/net_serial.cpp
[13.694s] -- Up-to-date symlink: /home/antonio/antonio_ws/Antonio/antonio_description/install/antonio_description/share/antonio_description/src/rplidar_ros2/sdk/src/arch/macOS/net_serial.h
[13.695s] -- Up-to-date symlink: /home/antonio/antonio_ws/Antonio/antonio_description/install/antonio_description/share/antonio_description/src/rplidar_ros2/sdk/src/arch/macOS/net_socket.cpp
[13.695s] -- Up-to-date symlink: /home/antonio/antonio_ws/Antonio/antonio_description/install/antonio_description/share/antonio_description/src/rplidar_ros2/sdk/src/arch/macOS/thread.hpp
[13.695s] -- Up-to-date symlink: /home/antonio/antonio_ws/Antonio/antonio_description/install/antonio_description/share/antonio_description/src/rplidar_ros2/sdk/src/arch/macOS/timer.cpp
[13.695s] -- Up-to-date symlink: /home/antonio/antonio_ws/Antonio/antonio_description/install/antonio_description/share/antonio_description/src/rplidar_ros2/sdk/src/arch/macOS/timer.h
[13.696s] -- Up-to-date symlink: /home/antonio/antonio_ws/Antonio/antonio_description/install/antonio_description/share/antonio_description/src/rplidar_ros2/sdk/src/arch/win32/arch_win32.h
[13.696s] -- Up-to-date symlink: /home/antonio/antonio_ws/Antonio/antonio_description/install/antonio_description/share/antonio_description/src/rplidar_ros2/sdk/src/arch/win32/net_serial.cpp
[13.696s] -- Up-to-date symlink: /home/antonio/antonio_ws/Antonio/antonio_description/install/antonio_description/share/antonio_description/src/rplidar_ros2/sdk/src/arch/win32/net_serial.h
[13.697s] -- Up-to-date symlink: /home/antonio/antonio_ws/Antonio/antonio_description/install/antonio_description/share/antonio_description/src/rplidar_ros2/sdk/src/arch/win32/net_socket.cpp
[13.697s] -- Up-to-date symlink: /home/antonio/antonio_ws/Antonio/antonio_description/install/antonio_description/share/antonio_description/src/rplidar_ros2/sdk/src/arch/win32/timer.cpp
[13.697s] -- Up-to-date symlink: /home/antonio/antonio_ws/Antonio/antonio_description/install/antonio_description/share/antonio_description/src/rplidar_ros2/sdk/src/arch/win32/timer.h
[13.697s] -- Up-to-date symlink: /home/antonio/antonio_ws/Antonio/antonio_description/install/antonio_description/share/antonio_description/src/rplidar_ros2/sdk/src/arch/win32/winthread.hpp
[13.698s] -- Up-to-date symlink: /home/antonio/antonio_ws/Antonio/antonio_description/install/antonio_description/share/antonio_description/src/rplidar_ros2/sdk/src/hal/abs_rxtx.h
[13.698s] -- Up-to-date symlink: /home/antonio/antonio_ws/Antonio/antonio_description/install/antonio_description/share/antonio_description/src/rplidar_ros2/sdk/src/hal/assert.h
[13.698s] -- Up-to-date symlink: /home/antonio/antonio_ws/Antonio/antonio_description/install/antonio_description/share/antonio_description/src/rplidar_ros2/sdk/src/hal/byteops.h
[13.698s] -- Up-to-date symlink: /home/antonio/antonio_ws/Antonio/antonio_description/install/antonio_description/share/antonio_description/src/rplidar_ros2/sdk/src/hal/event.h
[13.699s] -- Up-to-date symlink: /home/antonio/antonio_ws/Antonio/antonio_description/install/antonio_description/share/antonio_description/src/rplidar_ros2/sdk/src/hal/locker.h
[13.699s] -- Up-to-date symlink: /home/antonio/antonio_ws/Antonio/antonio_description/install/antonio_description/share/antonio_description/src/rplidar_ros2/sdk/src/hal/socket.h
[13.699s] -- Up-to-date symlink: /home/antonio/antonio_ws/Antonio/antonio_description/install/antonio_description/share/antonio_description/src/rplidar_ros2/sdk/src/hal/thread.cpp
[13.700s] -- Up-to-date symlink: /home/antonio/antonio_ws/Antonio/antonio_description/install/antonio_description/share/antonio_description/src/rplidar_ros2/sdk/src/hal/thread.h
[13.700s] -- Up-to-date symlink: /home/antonio/antonio_ws/Antonio/antonio_description/install/antonio_description/share/antonio_description/src/rplidar_ros2/sdk/src/hal/types.h
[13.700s] -- Up-to-date symlink: /home/antonio/antonio_ws/Antonio/antonio_description/install/antonio_description/share/antonio_description/src/rplidar_ros2/sdk/src/hal/util.h
[13.700s] -- Up-to-date symlink: /home/antonio/antonio_ws/Antonio/antonio_description/install/antonio_description/share/antonio_description/src/rplidar_ros2/sdk/src/rplidar_driver.cpp
[13.701s] -- Up-to-date symlink: /home/antonio/antonio_ws/Antonio/antonio_description/install/antonio_description/share/antonio_description/src/rplidar_ros2/sdk/src/rplidar_driver_TCP.h
[13.701s] -- Up-to-date symlink: /home/antonio/antonio_ws/Antonio/antonio_description/install/antonio_description/share/antonio_description/src/rplidar_ros2/sdk/src/rplidar_driver_impl.h
[13.701s] -- Up-to-date symlink: /home/antonio/antonio_ws/Antonio/antonio_description/install/antonio_description/share/antonio_description/src/rplidar_ros2/sdk/src/rplidar_driver_serial.h
[13.701s] -- Up-to-date symlink: /home/antonio/antonio_ws/Antonio/antonio_description/install/antonio_description/share/antonio_description/src/rplidar_ros2/sdk/src/sdkcommon.h
[13.702s] -- Up-to-date symlink: /home/antonio/antonio_ws/Antonio/antonio_description/install/antonio_description/share/antonio_description/src/rplidar_ros2/src/rplidar_node.cpp
[13.702s] -- Up-to-date symlink: /home/antonio/antonio_ws/Antonio/antonio_description/install/antonio_description/share/antonio_description/src/rplidar_ros2/src/standalone_rplidar.cpp
[13.702s] -- Symlinking: /home/antonio/antonio_ws/Antonio/antonio_description/install/antonio_description/share/antonio_description/launch/__pycache__/display.launch.cpython-310.pyc
[13.714s] -- Up-to-date symlink: /home/antonio/antonio_ws/Antonio/antonio_description/install/antonio_description/share/antonio_description/launch/display.launch.py
[13.714s] -- Up-to-date symlink: /home/antonio/antonio_ws/Antonio/antonio_description/install/antonio_description/share/antonio_description/rviz/urdf_config.rviz
[13.715s] -- Up-to-date symlink: /home/antonio/antonio_ws/Antonio/antonio_description/install/antonio_description/share/antonio_description/config/ekf.yaml
[13.715s] -- Up-to-date symlink: /home/antonio/antonio_ws/Antonio/antonio_description/install/antonio_description/share/antonio_description/config/nav2_params.yaml
[13.715s] -- Up-to-date symlink: /home/antonio/antonio_ws/Antonio/antonio_description/install/antonio_description/share/antonio_description/world/antonio_world.sdf
[13.716s] -- Up-to-date symlink: /home/antonio/antonio_ws/Antonio/antonio_description/install/antonio_description/lib/antonio_description/Wheels_odom_tf2_broadcaster
[13.716s] -- Up-to-date symlink: /home/antonio/antonio_ws/Antonio/antonio_description/install/antonio_description/share/ament_index/resource_index/package_run_dependencies/antonio_description
[13.717s] -- Up-to-date symlink: /home/antonio/antonio_ws/Antonio/antonio_description/install/antonio_description/share/ament_index/resource_index/parent_prefix_path/antonio_description
[13.717s] -- Up-to-date symlink: /home/antonio/antonio_ws/Antonio/antonio_description/install/antonio_description/share/antonio_description/environment/ament_prefix_path.sh
[13.717s] -- Up-to-date symlink: /home/antonio/antonio_ws/Antonio/antonio_description/install/antonio_description/share/antonio_description/environment/ament_prefix_path.dsv
[13.718s] -- Up-to-date symlink: /home/antonio/antonio_ws/Antonio/antonio_description/install/antonio_description/share/antonio_description/environment/path.sh
[13.718s] -- Up-to-date symlink: /home/antonio/antonio_ws/Antonio/antonio_description/install/antonio_description/share/antonio_description/environment/path.dsv
[13.718s] -- Up-to-date symlink: /home/antonio/antonio_ws/Antonio/antonio_description/install/antonio_description/share/antonio_description/local_setup.bash
[13.719s] -- Up-to-date symlink: /home/antonio/antonio_ws/Antonio/antonio_description/install/antonio_description/share/antonio_description/local_setup.sh
[13.719s] -- Up-to-date symlink: /home/antonio/antonio_ws/Antonio/antonio_description/install/antonio_description/share/antonio_description/local_setup.zsh
[13.719s] -- Up-to-date symlink: /home/antonio/antonio_ws/Antonio/antonio_description/install/antonio_description/share/antonio_description/local_setup.dsv
[13.720s] -- Symlinking: /home/antonio/antonio_ws/Antonio/antonio_description/install/antonio_description/share/antonio_description/package.dsv
[13.731s] -- Up-to-date symlink: /home/antonio/antonio_ws/Antonio/antonio_description/install/antonio_description/share/ament_index/resource_index/packages/antonio_description
[13.732s] -- Up-to-date symlink: /home/antonio/antonio_ws/Antonio/antonio_description/install/antonio_description/share/antonio_description/cmake/antonio_descriptionConfig.cmake
[13.732s] -- Up-to-date symlink: /home/antonio/antonio_ws/Antonio/antonio_description/install/antonio_description/share/antonio_description/cmake/antonio_descriptionConfig-version.cmake
[13.732s] -- Up-to-date symlink: /home/antonio/antonio_ws/Antonio/antonio_description/install/antonio_description/share/antonio_description/package.xml
[13.736s] Invoked command in '/home/antonio/antonio_ws/Antonio/antonio_description/build/antonio_description' returned '0': CMAKE_PREFIX_PATH=${CMAKE_PREFIX_PATH}:/opt/ros/humble /usr/bin/cmake --install /home/antonio/antonio_ws/Antonio/antonio_description/build/antonio_description
