[0.213s] Invoking command in '/home/antonio/antonio_ws/Antonio/antonio_description/build/antonio_description': CMAKE_PREFIX_PATH=${CMAKE_PREFIX_PATH}:/opt/ros/humble /usr/bin/cmake --build /home/antonio/antonio_ws/Antonio/antonio_description/build/antonio_description -- -j4 -l4
[0.534s] -- Found ament_cmake: 1.3.6 (/opt/ros/humble/share/ament_cmake/cmake)
[1.396s] -- Found geometry_msgs: 4.2.3 (/opt/ros/humble/share/geometry_msgs/cmake)
[1.730s] -- Found rosidl_generator_c: 3.1.5 (/opt/ros/humble/share/rosidl_generator_c/cmake)
[1.762s] -- Found rosidl_adapter: 3.1.5 (/opt/ros/humble/share/rosidl_adapter/cmake)
[1.839s] -- Found rosidl_generator_cpp: 3.1.5 (/opt/ros/humble/share/rosidl_generator_cpp/cmake)
[1.901s] -- Using all available rosidl_typesupport_c: rosidl_typesupport_fastrtps_c;rosidl_typesupport_introspection_c
[1.959s] -- Using all available rosidl_typesupport_cpp: rosidl_typesupport_fastrtps_cpp;rosidl_typesupport_introspection_cpp
[2.328s] -- Found rclcpp: 16.0.7 (/opt/ros/humble/share/rclcpp/cmake)
[2.743s] -- Found rmw_implementation_cmake: 6.1.1 (/opt/ros/humble/share/rmw_implementation_cmake/cmake)
[2.759s] -- Found rmw_fastrtps_cpp: 6.2.5 (/opt/ros/humble/share/rmw_fastrtps_cpp/cmake)
[3.219s] -- Found OpenSSL: /usr/lib/x86_64-linux-gnu/libcrypto.so (found version "3.0.2")  
[3.354s] -- Found FastRTPS: /opt/ros/humble/include  
[3.486s] -- Using RMW implementation 'rmw_fastrtps_cpp' as default
[3.896s] -- Looking for pthread.h
[5.138s] -- Looking for pthread.h - found
[5.155s] -- Performing Test CMAKE_HAVE_LIBC_PTHREAD
[5.408s] -- Performing Test CMAKE_HAVE_LIBC_PTHREAD - Success
[5.410s] -- Found Threads: TRUE  
[6.085s] -- Found tf2: 0.25.5 (/opt/ros/humble/share/tf2/cmake)
[6.403s] -- Found tf2_ros: 0.25.5 (/opt/ros/humble/share/tf2_ros/cmake)
[7.563s] [31mCMake Error at /opt/ros/humble/share/ament_cmake_target_dependencies/cmake/ament_target_dependencies.cmake:42 (message):
[7.563s]   ament_target_dependencies() the first argument must be a valid target name
[7.563s] Call Stack (most recent call first):
[7.563s]   CMakeLists.txt:19 (ament_target_dependencies)
[7.564s] 
[7.564s] [0m
[7.564s] -- Configuring incomplete, errors occurred!
[7.564s] See also "/home/antonio/antonio_ws/Antonio/antonio_description/build/antonio_description/CMakeFiles/CMakeOutput.log".
[7.579s] gmake: *** [Makefile:226: cmake_check_build_system] Error 1
[7.582s] Invoked command in '/home/antonio/antonio_ws/Antonio/antonio_description/build/antonio_description' returned '2': CMAKE_PREFIX_PATH=${CMAKE_PREFIX_PATH}:/opt/ros/humble /usr/bin/cmake --build /home/antonio/antonio_ws/Antonio/antonio_description/build/antonio_description -- -j4 -l4
