[0.191s] Invoking command in '/home/antonio/antonio_ws/Antonio/antonio_description/build/antonio_description': CMAKE_PREFIX_PATH=${CMAKE_PREFIX_PATH}:/opt/ros/humble /usr/bin/cmake --build /home/antonio/antonio_ws/Antonio/antonio_description/build/antonio_description -- -j4 -l4
[0.460s] [100%] Built target Wheels_odom_tf2_broadcaster
[0.480s] Invoked command in '/home/antonio/antonio_ws/Antonio/antonio_description/build/antonio_description' returned '0': CMAKE_PREFIX_PATH=${CMAKE_PREFIX_PATH}:/opt/ros/humble /usr/bin/cmake --build /home/antonio/antonio_ws/Antonio/antonio_description/build/antonio_description -- -j4 -l4
[0.524s] Invoking command in '/home/antonio/antonio_ws/Antonio/antonio_description/build/antonio_description': CMAKE_PREFIX_PATH=${CMAKE_PREFIX_PATH}:/opt/ros/humble /usr/bin/cmake --install /home/antonio/antonio_ws/Antonio/antonio_description/build/antonio_description
[0.550s] -- Install configuration: ""
[0.569s] -- Execute custom install script
[0.624s] -- Up-to-date symlink: /home/antonio/antonio_ws/Antonio/antonio_description/install/antonio_description/share/antonio_description/src/Wheels_odom_tf2_broadcaster.cpp
[0.625s] -- Up-to-date symlink: /home/antonio/antonio_ws/Antonio/antonio_description/install/antonio_description/share/antonio_description/src/description/antonio_description.urdf
[0.625s] -- Up-to-date symlink: /home/antonio/antonio_ws/Antonio/antonio_description/install/antonio_description/share/antonio_description/src/rplidar_ros2/.git/FETCH_HEAD
[0.626s] -- Up-to-date symlink: /home/antonio/antonio_ws/Antonio/antonio_description/install/antonio_description/share/antonio_description/src/rplidar_ros2/.git/HEAD
[0.627s] -- Up-to-date symlink: /home/antonio/antonio_ws/Antonio/antonio_description/install/antonio_description/share/antonio_description/src/rplidar_ros2/.git/config
[0.628s] -- Up-to-date symlink: /home/antonio/antonio_ws/Antonio/antonio_description/install/antonio_description/share/antonio_description/src/rplidar_ros2/.git/description
[0.629s] -- Up-to-date symlink: /home/antonio/antonio_ws/Antonio/antonio_description/install/antonio_description/share/antonio_description/src/rplidar_ros2/.git/hooks/applypatch-msg.sample
[0.630s] -- Up-to-date symlink: /home/antonio/antonio_ws/Antonio/antonio_description/install/antonio_description/share/antonio_description/src/rplidar_ros2/.git/hooks/commit-msg.sample
[0.631s] -- Up-to-date symlink: /home/antonio/antonio_ws/Antonio/antonio_description/install/antonio_description/share/antonio_description/src/rplidar_ros2/.git/hooks/fsmonitor-watchman.sample
[0.632s] -- Up-to-date symlink: /home/antonio/antonio_ws/Antonio/antonio_description/install/antonio_description/share/antonio_description/src/rplidar_ros2/.git/hooks/post-update.sample
[0.633s] -- Up-to-date symlink: /home/antonio/antonio_ws/Antonio/antonio_description/install/antonio_description/share/antonio_description/src/rplidar_ros2/.git/hooks/pre-applypatch.sample
[0.634s] -- Up-to-date symlink: /home/antonio/antonio_ws/Antonio/antonio_description/install/antonio_description/share/antonio_description/src/rplidar_ros2/.git/hooks/pre-commit.sample
[0.636s] -- Up-to-date symlink: /home/antonio/antonio_ws/Antonio/antonio_description/install/antonio_description/share/antonio_description/src/rplidar_ros2/.git/hooks/pre-merge-commit.sample
[0.637s] -- Up-to-date symlink: /home/antonio/antonio_ws/Antonio/antonio_description/install/antonio_description/share/antonio_description/src/rplidar_ros2/.git/hooks/pre-push.sample
[0.638s] -- Up-to-date symlink: /home/antonio/antonio_ws/Antonio/antonio_description/install/antonio_description/share/antonio_description/src/rplidar_ros2/.git/hooks/pre-rebase.sample
[0.638s] -- Up-to-date symlink: /home/antonio/antonio_ws/Antonio/antonio_description/install/antonio_description/share/antonio_description/src/rplidar_ros2/.git/hooks/pre-receive.sample
[0.639s] -- Up-to-date symlink: /home/antonio/antonio_ws/Antonio/antonio_description/install/antonio_description/share/antonio_description/src/rplidar_ros2/.git/hooks/prepare-commit-msg.sample
[0.641s] -- Up-to-date symlink: /home/antonio/antonio_ws/Antonio/antonio_description/install/antonio_description/share/antonio_description/src/rplidar_ros2/.git/hooks/push-to-checkout.sample
[0.642s] -- Up-to-date symlink: /home/antonio/antonio_ws/Antonio/antonio_description/install/antonio_description/share/antonio_description/src/rplidar_ros2/.git/hooks/update.sample
[0.670s] -- Up-to-date symlink: /home/antonio/antonio_ws/Antonio/antonio_description/install/antonio_description/share/antonio_description/src/rplidar_ros2/.git/index
[0.671s] -- Up-to-date symlink: /home/antonio/antonio_ws/Antonio/antonio_description/install/antonio_description/share/antonio_description/src/rplidar_ros2/.git/info/exclude
[0.677s] -- Up-to-date symlink: /home/antonio/antonio_ws/Antonio/antonio_description/install/antonio_description/share/antonio_description/src/rplidar_ros2/.git/logs/HEAD
[0.678s] -- Up-to-date symlink: /home/antonio/antonio_ws/Antonio/antonio_description/install/antonio_description/share/antonio_description/src/rplidar_ros2/.git/logs/refs/heads/ros2
[0.679s] -- Up-to-date symlink: /home/antonio/antonio_ws/Antonio/antonio_description/install/antonio_description/share/antonio_description/src/rplidar_ros2/.git/logs/refs/remotes/origin/HEAD
[0.680s] -- Up-to-date symlink: /home/antonio/antonio_ws/Antonio/antonio_description/install/antonio_description/share/antonio_description/src/rplidar_ros2/.git/objects/pack/pack-400e6c25f58ef5991c4a2a00f2b38d071276b907.idx
[0.680s] -- Up-to-date symlink: /home/antonio/antonio_ws/Antonio/antonio_description/install/antonio_description/share/antonio_description/src/rplidar_ros2/.git/objects/pack/pack-400e6c25f58ef5991c4a2a00f2b38d071276b907.pack
[0.682s] -- Up-to-date symlink: /home/antonio/antonio_ws/Antonio/antonio_description/install/antonio_description/share/antonio_description/src/rplidar_ros2/.git/objects/pack/pack-e16675e99140ead924424ea9321b1b862b2ff969.idx
[0.682s] -- Up-to-date symlink: /home/antonio/antonio_ws/Antonio/antonio_description/install/antonio_description/share/antonio_description/src/rplidar_ros2/.git/objects/pack/pack-e16675e99140ead924424ea9321b1b862b2ff969.pack
[0.683s] -- Up-to-date symlink: /home/antonio/antonio_ws/Antonio/antonio_description/install/antonio_description/share/antonio_description/src/rplidar_ros2/.git/packed-refs
[0.684s] -- Up-to-date symlink: /home/antonio/antonio_ws/Antonio/antonio_description/install/antonio_description/share/antonio_description/src/rplidar_ros2/.git/refs/heads/ros2
[0.685s] -- Up-to-date symlink: /home/antonio/antonio_ws/Antonio/antonio_description/install/antonio_description/share/antonio_description/src/rplidar_ros2/.git/refs/remotes/origin/HEAD
[0.700s] -- Up-to-date symlink: /home/antonio/antonio_ws/Antonio/antonio_description/install/antonio_description/share/antonio_description/src/rplidar_ros2/.gitignore
[0.701s] -- Up-to-date symlink: /home/antonio/antonio_ws/Antonio/antonio_description/install/antonio_description/share/antonio_description/src/rplidar_ros2/CHANGELOG.rst
[0.701s] -- Up-to-date symlink: /home/antonio/antonio_ws/Antonio/antonio_description/install/antonio_description/share/antonio_description/src/rplidar_ros2/CMakeLists.txt
[0.702s] -- Up-to-date symlink: /home/antonio/antonio_ws/Antonio/antonio_description/install/antonio_description/share/antonio_description/src/rplidar_ros2/LICENSE
[0.702s] -- Up-to-date symlink: /home/antonio/antonio_ws/Antonio/antonio_description/install/antonio_description/share/antonio_description/src/rplidar_ros2/README.md
[0.711s] -- Up-to-date symlink: /home/antonio/antonio_ws/Antonio/antonio_description/install/antonio_description/share/antonio_description/src/rplidar_ros2/include/rplidar_node.hpp
[0.728s] -- Up-to-date symlink: /home/antonio/antonio_ws/Antonio/antonio_description/install/antonio_description/share/antonio_description/src/rplidar_ros2/include/visibility.h
[0.732s] -- Up-to-date symlink: /home/antonio/antonio_ws/Antonio/antonio_description/install/antonio_description/share/antonio_description/src/rplidar_ros2/launch/rplidar.launch.py
[0.733s] -- Up-to-date symlink: /home/antonio/antonio_ws/Antonio/antonio_description/install/antonio_description/share/antonio_description/src/rplidar_ros2/launch/rplidar_a3.launch.py
[0.733s] -- Up-to-date symlink: /home/antonio/antonio_ws/Antonio/antonio_description/install/antonio_description/share/antonio_description/src/rplidar_ros2/launch/rplidar_s1.launch.py
[0.734s] -- Up-to-date symlink: /home/antonio/antonio_ws/Antonio/antonio_description/install/antonio_description/share/antonio_description/src/rplidar_ros2/launch/rplidar_s1_tcp.launch.py
[0.745s] -- Up-to-date symlink: /home/antonio/antonio_ws/Antonio/antonio_description/install/antonio_description/share/antonio_description/src/rplidar_ros2/launch/test_rplidar_a3.launch.py
[0.748s] -- Up-to-date symlink: /home/antonio/antonio_ws/Antonio/antonio_description/install/antonio_description/share/antonio_description/src/rplidar_ros2/launch/view_rplidar.launch.py
[0.749s] -- Up-to-date symlink: /home/antonio/antonio_ws/Antonio/antonio_description/install/antonio_description/share/antonio_description/src/rplidar_ros2/launch/view_rplidar_a3.launch.py
[0.750s] -- Up-to-date symlink: /home/antonio/antonio_ws/Antonio/antonio_description/install/antonio_description/share/antonio_description/src/rplidar_ros2/launch/view_rplidar_s1.launch.py
[0.750s] -- Up-to-date symlink: /home/antonio/antonio_ws/Antonio/antonio_description/install/antonio_description/share/antonio_description/src/rplidar_ros2/launch/view_rplidar_s1_tcp.launch.py
[0.761s] -- Up-to-date symlink: /home/antonio/antonio_ws/Antonio/antonio_description/install/antonio_description/share/antonio_description/src/rplidar_ros2/package.xml
[0.763s] -- Up-to-date symlink: /home/antonio/antonio_ws/Antonio/antonio_description/install/antonio_description/share/antonio_description/src/rplidar_ros2/rplidar_A1.png
[0.766s] -- Up-to-date symlink: /home/antonio/antonio_ws/Antonio/antonio_description/install/antonio_description/share/antonio_description/src/rplidar_ros2/rplidar_A2.png
[0.766s] -- Up-to-date symlink: /home/antonio/antonio_ws/Antonio/antonio_description/install/antonio_description/share/antonio_description/src/rplidar_ros2/rviz/rplidar.rviz
[0.767s] -- Up-to-date symlink: /home/antonio/antonio_ws/Antonio/antonio_description/install/antonio_description/share/antonio_description/src/rplidar_ros2/scripts/create_udev_rules.sh
[0.786s] -- Up-to-date symlink: /home/antonio/antonio_ws/Antonio/antonio_description/install/antonio_description/share/antonio_description/src/rplidar_ros2/scripts/delete_udev_rules.sh
[0.788s] -- Up-to-date symlink: /home/antonio/antonio_ws/Antonio/antonio_description/install/antonio_description/share/antonio_description/src/rplidar_ros2/scripts/rplidar.rules
[0.788s] -- Up-to-date symlink: /home/antonio/antonio_ws/Antonio/antonio_description/install/antonio_description/share/antonio_description/src/rplidar_ros2/sdk/README.txt
[0.793s] -- Up-to-date symlink: /home/antonio/antonio_ws/Antonio/antonio_description/install/antonio_description/share/antonio_description/src/rplidar_ros2/sdk/include/rplidar.h
[0.795s] -- Up-to-date symlink: /home/antonio/antonio_ws/Antonio/antonio_description/install/antonio_description/share/antonio_description/src/rplidar_ros2/sdk/include/rplidar_cmd.h
[0.796s] -- Up-to-date symlink: /home/antonio/antonio_ws/Antonio/antonio_description/install/antonio_description/share/antonio_description/src/rplidar_ros2/sdk/include/rplidar_driver.h
[0.811s] -- Up-to-date symlink: /home/antonio/antonio_ws/Antonio/antonio_description/install/antonio_description/share/antonio_description/src/rplidar_ros2/sdk/include/rplidar_protocol.h
[0.812s] -- Up-to-date symlink: /home/antonio/antonio_ws/Antonio/antonio_description/install/antonio_description/share/antonio_description/src/rplidar_ros2/sdk/include/rptypes.h
[0.818s] -- Up-to-date symlink: /home/antonio/antonio_ws/Antonio/antonio_description/install/antonio_description/share/antonio_description/src/rplidar_ros2/sdk/src/arch/linux/arch_linux.h
[0.819s] -- Up-to-date symlink: /home/antonio/antonio_ws/Antonio/antonio_description/install/antonio_description/share/antonio_description/src/rplidar_ros2/sdk/src/arch/linux/net_serial.cpp
[0.820s] -- Up-to-date symlink: /home/antonio/antonio_ws/Antonio/antonio_description/install/antonio_description/share/antonio_description/src/rplidar_ros2/sdk/src/arch/linux/net_serial.h
[0.836s] -- Up-to-date symlink: /home/antonio/antonio_ws/Antonio/antonio_description/install/antonio_description/share/antonio_description/src/rplidar_ros2/sdk/src/arch/linux/net_socket.cpp
[0.837s] -- Up-to-date symlink: /home/antonio/antonio_ws/Antonio/antonio_description/install/antonio_description/share/antonio_description/src/rplidar_ros2/sdk/src/arch/linux/thread.hpp
[0.843s] -- Up-to-date symlink: /home/antonio/antonio_ws/Antonio/antonio_description/install/antonio_description/share/antonio_description/src/rplidar_ros2/sdk/src/arch/linux/timer.cpp
[0.844s] -- Up-to-date symlink: /home/antonio/antonio_ws/Antonio/antonio_description/install/antonio_description/share/antonio_description/src/rplidar_ros2/sdk/src/arch/linux/timer.h
[0.844s] -- Up-to-date symlink: /home/antonio/antonio_ws/Antonio/antonio_description/install/antonio_description/share/antonio_description/src/rplidar_ros2/sdk/src/arch/macOS/arch_macOS.h
[0.861s] -- Up-to-date symlink: /home/antonio/antonio_ws/Antonio/antonio_description/install/antonio_description/share/antonio_description/src/rplidar_ros2/sdk/src/arch/macOS/net_serial.cpp
[0.863s] -- Up-to-date symlink: /home/antonio/antonio_ws/Antonio/antonio_description/install/antonio_description/share/antonio_description/src/rplidar_ros2/sdk/src/arch/macOS/net_serial.h
[0.864s] -- Up-to-date symlink: /home/antonio/antonio_ws/Antonio/antonio_description/install/antonio_description/share/antonio_description/src/rplidar_ros2/sdk/src/arch/macOS/net_socket.cpp
[0.864s] -- Up-to-date symlink: /home/antonio/antonio_ws/Antonio/antonio_description/install/antonio_description/share/antonio_description/src/rplidar_ros2/sdk/src/arch/macOS/thread.hpp
[0.865s] -- Up-to-date symlink: /home/antonio/antonio_ws/Antonio/antonio_description/install/antonio_description/share/antonio_description/src/rplidar_ros2/sdk/src/arch/macOS/timer.cpp
[0.879s] -- Up-to-date symlink: /home/antonio/antonio_ws/Antonio/antonio_description/install/antonio_description/share/antonio_description/src/rplidar_ros2/sdk/src/arch/macOS/timer.h
[0.880s] -- Up-to-date symlink: /home/antonio/antonio_ws/Antonio/antonio_description/install/antonio_description/share/antonio_description/src/rplidar_ros2/sdk/src/arch/win32/arch_win32.h
[0.885s] -- Up-to-date symlink: /home/antonio/antonio_ws/Antonio/antonio_description/install/antonio_description/share/antonio_description/src/rplidar_ros2/sdk/src/arch/win32/net_serial.cpp
[0.885s] -- Up-to-date symlink: /home/antonio/antonio_ws/Antonio/antonio_description/install/antonio_description/share/antonio_description/src/rplidar_ros2/sdk/src/arch/win32/net_serial.h
[0.886s] -- Up-to-date symlink: /home/antonio/antonio_ws/Antonio/antonio_description/install/antonio_description/share/antonio_description/src/rplidar_ros2/sdk/src/arch/win32/net_socket.cpp
[0.904s] -- Up-to-date symlink: /home/antonio/antonio_ws/Antonio/antonio_description/install/antonio_description/share/antonio_description/src/rplidar_ros2/sdk/src/arch/win32/timer.cpp
[0.904s] -- Up-to-date symlink: /home/antonio/antonio_ws/Antonio/antonio_description/install/antonio_description/share/antonio_description/src/rplidar_ros2/sdk/src/arch/win32/timer.h
[0.906s] -- Up-to-date symlink: /home/antonio/antonio_ws/Antonio/antonio_description/install/antonio_description/share/antonio_description/src/rplidar_ros2/sdk/src/arch/win32/winthread.hpp
[0.907s] -- Up-to-date symlink: /home/antonio/antonio_ws/Antonio/antonio_description/install/antonio_description/share/antonio_description/src/rplidar_ros2/sdk/src/hal/abs_rxtx.h
[0.907s] -- Up-to-date symlink: /home/antonio/antonio_ws/Antonio/antonio_description/install/antonio_description/share/antonio_description/src/rplidar_ros2/sdk/src/hal/assert.h
[0.908s] -- Up-to-date symlink: /home/antonio/antonio_ws/Antonio/antonio_description/install/antonio_description/share/antonio_description/src/rplidar_ros2/sdk/src/hal/byteops.h
[0.921s] -- Up-to-date symlink: /home/antonio/antonio_ws/Antonio/antonio_description/install/antonio_description/share/antonio_description/src/rplidar_ros2/sdk/src/hal/event.h
[0.922s] -- Up-to-date symlink: /home/antonio/antonio_ws/Antonio/antonio_description/install/antonio_description/share/antonio_description/src/rplidar_ros2/sdk/src/hal/locker.h
[0.924s] -- Up-to-date symlink: /home/antonio/antonio_ws/Antonio/antonio_description/install/antonio_description/share/antonio_description/src/rplidar_ros2/sdk/src/hal/socket.h
[0.925s] -- Up-to-date symlink: /home/antonio/antonio_ws/Antonio/antonio_description/install/antonio_description/share/antonio_description/src/rplidar_ros2/sdk/src/hal/thread.cpp
[0.925s] -- Up-to-date symlink: /home/antonio/antonio_ws/Antonio/antonio_description/install/antonio_description/share/antonio_description/src/rplidar_ros2/sdk/src/hal/thread.h
[0.925s] -- Up-to-date symlink: /home/antonio/antonio_ws/Antonio/antonio_description/install/antonio_description/share/antonio_description/src/rplidar_ros2/sdk/src/hal/types.h
[0.938s] -- Up-to-date symlink: /home/antonio/antonio_ws/Antonio/antonio_description/install/antonio_description/share/antonio_description/src/rplidar_ros2/sdk/src/hal/util.h
[0.938s] -- Up-to-date symlink: /home/antonio/antonio_ws/Antonio/antonio_description/install/antonio_description/share/antonio_description/src/rplidar_ros2/sdk/src/rplidar_driver.cpp
[0.939s] -- Up-to-date symlink: /home/antonio/antonio_ws/Antonio/antonio_description/install/antonio_description/share/antonio_description/src/rplidar_ros2/sdk/src/rplidar_driver_TCP.h
[0.941s] -- Up-to-date symlink: /home/antonio/antonio_ws/Antonio/antonio_description/install/antonio_description/share/antonio_description/src/rplidar_ros2/sdk/src/rplidar_driver_impl.h
[0.942s] -- Up-to-date symlink: /home/antonio/antonio_ws/Antonio/antonio_description/install/antonio_description/share/antonio_description/src/rplidar_ros2/sdk/src/rplidar_driver_serial.h
[0.942s] -- Up-to-date symlink: /home/antonio/antonio_ws/Antonio/antonio_description/install/antonio_description/share/antonio_description/src/rplidar_ros2/sdk/src/sdkcommon.h
[0.963s] -- Up-to-date symlink: /home/antonio/antonio_ws/Antonio/antonio_description/install/antonio_description/share/antonio_description/src/rplidar_ros2/src/rplidar_node.cpp
[0.964s] -- Up-to-date symlink: /home/antonio/antonio_ws/Antonio/antonio_description/install/antonio_description/share/antonio_description/src/rplidar_ros2/src/standalone_rplidar.cpp
[0.988s] -- Symlinking: /home/antonio/antonio_ws/Antonio/antonio_description/install/antonio_description/share/antonio_description/launch/__pycache__/display.launch.cpython-310.pyc
[1.004s] -- Up-to-date symlink: /home/antonio/antonio_ws/Antonio/antonio_description/install/antonio_description/share/antonio_description/launch/display.launch.py
[1.005s] -- Up-to-date symlink: /home/antonio/antonio_ws/Antonio/antonio_description/install/antonio_description/share/antonio_description/rviz/urdf_config.rviz
[1.005s] -- Up-to-date symlink: /home/antonio/antonio_ws/Antonio/antonio_description/install/antonio_description/share/antonio_description/config/ekf.yaml
[1.006s] -- Up-to-date symlink: /home/antonio/antonio_ws/Antonio/antonio_description/install/antonio_description/share/antonio_description/config/nav2_params.yaml
[1.008s] -- Up-to-date symlink: /home/antonio/antonio_ws/Antonio/antonio_description/install/antonio_description/share/antonio_description/world/antonio_world.sdf
[1.008s] -- Up-to-date symlink: /home/antonio/antonio_ws/Antonio/antonio_description/install/antonio_description/lib/antonio_description/Wheels_odom_tf2_broadcaster
[1.009s] -- Up-to-date symlink: /home/antonio/antonio_ws/Antonio/antonio_description/install/antonio_description/share/ament_index/resource_index/package_run_dependencies/antonio_description
[1.009s] -- Up-to-date symlink: /home/antonio/antonio_ws/Antonio/antonio_description/install/antonio_description/share/ament_index/resource_index/parent_prefix_path/antonio_description
[1.010s] -- Up-to-date symlink: /home/antonio/antonio_ws/Antonio/antonio_description/install/antonio_description/share/antonio_description/environment/ament_prefix_path.sh
[1.011s] -- Up-to-date symlink: /home/antonio/antonio_ws/Antonio/antonio_description/install/antonio_description/share/antonio_description/environment/ament_prefix_path.dsv
[1.014s] -- Up-to-date symlink: /home/antonio/antonio_ws/Antonio/antonio_description/install/antonio_description/share/antonio_description/environment/path.sh
[1.014s] -- Up-to-date symlink: /home/antonio/antonio_ws/Antonio/antonio_description/install/antonio_description/share/antonio_description/environment/path.dsv
[1.015s] -- Up-to-date symlink: /home/antonio/antonio_ws/Antonio/antonio_description/install/antonio_description/share/antonio_description/local_setup.bash
[1.017s] -- Up-to-date symlink: /home/antonio/antonio_ws/Antonio/antonio_description/install/antonio_description/share/antonio_description/local_setup.sh
[1.017s] -- Up-to-date symlink: /home/antonio/antonio_ws/Antonio/antonio_description/install/antonio_description/share/antonio_description/local_setup.zsh
[1.019s] -- Up-to-date symlink: /home/antonio/antonio_ws/Antonio/antonio_description/install/antonio_description/share/antonio_description/local_setup.dsv
[1.019s] -- Symlinking: /home/antonio/antonio_ws/Antonio/antonio_description/install/antonio_description/share/antonio_description/package.dsv
[1.031s] -- Up-to-date symlink: /home/antonio/antonio_ws/Antonio/antonio_description/install/antonio_description/share/ament_index/resource_index/packages/antonio_description
[1.032s] -- Up-to-date symlink: /home/antonio/antonio_ws/Antonio/antonio_description/install/antonio_description/share/antonio_description/cmake/antonio_descriptionConfig.cmake
[1.033s] -- Up-to-date symlink: /home/antonio/antonio_ws/Antonio/antonio_description/install/antonio_description/share/antonio_description/cmake/antonio_descriptionConfig-version.cmake
[1.033s] -- Up-to-date symlink: /home/antonio/antonio_ws/Antonio/antonio_description/install/antonio_description/share/antonio_description/package.xml
[1.036s] Invoked command in '/home/antonio/antonio_ws/Antonio/antonio_description/build/antonio_description' returned '0': CMAKE_PREFIX_PATH=${CMAKE_PREFIX_PATH}:/opt/ros/humble /usr/bin/cmake --install /home/antonio/antonio_ws/Antonio/antonio_description/build/antonio_description
