[0.162s] Invoking command in '/home/antonio/antonio_ws/Antonio/antonio_description/build/antonio_description': CMAKE_PREFIX_PATH=/opt/ros/humble /usr/bin/cmake /home/antonio/antonio_ws/Antonio/antonio_description -DCMAKE_INSTALL_PREFIX=/home/antonio/antonio_ws/Antonio/antonio_description/install/antonio_description
[1.327s] -- The C compiler identification is GNU 11.4.0
[2.201s] -- The CXX compiler identification is GNU 11.4.0
[2.324s] -- Detecting C compiler ABI info
[2.579s] -- Detecting C compiler ABI info - done
[2.589s] -- Check for working C compiler: /usr/bin/cc - skipped
[2.590s] -- Detecting C compile features
[2.604s] -- Detecting C compile features - done
[2.610s] -- Detecting CXX compiler ABI info
[2.838s] -- Detecting CXX compiler ABI info - done
[2.861s] -- Check for working CXX compiler: /usr/bin/c++ - skipped
[2.861s] -- Detecting CXX compile features
[2.862s] -- Detecting CXX compile features - done
[2.927s] -- Found ament_cmake: 1.3.6 (/opt/ros/humble/share/ament_cmake/cmake)
[3.348s] -- Found Python3: /usr/bin/python3.10 (found version "3.10.12") found components: Interpreter 
[3.769s] -- Found ament_lint_auto: 0.12.9 (/opt/ros/humble/share/ament_lint_auto/cmake)
[3.986s] -- Added test 'cppcheck' to perform static code analysis on C / C++ code
[3.986s] -- Configured cppcheck include dirs: 
[3.987s] -- Configured cppcheck exclude dirs and/or files: 
[3.990s] -- Added test 'flake8' to check Python code syntax and style conventions
[3.994s] -- Added test 'lint_cmake' to check CMake code style
[3.997s] -- Added test 'pep257' to check Python code against some of the docstring style conventions in PEP 257
[4.009s] -- Added test 'uncrustify' to check C / C++ code style
[4.010s] -- Configured uncrustify additional arguments: 
[4.017s] -- Added test 'xmllint' to check XML markup files
[4.025s] -- Configuring done
[4.053s] -- Generating done
[4.055s] -- Build files have been written to: /home/antonio/antonio_ws/Antonio/antonio_description/build/antonio_description
[4.062s] Invoked command in '/home/antonio/antonio_ws/Antonio/antonio_description/build/antonio_description' returned '0': CMAKE_PREFIX_PATH=/opt/ros/humble /usr/bin/cmake /home/antonio/antonio_ws/Antonio/antonio_description -DCMAKE_INSTALL_PREFIX=/home/antonio/antonio_ws/Antonio/antonio_description/install/antonio_description
[4.065s] Invoking command in '/home/antonio/antonio_ws/Antonio/antonio_description/build/antonio_description': CMAKE_PREFIX_PATH=/opt/ros/humble /usr/bin/cmake --build /home/antonio/antonio_ws/Antonio/antonio_description/build/antonio_description -- -j4 -l4
[4.116s] Invoked command in '/home/antonio/antonio_ws/Antonio/antonio_description/build/antonio_description' returned '0': CMAKE_PREFIX_PATH=/opt/ros/humble /usr/bin/cmake --build /home/antonio/antonio_ws/Antonio/antonio_description/build/antonio_description -- -j4 -l4
[4.158s] Invoking command in '/home/antonio/antonio_ws/Antonio/antonio_description/build/antonio_description': CMAKE_PREFIX_PATH=/opt/ros/humble /usr/bin/cmake --install /home/antonio/antonio_ws/Antonio/antonio_description/build/antonio_description
[4.168s] -- Install configuration: ""
[4.168s] -- Installing: /home/antonio/antonio_ws/Antonio/antonio_description/install/antonio_description/share/antonio_description/src
[4.168s] -- Installing: /home/antonio/antonio_ws/Antonio/antonio_description/install/antonio_description/share/antonio_description/src/description
[4.168s] -- Installing: /home/antonio/antonio_ws/Antonio/antonio_description/install/antonio_description/share/antonio_description/src/description/antonio_description.urdf
[4.168s] -- Installing: /home/antonio/antonio_ws/Antonio/antonio_description/install/antonio_description/share/antonio_description/launch
[4.169s] -- Installing: /home/antonio/antonio_ws/Antonio/antonio_description/install/antonio_description/share/antonio_description/launch/display.launch.py
[4.169s] -- Installing: /home/antonio/antonio_ws/Antonio/antonio_description/install/antonio_description/share/antonio_description/rviz
[4.169s] -- Installing: /home/antonio/antonio_ws/Antonio/antonio_description/install/antonio_description/share/antonio_description/rviz/urdf_config.rviz
[4.169s] -- Installing: /home/antonio/antonio_ws/Antonio/antonio_description/install/antonio_description/share/ament_index/resource_index/package_run_dependencies/antonio_description
[4.169s] -- Installing: /home/antonio/antonio_ws/Antonio/antonio_description/install/antonio_description/share/ament_index/resource_index/parent_prefix_path/antonio_description
[4.170s] -- Installing: /home/antonio/antonio_ws/Antonio/antonio_description/install/antonio_description/share/antonio_description/environment/ament_prefix_path.sh
[4.170s] -- Installing: /home/antonio/antonio_ws/Antonio/antonio_description/install/antonio_description/share/antonio_description/environment/ament_prefix_path.dsv
[4.170s] -- Installing: /home/antonio/antonio_ws/Antonio/antonio_description/install/antonio_description/share/antonio_description/environment/path.sh
[4.170s] -- Installing: /home/antonio/antonio_ws/Antonio/antonio_description/install/antonio_description/share/antonio_description/environment/path.dsv
[4.170s] -- Installing: /home/antonio/antonio_ws/Antonio/antonio_description/install/antonio_description/share/antonio_description/local_setup.bash
[4.170s] -- Installing: /home/antonio/antonio_ws/Antonio/antonio_description/install/antonio_description/share/antonio_description/local_setup.sh
[4.171s] -- Installing: /home/antonio/antonio_ws/Antonio/antonio_description/install/antonio_description/share/antonio_description/local_setup.zsh
[4.171s] -- Installing: /home/antonio/antonio_ws/Antonio/antonio_description/install/antonio_description/share/antonio_description/local_setup.dsv
[4.171s] -- Installing: /home/antonio/antonio_ws/Antonio/antonio_description/install/antonio_description/share/antonio_description/package.dsv
[4.171s] -- Installing: /home/antonio/antonio_ws/Antonio/antonio_description/install/antonio_description/share/ament_index/resource_index/packages/antonio_description
[4.171s] -- Installing: /home/antonio/antonio_ws/Antonio/antonio_description/install/antonio_description/share/antonio_description/cmake/antonio_descriptionConfig.cmake
[4.171s] -- Installing: /home/antonio/antonio_ws/Antonio/antonio_description/install/antonio_description/share/antonio_description/cmake/antonio_descriptionConfig-version.cmake
[4.172s] -- Installing: /home/antonio/antonio_ws/Antonio/antonio_description/install/antonio_description/share/antonio_description/package.xml
[4.175s] Invoked command in '/home/antonio/antonio_ws/Antonio/antonio_description/build/antonio_description' returned '0': CMAKE_PREFIX_PATH=/opt/ros/humble /usr/bin/cmake --install /home/antonio/antonio_ws/Antonio/antonio_description/build/antonio_description
