[01m[K/home/antonio/antonio_ws/Antonio/antonio_description/src/Wheels_odom_tf2_broadcaster.cpp:81:24:[m[K [01;31m[Kerror: [m[K‘[01m[Kturtlesim[m[K’ was not declared in this scope
   81 |   rclcpp::Subscription<[01;31m[Kturtlesim[m[K::msg::Pose>::SharedPtr subscription_;
      |                        [01;31m[K^~~~~~~~~[m[K
[01m[K/home/antonio/antonio_ws/Antonio/antonio_description/src/Wheels_odom_tf2_broadcaster.cpp:81:44:[m[K [01;31m[Kerror: [m[Ktemplate argument 1 is invalid
   81 |   rclcpp::Subscription<turtlesim::msg::Pose[01;31m[K>[m[K::SharedPtr subscription_;
      |                                            [01;31m[K^[m[K
[01m[K/home/antonio/antonio_ws/Antonio/antonio_description/src/Wheels_odom_tf2_broadcaster.cpp:81:44:[m[K [01;31m[Kerror: [m[Ktemplate argument 3 is invalid
[01m[K/home/antonio/antonio_ws/Antonio/antonio_description/src/Wheels_odom_tf2_broadcaster.cpp:81:44:[m[K [01;31m[Kerror: [m[Ktemplate argument 4 is invalid
[01m[K/home/antonio/antonio_ws/Antonio/antonio_description/src/Wheels_odom_tf2_broadcaster.cpp:81:44:[m[K [01;31m[Kerror: [m[Ktemplate argument 5 is invalid
[01m[K/home/antonio/antonio_ws/Antonio/antonio_description/src/Wheels_odom_tf2_broadcaster.cpp:81:47:[m[K [01;31m[Kerror: [m[Kexpected ‘[01m[K;[m[K’ at end of member declaration
   81 |   rclcpp::Subscription<turtlesim::msg::Pose>::[01;31m[KSharedPtr[m[K subscription_;
      |                                               [01;31m[K^~~~~~~~~[m[K
      |                                                        [32m[K;[m[K
[01m[K/home/antonio/antonio_ws/Antonio/antonio_description/src/Wheels_odom_tf2_broadcaster.cpp:81:57:[m[K [01;31m[Kerror: [m[K‘[01m[Ksubscription_[m[K’ does not name a type; did you mean ‘[01m[Krmw_subscription_t[m[K’?
   81 |   rclcpp::Subscription<turtlesim::msg::Pose>::SharedPtr [01;31m[Ksubscription_[m[K;
      |                                                         [01;31m[K^~~~~~~~~~~~~[m[K
      |                                                         [32m[Krmw_subscription_t[m[K
[01m[K/home/antonio/antonio_ws/Antonio/antonio_description/src/Wheels_odom_tf2_broadcaster.cpp:[m[K In constructor ‘[01m[KFramePublisher::FramePublisher()[m[K’:
[01m[K/home/antonio/antonio_ws/Antonio/antonio_description/src/Wheels_odom_tf2_broadcaster.cpp:45:5:[m[K [01;31m[Kerror: [m[K‘[01m[Ksubscription_[m[K’ was not declared in this scope; did you mean ‘[01m[Krmw_subscription_t[m[K’?
   45 |     [01;31m[Ksubscription_[m[K = this->create_subscription<geometry_msgs::msg::Pose>(
      |     [01;31m[K^~~~~~~~~~~~~[m[K
      |     [32m[Krmw_subscription_t[m[K
[01m[K/home/antonio/antonio_ws/Antonio/antonio_description/src/Wheels_odom_tf2_broadcaster.cpp:[m[K In member function ‘[01m[Kvoid FramePublisher::handle_pose(std::shared_ptr<geometry_msgs::msg::Pose_<std::allocator<void> > >)[m[K’:
[01m[K/home/antonio/antonio_ws/Antonio/antonio_description/src/Wheels_odom_tf2_broadcaster.cpp:63:38:[m[K [01;31m[Kerror: [m[K‘[01m[Kusing element_type = struct geometry_msgs::msg::Pose_<std::allocator<void> >[m[K’ {aka ‘[01m[Kstruct geometry_msgs::msg::Pose_<std::allocator<void> >[m[K’} has no member named ‘[01m[Kx[m[K’
   63 |     t.transform.translation.x = msg->[01;31m[Kx[m[K;
      |                                      [01;31m[K^[m[K
[01m[K/home/antonio/antonio_ws/Antonio/antonio_description/src/Wheels_odom_tf2_broadcaster.cpp:64:38:[m[K [01;31m[Kerror: [m[K‘[01m[Kusing element_type = struct geometry_msgs::msg::Pose_<std::allocator<void> >[m[K’ {aka ‘[01m[Kstruct geometry_msgs::msg::Pose_<std::allocator<void> >[m[K’} has no member named ‘[01m[Ky[m[K’
   64 |     t.transform.translation.y = msg->[01;31m[Ky[m[K;
      |                                      [01;31m[K^[m[K
[01m[K/home/antonio/antonio_ws/Antonio/antonio_description/src/Wheels_odom_tf2_broadcaster.cpp:71:25:[m[K [01;31m[Kerror: [m[K‘[01m[Kusing element_type = struct geometry_msgs::msg::Pose_<std::allocator<void> >[m[K’ {aka ‘[01m[Kstruct geometry_msgs::msg::Pose_<std::allocator<void> >[m[K’} has no member named ‘[01m[Ktheta[m[K’
   71 |     q.setRPY(0, 0, msg->[01;31m[Ktheta[m[K);
      |                         [01;31m[K^~~~~[m[K
gmake[2]: *** [CMakeFiles/Wheels_odom_tf2_broadcaster.dir/build.make:76: CMakeFiles/Wheels_odom_tf2_broadcaster.dir/src/Wheels_odom_tf2_broadcaster.cpp.o] Error 1
gmake[1]: *** [CMakeFiles/Makefile2:137: CMakeFiles/Wheels_odom_tf2_broadcaster.dir/all] Error 2
gmake: *** [Makefile:146: all] Error 2
