[0.123s] Invoking command in '/home/antonio/antonio_ws/Antonio/antonio_description/build/antonio_description': CMAKE_PREFIX_PATH=${CMAKE_PREFIX_PATH}:/opt/ros/humble /usr/bin/cmake --build /home/antonio/antonio_ws/Antonio/antonio_description/build/antonio_description -- -j4 -l4
[0.154s] -- Found ament_cmake: 1.3.6 (/opt/ros/humble/share/ament_cmake/cmake)
[0.364s] -- Found geometry_msgs: 4.2.3 (/opt/ros/humble/share/geometry_msgs/cmake)
[0.419s] -- Found rosidl_generator_c: 3.1.5 (/opt/ros/humble/share/rosidl_generator_c/cmake)
[0.425s] -- Found rosidl_adapter: 3.1.5 (/opt/ros/humble/share/rosidl_adapter/cmake)
[0.434s] -- Found rosidl_generator_cpp: 3.1.5 (/opt/ros/humble/share/rosidl_generator_cpp/cmake)
[0.462s] -- Using all available rosidl_typesupport_c: rosidl_typesupport_fastrtps_c;rosidl_typesupport_introspection_c
[0.503s] -- Using all available rosidl_typesupport_cpp: rosidl_typesupport_fastrtps_cpp;rosidl_typesupport_introspection_cpp
[0.699s] -- Found rclcpp: 16.0.7 (/opt/ros/humble/share/rclcpp/cmake)
[0.787s] -- Found rmw_implementation_cmake: 6.1.1 (/opt/ros/humble/share/rmw_implementation_cmake/cmake)
[0.789s] -- Found rmw_fastrtps_cpp: 6.2.5 (/opt/ros/humble/share/rmw_fastrtps_cpp/cmake)
[0.961s] -- Using RMW implementation 'rmw_fastrtps_cpp' as default
[1.183s] -- Found tf2: 0.25.5 (/opt/ros/humble/share/tf2/cmake)
[1.196s] -- Found tf2_ros: 0.25.5 (/opt/ros/humble/share/tf2_ros/cmake)
[1.784s] -- Found ament_lint_auto: 0.12.9 (/opt/ros/humble/share/ament_lint_auto/cmake)
[2.100s] -- Added test 'cppcheck' to perform static code analysis on C / C++ code
[2.100s] -- Configured cppcheck include dirs: 
[2.100s] -- Configured cppcheck exclude dirs and/or files: 
[2.104s] -- Added test 'flake8' to check Python code syntax and style conventions
[2.110s] -- Added test 'lint_cmake' to check CMake code style
[2.114s] -- Added test 'pep257' to check Python code against some of the docstring style conventions in PEP 257
[2.136s] -- Added test 'uncrustify' to check C / C++ code style
[2.136s] -- Configured uncrustify additional arguments: 
[2.139s] -- Added test 'xmllint' to check XML markup files
[2.143s] -- Configuring done
[2.272s] -- Generating done
[2.275s] -- Build files have been written to: /home/antonio/antonio_ws/Antonio/antonio_description/build/antonio_description
[2.330s] [ 50%] [32mBuilding CXX object CMakeFiles/Wheels_odom_tf2_broadcaster.dir/src/Wheels_odom_tf2_broadcaster.cpp.o[0m
[5.010s] [01m[K/home/antonio/antonio_ws/Antonio/antonio_description/src/Wheels_odom_tf2_broadcaster.cpp:24:10:[m[K [01;31m[Kfatal error: [m[Kturtlesim/msg/pose.hpp: No such file or directory
[5.011s]    24 | #include [01;31m[K"turtlesim/msg/pose.hpp"[m[K
[5.011s]       |          [01;31m[K^~~~~~~~~~~~~~~~~~~~~~~~[m[K
[5.011s] compilation terminated.
[5.018s] gmake[2]: *** [CMakeFiles/Wheels_odom_tf2_broadcaster.dir/build.make:76: CMakeFiles/Wheels_odom_tf2_broadcaster.dir/src/Wheels_odom_tf2_broadcaster.cpp.o] Error 1
[5.018s] gmake[1]: *** [CMakeFiles/Makefile2:137: CMakeFiles/Wheels_odom_tf2_broadcaster.dir/all] Error 2
[5.019s] gmake: *** [Makefile:146: all] Error 2
[5.023s] Invoked command in '/home/antonio/antonio_ws/Antonio/antonio_description/build/antonio_description' returned '2': CMAKE_PREFIX_PATH=${CMAKE_PREFIX_PATH}:/opt/ros/humble /usr/bin/cmake --build /home/antonio/antonio_ws/Antonio/antonio_description/build/antonio_description -- -j4 -l4
