[0.171s] Invoking command in '/home/antonio/antonio_ws/Antonio/antonio_description/build/antonio_description': CMAKE_PREFIX_PATH=${CMAKE_PREFIX_PATH}:/opt/ros/humble /usr/bin/cmake --build /home/antonio/antonio_ws/Antonio/antonio_description/build/antonio_description -- -j4 -l4
[0.547s] -- Found ament_cmake: 1.3.6 (/opt/ros/humble/share/ament_cmake/cmake)
[1.234s] -- Found geometry_msgs: 4.2.3 (/opt/ros/humble/share/geometry_msgs/cmake)
[1.470s] -- Found rosidl_generator_c: 3.1.5 (/opt/ros/humble/share/rosidl_generator_c/cmake)
[1.502s] -- Found rosidl_adapter: 3.1.5 (/opt/ros/humble/share/rosidl_adapter/cmake)
[1.570s] -- Found rosidl_generator_cpp: 3.1.5 (/opt/ros/humble/share/rosidl_generator_cpp/cmake)
[1.644s] -- Using all available rosidl_typesupport_c: rosidl_typesupport_fastrtps_c;rosidl_typesupport_introspection_c
[1.710s] -- Using all available rosidl_typesupport_cpp: rosidl_typesupport_fastrtps_cpp;rosidl_typesupport_introspection_cpp
[2.004s] -- Found nav_msgs: 4.2.3 (/opt/ros/humble/share/nav_msgs/cmake)
[2.166s] -- Found rclcpp: 16.0.7 (/opt/ros/humble/share/rclcpp/cmake)
[2.456s] -- Found rmw_implementation_cmake: 6.1.1 (/opt/ros/humble/share/rmw_implementation_cmake/cmake)
[2.473s] -- Found rmw_fastrtps_cpp: 6.2.5 (/opt/ros/humble/share/rmw_fastrtps_cpp/cmake)
[2.797s] -- Using RMW implementation 'rmw_fastrtps_cpp' as default
[3.216s] -- Found tf2: 0.25.5 (/opt/ros/humble/share/tf2/cmake)
[3.250s] -- Found tf2_ros: 0.25.5 (/opt/ros/humble/share/tf2_ros/cmake)
[4.019s] [31mCMake Error at CMakeLists.txt:15 (find_package):
[4.019s]   By not providing "Findrplidar_ros2.cmake" in CMAKE_MODULE_PATH this project
[4.019s]   has asked CMake to find a package configuration file provided by
[4.020s]   "rplidar_ros2", but CMake did not find one.
[4.020s] 
[4.020s]   Could not find a package configuration file provided by "rplidar_ros2" with
[4.020s]   any of the following names:
[4.021s] 
[4.021s]     rplidar_ros2Config.cmake
[4.021s]     rplidar_ros2-config.cmake
[4.021s] 
[4.021s]   Add the installation prefix of "rplidar_ros2" to CMAKE_PREFIX_PATH or set
[4.021s]   "rplidar_ros2_DIR" to a directory containing one of the above files.  If
[4.021s]   "rplidar_ros2" provides a separate development package or SDK, be sure it
[4.022s]   has been installed.
[4.022s] 
[4.022s] -- Configuring incomplete, errors occurred!
[4.022s] See also "/home/antonio/antonio_ws/Antonio/antonio_description/build/antonio_description/CMakeFiles/CMakeOutput.log".
[4.022s] [0m
[4.032s] gmake: *** [Makefile:267: cmake_check_build_system] Error 1
[4.034s] Invoked command in '/home/antonio/antonio_ws/Antonio/antonio_description/build/antonio_description' returned '2': CMAKE_PREFIX_PATH=${CMAKE_PREFIX_PATH}:/opt/ros/humble /usr/bin/cmake --build /home/antonio/antonio_ws/Antonio/antonio_description/build/antonio_description -- -j4 -l4
