[0.722s] Invoking command in '/home/antonio/antonio_ws/Antonio/antonio_description/build/antonio_description': CMAKE_PREFIX_PATH=${CMAKE_PREFIX_PATH}:/opt/ros/humble /usr/bin/cmake --build /home/antonio/antonio_ws/Antonio/antonio_description/build/antonio_description -- -j4 -l4
[2.328s] [35m[1mConsolidate compiler generated dependencies of target Wheels_odom_tf2_broadcaster[0m
[3.159s] [100%] Built target Wheels_odom_tf2_broadcaster
[3.172s] Invoked command in '/home/antonio/antonio_ws/Antonio/antonio_description/build/antonio_description' returned '0': CMAKE_PREFIX_PATH=${CMAKE_PREFIX_PATH}:/opt/ros/humble /usr/bin/cmake --build /home/antonio/antonio_ws/Antonio/antonio_description/build/antonio_description -- -j4 -l4
[3.215s] Invoking command in '/home/antonio/antonio_ws/Antonio/antonio_description/build/antonio_description': CMAKE_PREFIX_PATH=${CMAKE_PREFIX_PATH}:/opt/ros/humble /usr/bin/cmake --install /home/antonio/antonio_ws/Antonio/antonio_description/build/antonio_description
[3.355s] -- Install configuration: ""
[3.404s] -- Execute custom install script
[3.562s] -- Up-to-date symlink: /home/antonio/antonio_ws/Antonio/antonio_description/install/antonio_description/share/antonio_description/src/Wheels_odom_tf2_broadcaster.cpp
[3.563s] -- Up-to-date symlink: /home/antonio/antonio_ws/Antonio/antonio_description/install/antonio_description/share/antonio_description/src/description/antonio_description.urdf
[3.564s] -- Up-to-date symlink: /home/antonio/antonio_ws/Antonio/antonio_description/install/antonio_description/share/antonio_description/src/rplidar_ros2/.git/FETCH_HEAD
[3.565s] -- Up-to-date symlink: /home/antonio/antonio_ws/Antonio/antonio_description/install/antonio_description/share/antonio_description/src/rplidar_ros2/.git/HEAD
[3.566s] -- Up-to-date symlink: /home/antonio/antonio_ws/Antonio/antonio_description/install/antonio_description/share/antonio_description/src/rplidar_ros2/.git/config
[3.567s] -- Up-to-date symlink: /home/antonio/antonio_ws/Antonio/antonio_description/install/antonio_description/share/antonio_description/src/rplidar_ros2/.git/description
[3.571s] -- Up-to-date symlink: /home/antonio/antonio_ws/Antonio/antonio_description/install/antonio_description/share/antonio_description/src/rplidar_ros2/.git/hooks/applypatch-msg.sample
[3.572s] -- Up-to-date symlink: /home/antonio/antonio_ws/Antonio/antonio_description/install/antonio_description/share/antonio_description/src/rplidar_ros2/.git/hooks/commit-msg.sample
[3.573s] -- Up-to-date symlink: /home/antonio/antonio_ws/Antonio/antonio_description/install/antonio_description/share/antonio_description/src/rplidar_ros2/.git/hooks/fsmonitor-watchman.sample
[3.574s] -- Up-to-date symlink: /home/antonio/antonio_ws/Antonio/antonio_description/install/antonio_description/share/antonio_description/src/rplidar_ros2/.git/hooks/post-update.sample
[3.646s] -- Up-to-date symlink: /home/antonio/antonio_ws/Antonio/antonio_description/install/antonio_description/share/antonio_description/src/rplidar_ros2/.git/hooks/pre-applypatch.sample
[3.648s] -- Up-to-date symlink: /home/antonio/antonio_ws/Antonio/antonio_description/install/antonio_description/share/antonio_description/src/rplidar_ros2/.git/hooks/pre-commit.sample
[3.654s] -- Up-to-date symlink: /home/antonio/antonio_ws/Antonio/antonio_description/install/antonio_description/share/antonio_description/src/rplidar_ros2/.git/hooks/pre-merge-commit.sample
[3.655s] -- Up-to-date symlink: /home/antonio/antonio_ws/Antonio/antonio_description/install/antonio_description/share/antonio_description/src/rplidar_ros2/.git/hooks/pre-push.sample
[3.656s] -- Up-to-date symlink: /home/antonio/antonio_ws/Antonio/antonio_description/install/antonio_description/share/antonio_description/src/rplidar_ros2/.git/hooks/pre-rebase.sample
[3.671s] -- Up-to-date symlink: /home/antonio/antonio_ws/Antonio/antonio_description/install/antonio_description/share/antonio_description/src/rplidar_ros2/.git/hooks/pre-receive.sample
[3.672s] -- Up-to-date symlink: /home/antonio/antonio_ws/Antonio/antonio_description/install/antonio_description/share/antonio_description/src/rplidar_ros2/.git/hooks/prepare-commit-msg.sample
[3.676s] -- Up-to-date symlink: /home/antonio/antonio_ws/Antonio/antonio_description/install/antonio_description/share/antonio_description/src/rplidar_ros2/.git/hooks/push-to-checkout.sample
[3.677s] -- Up-to-date symlink: /home/antonio/antonio_ws/Antonio/antonio_description/install/antonio_description/share/antonio_description/src/rplidar_ros2/.git/hooks/update.sample
[3.678s] -- Up-to-date symlink: /home/antonio/antonio_ws/Antonio/antonio_description/install/antonio_description/share/antonio_description/src/rplidar_ros2/.git/index
[3.680s] -- Up-to-date symlink: /home/antonio/antonio_ws/Antonio/antonio_description/install/antonio_description/share/antonio_description/src/rplidar_ros2/.git/info/exclude
[3.682s] -- Up-to-date symlink: /home/antonio/antonio_ws/Antonio/antonio_description/install/antonio_description/share/antonio_description/src/rplidar_ros2/.git/logs/HEAD
[3.686s] -- Up-to-date symlink: /home/antonio/antonio_ws/Antonio/antonio_description/install/antonio_description/share/antonio_description/src/rplidar_ros2/.git/logs/refs/heads/ros2
[3.689s] -- Up-to-date symlink: /home/antonio/antonio_ws/Antonio/antonio_description/install/antonio_description/share/antonio_description/src/rplidar_ros2/.git/logs/refs/remotes/origin/HEAD
[3.691s] -- Up-to-date symlink: /home/antonio/antonio_ws/Antonio/antonio_description/install/antonio_description/share/antonio_description/src/rplidar_ros2/.git/objects/pack/pack-400e6c25f58ef5991c4a2a00f2b38d071276b907.idx
[3.692s] -- Up-to-date symlink: /home/antonio/antonio_ws/Antonio/antonio_description/install/antonio_description/share/antonio_description/src/rplidar_ros2/.git/objects/pack/pack-400e6c25f58ef5991c4a2a00f2b38d071276b907.pack
[3.693s] -- Up-to-date symlink: /home/antonio/antonio_ws/Antonio/antonio_description/install/antonio_description/share/antonio_description/src/rplidar_ros2/.git/objects/pack/pack-e16675e99140ead924424ea9321b1b862b2ff969.idx
[3.694s] -- Up-to-date symlink: /home/antonio/antonio_ws/Antonio/antonio_description/install/antonio_description/share/antonio_description/src/rplidar_ros2/.git/objects/pack/pack-e16675e99140ead924424ea9321b1b862b2ff969.pack
[3.694s] -- Up-to-date symlink: /home/antonio/antonio_ws/Antonio/antonio_description/install/antonio_description/share/antonio_description/src/rplidar_ros2/.git/packed-refs
[3.696s] -- Up-to-date symlink: /home/antonio/antonio_ws/Antonio/antonio_description/install/antonio_description/share/antonio_description/src/rplidar_ros2/.git/refs/heads/ros2
[3.698s] -- Up-to-date symlink: /home/antonio/antonio_ws/Antonio/antonio_description/install/antonio_description/share/antonio_description/src/rplidar_ros2/.git/refs/remotes/origin/HEAD
[3.710s] -- Up-to-date symlink: /home/antonio/antonio_ws/Antonio/antonio_description/install/antonio_description/share/antonio_description/src/rplidar_ros2/.gitignore
[3.710s] -- Up-to-date symlink: /home/antonio/antonio_ws/Antonio/antonio_description/install/antonio_description/share/antonio_description/src/rplidar_ros2/CHANGELOG.rst
[3.711s] -- Up-to-date symlink: /home/antonio/antonio_ws/Antonio/antonio_description/install/antonio_description/share/antonio_description/src/rplidar_ros2/CMakeLists.txt
[3.711s] -- Up-to-date symlink: /home/antonio/antonio_ws/Antonio/antonio_description/install/antonio_description/share/antonio_description/src/rplidar_ros2/LICENSE
[3.712s] -- Up-to-date symlink: /home/antonio/antonio_ws/Antonio/antonio_description/install/antonio_description/share/antonio_description/src/rplidar_ros2/README.md
[3.713s] -- Up-to-date symlink: /home/antonio/antonio_ws/Antonio/antonio_description/install/antonio_description/share/antonio_description/src/rplidar_ros2/include/rplidar_node.hpp
[3.714s] -- Up-to-date symlink: /home/antonio/antonio_ws/Antonio/antonio_description/install/antonio_description/share/antonio_description/src/rplidar_ros2/include/visibility.h
[3.717s] -- Up-to-date symlink: /home/antonio/antonio_ws/Antonio/antonio_description/install/antonio_description/share/antonio_description/src/rplidar_ros2/launch/rplidar.launch.py
[3.717s] -- Up-to-date symlink: /home/antonio/antonio_ws/Antonio/antonio_description/install/antonio_description/share/antonio_description/src/rplidar_ros2/launch/rplidar_a3.launch.py
[3.718s] -- Up-to-date symlink: /home/antonio/antonio_ws/Antonio/antonio_description/install/antonio_description/share/antonio_description/src/rplidar_ros2/launch/rplidar_s1.launch.py
[3.718s] -- Up-to-date symlink: /home/antonio/antonio_ws/Antonio/antonio_description/install/antonio_description/share/antonio_description/src/rplidar_ros2/launch/rplidar_s1_tcp.launch.py
[3.729s] -- Up-to-date symlink: /home/antonio/antonio_ws/Antonio/antonio_description/install/antonio_description/share/antonio_description/src/rplidar_ros2/launch/test_rplidar_a3.launch.py
[3.730s] -- Up-to-date symlink: /home/antonio/antonio_ws/Antonio/antonio_description/install/antonio_description/share/antonio_description/src/rplidar_ros2/launch/view_rplidar.launch.py
[3.734s] -- Up-to-date symlink: /home/antonio/antonio_ws/Antonio/antonio_description/install/antonio_description/share/antonio_description/src/rplidar_ros2/launch/view_rplidar_a3.launch.py
[3.735s] -- Up-to-date symlink: /home/antonio/antonio_ws/Antonio/antonio_description/install/antonio_description/share/antonio_description/src/rplidar_ros2/launch/view_rplidar_s1.launch.py
[3.735s] -- Up-to-date symlink: /home/antonio/antonio_ws/Antonio/antonio_description/install/antonio_description/share/antonio_description/src/rplidar_ros2/launch/view_rplidar_s1_tcp.launch.py
[3.745s] -- Up-to-date symlink: /home/antonio/antonio_ws/Antonio/antonio_description/install/antonio_description/share/antonio_description/src/rplidar_ros2/package.xml
[3.747s] -- Up-to-date symlink: /home/antonio/antonio_ws/Antonio/antonio_description/install/antonio_description/share/antonio_description/src/rplidar_ros2/rplidar_A1.png
[3.749s] -- Up-to-date symlink: /home/antonio/antonio_ws/Antonio/antonio_description/install/antonio_description/share/antonio_description/src/rplidar_ros2/rplidar_A2.png
[3.750s] -- Up-to-date symlink: /home/antonio/antonio_ws/Antonio/antonio_description/install/antonio_description/share/antonio_description/src/rplidar_ros2/rviz/rplidar.rviz
[3.751s] -- Up-to-date symlink: /home/antonio/antonio_ws/Antonio/antonio_description/install/antonio_description/share/antonio_description/src/rplidar_ros2/scripts/create_udev_rules.sh
[3.751s] -- Up-to-date symlink: /home/antonio/antonio_ws/Antonio/antonio_description/install/antonio_description/share/antonio_description/src/rplidar_ros2/scripts/delete_udev_rules.sh
[3.753s] -- Up-to-date symlink: /home/antonio/antonio_ws/Antonio/antonio_description/install/antonio_description/share/antonio_description/src/rplidar_ros2/scripts/rplidar.rules
[3.753s] -- Up-to-date symlink: /home/antonio/antonio_ws/Antonio/antonio_description/install/antonio_description/share/antonio_description/src/rplidar_ros2/sdk/README.txt
[3.754s] -- Up-to-date symlink: /home/antonio/antonio_ws/Antonio/antonio_description/install/antonio_description/share/antonio_description/src/rplidar_ros2/sdk/include/rplidar.h
[3.755s] -- Up-to-date symlink: /home/antonio/antonio_ws/Antonio/antonio_description/install/antonio_description/share/antonio_description/src/rplidar_ros2/sdk/include/rplidar_cmd.h
[3.756s] -- Up-to-date symlink: /home/antonio/antonio_ws/Antonio/antonio_description/install/antonio_description/share/antonio_description/src/rplidar_ros2/sdk/include/rplidar_driver.h
[3.757s] -- Up-to-date symlink: /home/antonio/antonio_ws/Antonio/antonio_description/install/antonio_description/share/antonio_description/src/rplidar_ros2/sdk/include/rplidar_protocol.h
[3.759s] -- Up-to-date symlink: /home/antonio/antonio_ws/Antonio/antonio_description/install/antonio_description/share/antonio_description/src/rplidar_ros2/sdk/include/rptypes.h
[3.762s] -- Up-to-date symlink: /home/antonio/antonio_ws/Antonio/antonio_description/install/antonio_description/share/antonio_description/src/rplidar_ros2/sdk/src/arch/linux/arch_linux.h
[3.763s] -- Up-to-date symlink: /home/antonio/antonio_ws/Antonio/antonio_description/install/antonio_description/share/antonio_description/src/rplidar_ros2/sdk/src/arch/linux/net_serial.cpp
[3.763s] -- Up-to-date symlink: /home/antonio/antonio_ws/Antonio/antonio_description/install/antonio_description/share/antonio_description/src/rplidar_ros2/sdk/src/arch/linux/net_serial.h
[3.764s] -- Up-to-date symlink: /home/antonio/antonio_ws/Antonio/antonio_description/install/antonio_description/share/antonio_description/src/rplidar_ros2/sdk/src/arch/linux/net_socket.cpp
[3.764s] -- Up-to-date symlink: /home/antonio/antonio_ws/Antonio/antonio_description/install/antonio_description/share/antonio_description/src/rplidar_ros2/sdk/src/arch/linux/thread.hpp
[3.765s] -- Up-to-date symlink: /home/antonio/antonio_ws/Antonio/antonio_description/install/antonio_description/share/antonio_description/src/rplidar_ros2/sdk/src/arch/linux/timer.cpp
[3.765s] -- Up-to-date symlink: /home/antonio/antonio_ws/Antonio/antonio_description/install/antonio_description/share/antonio_description/src/rplidar_ros2/sdk/src/arch/linux/timer.h
[3.766s] -- Up-to-date symlink: /home/antonio/antonio_ws/Antonio/antonio_description/install/antonio_description/share/antonio_description/src/rplidar_ros2/sdk/src/arch/macOS/arch_macOS.h
[3.767s] -- Up-to-date symlink: /home/antonio/antonio_ws/Antonio/antonio_description/install/antonio_description/share/antonio_description/src/rplidar_ros2/sdk/src/arch/macOS/net_serial.cpp
[3.767s] -- Up-to-date symlink: /home/antonio/antonio_ws/Antonio/antonio_description/install/antonio_description/share/antonio_description/src/rplidar_ros2/sdk/src/arch/macOS/net_serial.h
[3.768s] -- Up-to-date symlink: /home/antonio/antonio_ws/Antonio/antonio_description/install/antonio_description/share/antonio_description/src/rplidar_ros2/sdk/src/arch/macOS/net_socket.cpp
[3.829s] -- Up-to-date symlink: /home/antonio/antonio_ws/Antonio/antonio_description/install/antonio_description/share/antonio_description/src/rplidar_ros2/sdk/src/arch/macOS/thread.hpp
[3.830s] -- Up-to-date symlink: /home/antonio/antonio_ws/Antonio/antonio_description/install/antonio_description/share/antonio_description/src/rplidar_ros2/sdk/src/arch/macOS/timer.cpp
[3.832s] -- Up-to-date symlink: /home/antonio/antonio_ws/Antonio/antonio_description/install/antonio_description/share/antonio_description/src/rplidar_ros2/sdk/src/arch/macOS/timer.h
[3.833s] -- Up-to-date symlink: /home/antonio/antonio_ws/Antonio/antonio_description/install/antonio_description/share/antonio_description/src/rplidar_ros2/sdk/src/arch/win32/arch_win32.h
[3.834s] -- Up-to-date symlink: /home/antonio/antonio_ws/Antonio/antonio_description/install/antonio_description/share/antonio_description/src/rplidar_ros2/sdk/src/arch/win32/net_serial.cpp
[3.834s] -- Up-to-date symlink: /home/antonio/antonio_ws/Antonio/antonio_description/install/antonio_description/share/antonio_description/src/rplidar_ros2/sdk/src/arch/win32/net_serial.h
[3.835s] -- Up-to-date symlink: /home/antonio/antonio_ws/Antonio/antonio_description/install/antonio_description/share/antonio_description/src/rplidar_ros2/sdk/src/arch/win32/net_socket.cpp
[3.847s] -- Up-to-date symlink: /home/antonio/antonio_ws/Antonio/antonio_description/install/antonio_description/share/antonio_description/src/rplidar_ros2/sdk/src/arch/win32/timer.cpp
[3.848s] -- Up-to-date symlink: /home/antonio/antonio_ws/Antonio/antonio_description/install/antonio_description/share/antonio_description/src/rplidar_ros2/sdk/src/arch/win32/timer.h
[3.849s] -- Up-to-date symlink: /home/antonio/antonio_ws/Antonio/antonio_description/install/antonio_description/share/antonio_description/src/rplidar_ros2/sdk/src/arch/win32/winthread.hpp
[3.851s] -- Up-to-date symlink: /home/antonio/antonio_ws/Antonio/antonio_description/install/antonio_description/share/antonio_description/src/rplidar_ros2/sdk/src/hal/abs_rxtx.h
[3.851s] -- Up-to-date symlink: /home/antonio/antonio_ws/Antonio/antonio_description/install/antonio_description/share/antonio_description/src/rplidar_ros2/sdk/src/hal/assert.h
[3.852s] -- Up-to-date symlink: /home/antonio/antonio_ws/Antonio/antonio_description/install/antonio_description/share/antonio_description/src/rplidar_ros2/sdk/src/hal/byteops.h
[3.853s] -- Up-to-date symlink: /home/antonio/antonio_ws/Antonio/antonio_description/install/antonio_description/share/antonio_description/src/rplidar_ros2/sdk/src/hal/event.h
[3.854s] -- Up-to-date symlink: /home/antonio/antonio_ws/Antonio/antonio_description/install/antonio_description/share/antonio_description/src/rplidar_ros2/sdk/src/hal/locker.h
[3.854s] -- Up-to-date symlink: /home/antonio/antonio_ws/Antonio/antonio_description/install/antonio_description/share/antonio_description/src/rplidar_ros2/sdk/src/hal/socket.h
[3.855s] -- Up-to-date symlink: /home/antonio/antonio_ws/Antonio/antonio_description/install/antonio_description/share/antonio_description/src/rplidar_ros2/sdk/src/hal/thread.cpp
[3.855s] -- Up-to-date symlink: /home/antonio/antonio_ws/Antonio/antonio_description/install/antonio_description/share/antonio_description/src/rplidar_ros2/sdk/src/hal/thread.h
[3.914s] -- Up-to-date symlink: /home/antonio/antonio_ws/Antonio/antonio_description/install/antonio_description/share/antonio_description/src/rplidar_ros2/sdk/src/hal/types.h
[3.916s] -- Up-to-date symlink: /home/antonio/antonio_ws/Antonio/antonio_description/install/antonio_description/share/antonio_description/src/rplidar_ros2/sdk/src/hal/util.h
[3.923s] -- Up-to-date symlink: /home/antonio/antonio_ws/Antonio/antonio_description/install/antonio_description/share/antonio_description/src/rplidar_ros2/sdk/src/rplidar_driver.cpp
[3.923s] -- Up-to-date symlink: /home/antonio/antonio_ws/Antonio/antonio_description/install/antonio_description/share/antonio_description/src/rplidar_ros2/sdk/src/rplidar_driver_TCP.h
[3.924s] -- Up-to-date symlink: /home/antonio/antonio_ws/Antonio/antonio_description/install/antonio_description/share/antonio_description/src/rplidar_ros2/sdk/src/rplidar_driver_impl.h
[3.924s] -- Up-to-date symlink: /home/antonio/antonio_ws/Antonio/antonio_description/install/antonio_description/share/antonio_description/src/rplidar_ros2/sdk/src/rplidar_driver_serial.h
[3.940s] -- Up-to-date symlink: /home/antonio/antonio_ws/Antonio/antonio_description/install/antonio_description/share/antonio_description/src/rplidar_ros2/sdk/src/sdkcommon.h
[3.941s] -- Up-to-date symlink: /home/antonio/antonio_ws/Antonio/antonio_description/install/antonio_description/share/antonio_description/src/rplidar_ros2/src/rplidar_node.cpp
[3.947s] -- Up-to-date symlink: /home/antonio/antonio_ws/Antonio/antonio_description/install/antonio_description/share/antonio_description/src/rplidar_ros2/src/standalone_rplidar.cpp
[3.949s] -- Symlinking: /home/antonio/antonio_ws/Antonio/antonio_description/install/antonio_description/share/antonio_description/launch/__pycache__/display.launch.cpython-310.pyc
[3.992s] -- Up-to-date symlink: /home/antonio/antonio_ws/Antonio/antonio_description/install/antonio_description/share/antonio_description/launch/display.launch.py
[3.995s] -- Up-to-date symlink: /home/antonio/antonio_ws/Antonio/antonio_description/install/antonio_description/share/antonio_description/rviz/urdf_config.rviz
[3.996s] -- Up-to-date symlink: /home/antonio/antonio_ws/Antonio/antonio_description/install/antonio_description/share/antonio_description/config/ekf.yaml
[3.997s] -- Up-to-date symlink: /home/antonio/antonio_ws/Antonio/antonio_description/install/antonio_description/share/antonio_description/config/nav2_params.yaml
[4.001s] -- Up-to-date symlink: /home/antonio/antonio_ws/Antonio/antonio_description/install/antonio_description/share/antonio_description/world/antonio_world.sdf
[4.058s] -- Up-to-date symlink: /home/antonio/antonio_ws/Antonio/antonio_description/install/antonio_description/lib/antonio_description/Wheels_odom_tf2_broadcaster
[4.058s] -- Up-to-date symlink: /home/antonio/antonio_ws/Antonio/antonio_description/install/antonio_description/share/ament_index/resource_index/package_run_dependencies/antonio_description
[4.059s] -- Up-to-date symlink: /home/antonio/antonio_ws/Antonio/antonio_description/install/antonio_description/share/ament_index/resource_index/parent_prefix_path/antonio_description
[4.060s] -- Up-to-date symlink: /home/antonio/antonio_ws/Antonio/antonio_description/install/antonio_description/share/antonio_description/environment/ament_prefix_path.sh
[4.061s] -- Up-to-date symlink: /home/antonio/antonio_ws/Antonio/antonio_description/install/antonio_description/share/antonio_description/environment/ament_prefix_path.dsv
[4.062s] -- Up-to-date symlink: /home/antonio/antonio_ws/Antonio/antonio_description/install/antonio_description/share/antonio_description/environment/path.sh
[4.063s] -- Up-to-date symlink: /home/antonio/antonio_ws/Antonio/antonio_description/install/antonio_description/share/antonio_description/environment/path.dsv
[4.064s] -- Up-to-date symlink: /home/antonio/antonio_ws/Antonio/antonio_description/install/antonio_description/share/antonio_description/local_setup.bash
[4.065s] -- Up-to-date symlink: /home/antonio/antonio_ws/Antonio/antonio_description/install/antonio_description/share/antonio_description/local_setup.sh
[4.081s] -- Up-to-date symlink: /home/antonio/antonio_ws/Antonio/antonio_description/install/antonio_description/share/antonio_description/local_setup.zsh
[4.082s] -- Up-to-date symlink: /home/antonio/antonio_ws/Antonio/antonio_description/install/antonio_description/share/antonio_description/local_setup.dsv
[4.082s] -- Symlinking: /home/antonio/antonio_ws/Antonio/antonio_description/install/antonio_description/share/antonio_description/package.dsv
[4.098s] -- Up-to-date symlink: /home/antonio/antonio_ws/Antonio/antonio_description/install/antonio_description/share/ament_index/resource_index/packages/antonio_description
[4.099s] -- Up-to-date symlink: /home/antonio/antonio_ws/Antonio/antonio_description/install/antonio_description/share/antonio_description/cmake/antonio_descriptionConfig.cmake
[4.099s] -- Up-to-date symlink: /home/antonio/antonio_ws/Antonio/antonio_description/install/antonio_description/share/antonio_description/cmake/antonio_descriptionConfig-version.cmake
[4.100s] -- Up-to-date symlink: /home/antonio/antonio_ws/Antonio/antonio_description/install/antonio_description/share/antonio_description/package.xml
[4.103s] Invoked command in '/home/antonio/antonio_ws/Antonio/antonio_description/build/antonio_description' returned '0': CMAKE_PREFIX_PATH=${CMAKE_PREFIX_PATH}:/opt/ros/humble /usr/bin/cmake --install /home/antonio/antonio_ws/Antonio/antonio_description/build/antonio_description
