[0.111s] Invoking command in '/home/antonio/antonio_ws/Antonio/antonio_description/build/antonio_description': CMAKE_PREFIX_PATH=${CMAKE_PREFIX_PATH}:/opt/ros/humble /usr/bin/cmake /home/antonio/antonio_ws/Antonio/antonio_description -DAMENT_CMAKE_SYMLINK_INSTALL=1 -DCMAKE_INSTALL_PREFIX=/home/antonio/antonio_ws/Antonio/antonio_description/install/antonio_description
[0.130s] -- Found ament_cmake: 1.3.6 (/opt/ros/humble/share/ament_cmake/cmake)
[0.313s] -- Override CMake install command with custom implementation using symlinks instead of copying resources
[0.379s] -- Found geometry_msgs: 4.2.3 (/opt/ros/humble/share/geometry_msgs/cmake)
[0.413s] -- Found rosidl_generator_c: 3.1.5 (/opt/ros/humble/share/rosidl_generator_c/cmake)
[0.417s] -- Found rosidl_adapter: 3.1.5 (/opt/ros/humble/share/rosidl_adapter/cmake)
[0.426s] -- Found rosidl_generator_cpp: 3.1.5 (/opt/ros/humble/share/rosidl_generator_cpp/cmake)
[0.443s] -- Using all available rosidl_typesupport_c: rosidl_typesupport_fastrtps_c;rosidl_typesupport_introspection_c
[0.467s] -- Using all available rosidl_typesupport_cpp: rosidl_typesupport_fastrtps_cpp;rosidl_typesupport_introspection_cpp
[0.641s] -- Found nav_msgs: 4.2.3 (/opt/ros/humble/share/nav_msgs/cmake)
[0.793s] -- Found rclcpp: 16.0.7 (/opt/ros/humble/share/rclcpp/cmake)
[0.862s] -- Found rmw_implementation_cmake: 6.1.1 (/opt/ros/humble/share/rmw_implementation_cmake/cmake)
[0.864s] -- Found rmw_fastrtps_cpp: 6.2.5 (/opt/ros/humble/share/rmw_fastrtps_cpp/cmake)
[1.022s] -- Using RMW implementation 'rmw_fastrtps_cpp' as default
[1.213s] -- Found tf2: 0.25.5 (/opt/ros/humble/share/tf2/cmake)
[1.224s] -- Found tf2_ros: 0.25.5 (/opt/ros/humble/share/tf2_ros/cmake)
[1.710s] [31mCMake Error at CMakeLists.txt:15 (find_package):
[1.710s]   By not providing "Findrplidar_ros2.cmake" in CMAKE_MODULE_PATH this project
[1.710s]   has asked CMake to find a package configuration file provided by
[1.710s]   "rplidar_ros2", but CMake did not find one.
[1.710s] 
[1.711s]   Could not find a package configuration file provided by "rplidar_ros2" with
[1.711s]   any of the following names:
[1.711s] 
[1.711s]     rplidar_ros2Config.cmake
[1.711s]     rplidar_ros2-config.cmake
[1.711s] 
[1.712s]   Add the installation prefix of "rplidar_ros2" to CMAKE_PREFIX_PATH or set
[1.712s]   "rplidar_ros2_DIR" to a directory containing one of the above files.  If
[1.712s]   "rplidar_ros2" provides a separate development package or SDK, be sure it
[1.712s]   has been installed.
[1.712s] 
[1.712s] [0m
[1.713s] -- Configuring incomplete, errors occurred!
[1.713s] See also "/home/antonio/antonio_ws/Antonio/antonio_description/build/antonio_description/CMakeFiles/CMakeOutput.log".
[1.722s] Invoked command in '/home/antonio/antonio_ws/Antonio/antonio_description/build/antonio_description' returned '1': CMAKE_PREFIX_PATH=${CMAKE_PREFIX_PATH}:/opt/ros/humble /usr/bin/cmake /home/antonio/antonio_ws/Antonio/antonio_description -DAMENT_CMAKE_SYMLINK_INSTALL=1 -DCMAKE_INSTALL_PREFIX=/home/antonio/antonio_ws/Antonio/antonio_description/install/antonio_description
